#
# A fatal error has been detected by the Java Runtime Environment:
#
#  SIGSEGV (0xb) at pc=0x00007f30d86e1e30, pid=11284, tid=0x00007f308bfff700
#
# JRE version: OpenJDK Runtime Environment (8.0_171-b11) (build 1.8.0_171-8u171-b11-0ubuntu0.17.10.1-b11)
# Java VM: OpenJDK 64-Bit Server VM (25.171-b11 mixed mode linux-amd64 compressed oops)
# Problematic frame:
# C  [liblwjgl.so+0x3de30]
#
# Failed to write core dump. Core dumps have been disabled. To enable core dumping, try "ulimit -c unlimited" before starting Java again
#
# If you would like to submit a bug report, please visit:
#   http://bugreport.java.com/bugreport/crash.jsp
# The crash happened outside the Java Virtual Machine in native code.
# See problematic frame for where to report the bug.
#

---------------  T H R E A D  ---------------

Current thread (0x00007f3094010800):  JavaThread "nREPL-worker-2" daemon [_thread_in_native, id=11556, stack(0x00007f308beff000,0x00007f308c000000)]

siginfo: si_signo: 11 (SIGSEGV), si_code: 1 (SEGV_MAPERR), si_addr: 0x00007f30d803e020

Registers:
RAX=0x00007f30d86d37a0, RBX=0x00007f30a01a61c0, RCX=0x0000000000000018, RDX=0x00007f30d803e000
RSP=0x00007f308bffd7c8, RBP=0x00007f308bffd820, RSI=0x00007f308bffd830, RDI=0x00007f30d803e000
R8 =0x00007f30940043d0, R9 =0x00007f30d96c1810, R10=0x00007f30dd0183db, R11=0x00007f30f3d6dc00
R12=0x0000000000000000, R13=0x00007f30a01a61c0, R14=0x00007f308bffd848, R15=0x00007f3094010800
RIP=0x00007f30d86e1e30, EFLAGS=0x0000000000010287, CSGSFS=0x002b000000000033, ERR=0x0000000000000004
  TRAPNO=0x000000000000000e

Top of Stack: (sp=0x00007f308bffd7c8)
0x00007f308bffd7c8:   00007f30dd018407 00007f30ec16c9c0
0x00007f308bffd7d8:   00007f30d96c17e0 00007f308bffd7e0
0x00007f308bffd7e8:   0000000000000000 00007f308bffd848
0x00007f308bffd7f8:   00007f30a01a7a88 0000000000000000
0x00007f308bffd808:   00007f30a01a61c0 0000000000000000
0x00007f308bffd818:   00007f308bffd840 00007f308bffd890
0x00007f308bffd828:   00007f30dd007b10 00000000f7b0f670
0x00007f308bffd838:   00007f30dd011a57 00007f30d803e000
0x00007f308bffd848:   0000000000000001 00007f308bffd850
0x00007f308bffd858:   00007f30a01a6264 00007f308bffd8a8
0x00007f308bffd868:   00007f30a01a7a88 0000000000000000
0x00007f308bffd878:   00007f30a01a6290 00007f308bffd840
0x00007f308bffd888:   00007f308bffd8a0 00007f308bffd8f0
0x00007f308bffd898:   00007f30dd007b10 00007f30d803e000
0x00007f308bffd8a8:   00007f30dd0134c2 00007f308bffd8b0
0x00007f308bffd8b8:   00007f30d96c17e9 00007f308bffd908
0x00007f308bffd8c8:   00007f30d8fbd5b8 0000000000000000
0x00007f308bffd8d8:   00007f30d96c1810 00007f308bffd8a0
0x00007f308bffd8e8:   00007f308bffd900 00007f308bffd950
0x00007f308bffd8f8:   00007f30dd007d80 00007f30d803e000
0x00007f308bffd908:   00007f308bffd908 00007f308bffd910
0x00007f308bffd918:   00007f30d96bfb21 00007f308bffd970
0x00007f308bffd928:   00007f30d8fbef28 0000000000000000
0x00007f308bffd938:   00007f30d96bfb68 00007f308bffd900
0x00007f308bffd948:   00007f308bffd968 00007f308bffd9b8
0x00007f308bffd958:   00007f30dd007d80 0000000000000000
0x00007f308bffd968:   00007f30d803e000 00000000f24e0900
0x00007f308bffd978:   00007f308bffd978 00007f30d96b4237
0x00007f308bffd988:   00007f308bffd9c8 00007f30d932f308
0x00007f308bffd998:   0000000000000000 00007f30d96b4260
0x00007f308bffd9a8:   00007f308bffd968 00007f308bffd9c8
0x00007f308bffd9b8:   00007f308bffda10 00007f30dd007d80 

Instructions: (pc=0x00007f30d86e1e30)
0x00007f30d86e1e10:   be 28 00 00 00 e8 46 01 00 00 31 ff eb e4 66 90
0x00007f30d86e1e20:   be 28 00 00 00 e9 36 01 00 00 66 0f 1f 44 00 00
0x00007f30d86e1e30:   48 8b 47 20 c3 0f 1f 00 55 48 89 e5 48 83 ec 40
0x00007f30d86e1e40:   f2 0f 11 7c 24 38 f2 0f 11 74 24 30 f2 0f 11 6c 

Register to memory mapping:

RAX=0x00007f30d86d37a0: Java_org_lwjgl_system_dyncall_DynCallback_ndcbGetUserData+0 in /tmp/lwjglgnome/3.1.5-build-1/liblwjgl.so at 0x00007f30d86a4000
RBX={method} {0x00007f30a01a61c0} 'ndcbGetUserData' '(J)J' in 'org/lwjgl/system/dyncall/DynCallback'
RCX=0x0000000000000018 is an unknown value
RDX=0x00007f30d803e000 is an unknown value
RSP=0x00007f308bffd7c8 is pointing into the stack for thread: 0x00007f3094010800
RBP=0x00007f308bffd820 is pointing into the stack for thread: 0x00007f3094010800
RSI=0x00007f308bffd830 is pointing into the stack for thread: 0x00007f3094010800
RDI=0x00007f30d803e000 is an unknown value
R8 =0x00007f30940043d0 is an unknown value
R9 ={method} {0x00007f30d96c1810} 'get' '(J)Lorg/lwjgl/system/CallbackI;' in 'org/lwjgl/system/Callback'
R10=0x00007f30dd0183db is at code_begin+859 in an Interpreter codelet
method entry point (kind = native)  [0x00007f30dd018080, 0x00007f30dd018a00]  2432 bytes
R11=0x00007f30f3d6dc00: <offset 0x994c00> in /usr/lib/jvm/java-8-openjdk-amd64/jre/lib/amd64/server/libjvm.so at 0x00007f30f33d9000
R12=0x0000000000000000 is an unknown value
R13={method} {0x00007f30a01a61c0} 'ndcbGetUserData' '(J)J' in 'org/lwjgl/system/dyncall/DynCallback'
R14=0x00007f308bffd848 is pointing into the stack for thread: 0x00007f3094010800
R15=0x00007f3094010800 is a thread


Stack: [0x00007f308beff000,0x00007f308c000000],  sp=0x00007f308bffd7c8,  free space=1017k
Native frames: (J=compiled Java code, j=interpreted, Vv=VM code, C=native code)
C  [liblwjgl.so+0x3de30]
j  org.lwjgl.system.dyncall.DynCallback.dcbGetUserData(J)J+12
j  org.lwjgl.system.Callback.get(J)Lorg/lwjgl/system/CallbackI;+9
j  org.lwjgl.glfw.GLFWErrorCallback.create(J)Lorg/lwjgl/glfw/GLFWErrorCallback;+9
j  org.lwjgl.glfw.GLFW.glfwSetErrorCallback(Lorg/lwjgl/glfw/GLFWErrorCallbackI;)Lorg/lwjgl/glfw/GLFWErrorCallback;+7
j  engine.window$init_windowed.invokeStatic(Ljava/lang/Object;Ljava/lang/Object;Ljava/lang/Object;Ljava/lang/Object;)Ljava/lang/Object;+135
j  engine.window$init_windowed.invoke(Ljava/lang/Object;Ljava/lang/Object;Ljava/lang/Object;Ljava/lang/Object;)Ljava/lang/Object;+14
j  engine.core$loop_BANG_.invokeStatic()Ljava/lang/Object;+23
j  engine.core$loop_BANG_.invoke()Ljava/lang/Object;+0
j  engine.core$eval3062.invokeStatic()Ljava/lang/Object;+9
j  engine.core$eval3062.invoke()Ljava/lang/Object;+0
J 1849 C1 clojure.lang.Compiler.eval(Ljava/lang/Object;Z)Ljava/lang/Object; (393 bytes) @ 0x00007f30dd7ef5ec [0x00007f30dd7ea120+0x54cc]
j  clojure.lang.Compiler.eval(Ljava/lang/Object;)Ljava/lang/Object;+2
j  clojure.core$eval.invokeStatic(Ljava/lang/Object;)Ljava/lang/Object;+3
j  clojure.core$eval.invoke(Ljava/lang/Object;)Ljava/lang/Object;+3
j  clojure.main$repl$read_eval_print__7408$fn__7411.invoke()Ljava/lang/Object;+11
j  clojure.main$repl$read_eval_print__7408.invoke()Ljava/lang/Object;+178
j  clojure.main$repl$fn__7417.invoke()Ljava/lang/Object;+7
j  clojure.main$repl.invokeStatic(Lclojure/lang/ISeq;)Ljava/lang/Object;+608
j  clojure.main$repl.doInvoke(Ljava/lang/Object;)Ljava/lang/Object;+6
j  clojure.lang.RestFn.invoke(Ljava/lang/Object;Ljava/lang/Object;Ljava/lang/Object;Ljava/lang/Object;Ljava/lang/Object;Ljava/lang/Object;Ljava/lang/Object;Ljava/lang/Object;Ljava/lang/Object;Ljava/lang/Object;Ljava/lang/Object;Ljava/lang/Object;Ljava/lang/Object;Ljava/lang/Object;)Ljava/lang/Object;+259
j  clojure.tools.nrepl.middleware.interruptible_eval$evaluate$fn__2408.invoke()Ljava/lang/Object;+305
J 2661 C2 clojure.lang.AFn.applyToHelper(Lclojure/lang/IFn;Lclojure/lang/ISeq;)Ljava/lang/Object; (3238 bytes) @ 0x00007f30ddb4ced8 [0x00007f30ddb4c560+0x978]
J 432 C1 clojure.lang.AFn.applyTo(Lclojure/lang/ISeq;)Ljava/lang/Object; (12 bytes) @ 0x00007f30dd24833c [0x00007f30dd248280+0xbc]
J 962 C1 clojure.core$apply.invokeStatic(Ljava/lang/Object;Ljava/lang/Object;)Ljava/lang/Object; (21 bytes) @ 0x00007f30dd3f57b4 [0x00007f30dd3f5560+0x254]
j  clojure.core$with_bindings_STAR_.invokeStatic(Ljava/lang/Object;Ljava/lang/Object;Lclojure/lang/ISeq;)Ljava/lang/Object;+13
j  clojure.core$with_bindings_STAR_.doInvoke(Ljava/lang/Object;Ljava/lang/Object;Ljava/lang/Object;)Ljava/lang/Object;+12
J 2490 C1 clojure.lang.RestFn.invoke(Ljava/lang/Object;Ljava/lang/Object;)Ljava/lang/Object; (119 bytes) @ 0x00007f30dda7675c [0x00007f30dda76680+0xdc]
j  clojure.tools.nrepl.middleware.interruptible_eval$evaluate.invokeStatic(Ljava/lang/Object;Ljava/lang/Object;)Ljava/lang/Object;+703
j  clojure.tools.nrepl.middleware.interruptible_eval$evaluate.invoke(Ljava/lang/Object;Ljava/lang/Object;)Ljava/lang/Object;+6
j  clojure.tools.nrepl.middleware.interruptible_eval$interruptible_eval$fn__2453$fn__2456.invoke()Ljava/lang/Object;+105
j  clojure.tools.nrepl.middleware.interruptible_eval$run_next$fn__2448.invoke()Ljava/lang/Object;+7
j  clojure.lang.AFn.run()V+1
j  java.util.concurrent.ThreadPoolExecutor.runWorker(Ljava/util/concurrent/ThreadPoolExecutor$Worker;)V+95
j  java.util.concurrent.ThreadPoolExecutor$Worker.run()V+5
j  java.lang.Thread.run()V+11
v  ~StubRoutines::call_stub
V  [libjvm.so+0x67d99b]
V  [libjvm.so+0x67b05b]
V  [libjvm.so+0x67b647]
V  [libjvm.so+0x6c143b]
V  [libjvm.so+0xa48c23]
V  [libjvm.so+0xa49052]
V  [libjvm.so+0x8e3b92]
C  [libpthread.so.0+0x77fc]  start_thread+0xdc

Java frames: (J=compiled Java code, j=interpreted, Vv=VM code)
j  org.lwjgl.system.dyncall.DynCallback.ndcbGetUserData(J)J+0
j  org.lwjgl.system.dyncall.DynCallback.dcbGetUserData(J)J+12
j  org.lwjgl.system.Callback.get(J)Lorg/lwjgl/system/CallbackI;+9
j  org.lwjgl.glfw.GLFWErrorCallback.create(J)Lorg/lwjgl/glfw/GLFWErrorCallback;+9
j  org.lwjgl.glfw.GLFW.glfwSetErrorCallback(Lorg/lwjgl/glfw/GLFWErrorCallbackI;)Lorg/lwjgl/glfw/GLFWErrorCallback;+7
j  engine.window$init_windowed.invokeStatic(Ljava/lang/Object;Ljava/lang/Object;Ljava/lang/Object;Ljava/lang/Object;)Ljava/lang/Object;+135
j  engine.window$init_windowed.invoke(Ljava/lang/Object;Ljava/lang/Object;Ljava/lang/Object;Ljava/lang/Object;)Ljava/lang/Object;+14
j  engine.core$loop_BANG_.invokeStatic()Ljava/lang/Object;+23
j  engine.core$loop_BANG_.invoke()Ljava/lang/Object;+0
j  engine.core$eval3062.invokeStatic()Ljava/lang/Object;+9
j  engine.core$eval3062.invoke()Ljava/lang/Object;+0
J 1849 C1 clojure.lang.Compiler.eval(Ljava/lang/Object;Z)Ljava/lang/Object; (393 bytes) @ 0x00007f30dd7ef5ec [0x00007f30dd7ea120+0x54cc]
j  clojure.lang.Compiler.eval(Ljava/lang/Object;)Ljava/lang/Object;+2
j  clojure.core$eval.invokeStatic(Ljava/lang/Object;)Ljava/lang/Object;+3
j  clojure.core$eval.invoke(Ljava/lang/Object;)Ljava/lang/Object;+3
j  clojure.main$repl$read_eval_print__7408$fn__7411.invoke()Ljava/lang/Object;+11
j  clojure.main$repl$read_eval_print__7408.invoke()Ljava/lang/Object;+178
j  clojure.main$repl$fn__7417.invoke()Ljava/lang/Object;+7
j  clojure.main$repl.invokeStatic(Lclojure/lang/ISeq;)Ljava/lang/Object;+608
j  clojure.main$repl.doInvoke(Ljava/lang/Object;)Ljava/lang/Object;+6
j  clojure.lang.RestFn.invoke(Ljava/lang/Object;Ljava/lang/Object;Ljava/lang/Object;Ljava/lang/Object;Ljava/lang/Object;Ljava/lang/Object;Ljava/lang/Object;Ljava/lang/Object;Ljava/lang/Object;Ljava/lang/Object;Ljava/lang/Object;Ljava/lang/Object;Ljava/lang/Object;Ljava/lang/Object;)Ljava/lang/Object;+259
j  clojure.tools.nrepl.middleware.interruptible_eval$evaluate$fn__2408.invoke()Ljava/lang/Object;+305
J 2661 C2 clojure.lang.AFn.applyToHelper(Lclojure/lang/IFn;Lclojure/lang/ISeq;)Ljava/lang/Object; (3238 bytes) @ 0x00007f30ddb4ced8 [0x00007f30ddb4c560+0x978]
J 432 C1 clojure.lang.AFn.applyTo(Lclojure/lang/ISeq;)Ljava/lang/Object; (12 bytes) @ 0x00007f30dd24833c [0x00007f30dd248280+0xbc]
J 962 C1 clojure.core$apply.invokeStatic(Ljava/lang/Object;Ljava/lang/Object;)Ljava/lang/Object; (21 bytes) @ 0x00007f30dd3f57b4 [0x00007f30dd3f5560+0x254]
j  clojure.core$with_bindings_STAR_.invokeStatic(Ljava/lang/Object;Ljava/lang/Object;Lclojure/lang/ISeq;)Ljava/lang/Object;+13
j  clojure.core$with_bindings_STAR_.doInvoke(Ljava/lang/Object;Ljava/lang/Object;Ljava/lang/Object;)Ljava/lang/Object;+12
J 2490 C1 clojure.lang.RestFn.invoke(Ljava/lang/Object;Ljava/lang/Object;)Ljava/lang/Object; (119 bytes) @ 0x00007f30dda7675c [0x00007f30dda76680+0xdc]
j  clojure.tools.nrepl.middleware.interruptible_eval$evaluate.invokeStatic(Ljava/lang/Object;Ljava/lang/Object;)Ljava/lang/Object;+703
j  clojure.tools.nrepl.middleware.interruptible_eval$evaluate.invoke(Ljava/lang/Object;Ljava/lang/Object;)Ljava/lang/Object;+6
j  clojure.tools.nrepl.middleware.interruptible_eval$interruptible_eval$fn__2453$fn__2456.invoke()Ljava/lang/Object;+105
j  clojure.tools.nrepl.middleware.interruptible_eval$run_next$fn__2448.invoke()Ljava/lang/Object;+7
j  clojure.lang.AFn.run()V+1
j  java.util.concurrent.ThreadPoolExecutor.runWorker(Ljava/util/concurrent/ThreadPoolExecutor$Worker;)V+95
j  java.util.concurrent.ThreadPoolExecutor$Worker.run()V+5
j  java.lang.Thread.run()V+11
v  ~StubRoutines::call_stub

---------------  P R O C E S S  ---------------

Java Threads: ( => current thread )
=>0x00007f3094010800 JavaThread "nREPL-worker-2" daemon [_thread_in_native, id=11556, stack(0x00007f308beff000,0x00007f308c000000)]
  0x00007f308c003800 JavaThread "clojure-agent-send-off-pool-4" [_thread_blocked, id=11555, stack(0x00007f30a05fd000,0x00007f30a06fe000)]
  0x00007f30ecc19800 JavaThread "clojure-agent-send-off-pool-3" [_thread_blocked, id=11322, stack(0x00007f30a03fb000,0x00007f30a04fc000)]
  0x00007f30ecc12000 JavaThread "clojure-agent-send-off-pool-2" [_thread_in_native, id=11320, stack(0x00007f30a04fc000,0x00007f30a05fd000)]
  0x00007f30ecbf7800 JavaThread "clojure-agent-send-off-pool-0" [_thread_in_native, id=11318, stack(0x00007f30a06fe000,0x00007f30a07ff000)]
  0x00007f30ec0c5800 JavaThread "Service Thread" daemon [_thread_blocked, id=11305, stack(0x00007f30d998c000,0x00007f30d9a8d000)]
  0x00007f30ec0c2800 JavaThread "C1 CompilerThread2" daemon [_thread_blocked, id=11303, stack(0x00007f30d9a8d000,0x00007f30d9b8e000)]
  0x00007f30ec0c0800 JavaThread "C2 CompilerThread1" daemon [_thread_blocked, id=11301, stack(0x00007f30d9b8e000,0x00007f30d9c8f000)]
  0x00007f30ec0be000 JavaThread "C2 CompilerThread0" daemon [_thread_blocked, id=11300, stack(0x00007f30d9c8f000,0x00007f30d9d90000)]
  0x00007f30ec0bc800 JavaThread "Signal Dispatcher" daemon [_thread_blocked, id=11299, stack(0x00007f30d9d90000,0x00007f30d9e91000)]
  0x00007f30ec08a000 JavaThread "Finalizer" daemon [_thread_blocked, id=11296, stack(0x00007f30da29e000,0x00007f30da39f000)]
  0x00007f30ec085800 JavaThread "Reference Handler" daemon [_thread_blocked, id=11295, stack(0x00007f30da39f000,0x00007f30da4a0000)]
  0x00007f30ec010800 JavaThread "main" [_thread_blocked, id=11286, stack(0x00007f30f5088000,0x00007f30f5189000)]

Other Threads:
  0x00007f30ec07e000 VMThread [stack: 0x00007f30da4a0000,0x00007f30da5a1000] [id=11294]
  0x00007f30ec0c8000 WatcherThread [stack: 0x00007f30d988b000,0x00007f30d998c000] [id=11307]

VM state:not at safepoint (normal execution)

VM Mutex/Monitor currently owned by a thread: None

Heap:
 PSYoungGen      total 181760K, used 110808K [0x00000000ec100000, 0x00000000f8100000, 0x0000000100000000)
  eden space 175616K, 59% used [0x00000000ec100000,0x00000000f2739b20,0x00000000f6c80000)
  from space 6144K, 99% used [0x00000000f7b00000,0x00000000f80fc5a8,0x00000000f8100000)
  to   space 10240K, 0% used [0x00000000f6d00000,0x00000000f6d00000,0x00000000f7700000)
 ParOldGen       total 35840K, used 16972K [0x00000000c4200000, 0x00000000c6500000, 0x00000000ec100000)
  object space 35840K, 47% used [0x00000000c4200000,0x00000000c5293228,0x00000000c6500000)
 Metaspace       used 24661K, capacity 29776K, committed 30080K, reserved 1073152K
  class space    used 4975K, capacity 7006K, committed 7040K, reserved 1048576K

Card table byte_map: [0x00007f30f14b2000,0x00007f30f1692000] byte_map_base: 0x00007f30f0e91000

Marking Bits: (ParMarkBitMap*) 0x00007f30f4339140
 Begin Bits: [0x00007f30db210000, 0x00007f30dc108000)
 End Bits:   [0x00007f30dc108000, 0x00007f30dd000000)

Polling page: 0x00007f30f51a9000

CodeCache: size=245760Kb used=10838Kb max_used=11537Kb free=234922Kb
 bounds [0x00007f30dd000000, 0x00007f30ddbb0000, 0x00007f30ec000000]
 total_blobs=3314 nmethods=2467 adapters=761
 compilation: enabled

Compilation events (10 events):
Event: 142.301 Thread 0x00007f30ec0c0800 3024       4       clojure.core$swap_BANG_::doInvoke (26 bytes)
Event: 142.319 Thread 0x00007f30ec0c0800 nmethod 3024 0x00007f30dd3d5b10 code [0x00007f30dd3d5d00, 0x00007f30dd3d6688]
Event: 143.385 Thread 0x00007f30ec0be000 3025       4       clojure.lang.Numbers$DoubleOps::combine (8 bytes)
Event: 143.386 Thread 0x00007f30ec0be000 nmethod 3025 0x00007f30dd288c90 code [0x00007f30dd288de0, 0x00007f30dd288e78]
Event: 143.386 Thread 0x00007f30ec0c0800 3026       4       clojure.lang.Numbers$DoubleOps::negate (9 bytes)
Event: 143.388 Thread 0x00007f30ec0c0800 nmethod 3026 0x00007f30dd4fd250 code [0x00007f30dd4fd3c0, 0x00007f30dd4fd4d8]
Event: 143.388 Thread 0x00007f30ec0c0800 3027       4       clojure.lang.Numbers$DoubleOps::add (13 bytes)
Event: 143.390 Thread 0x00007f30ec0c0800 nmethod 3027 0x00007f30dd4fce50 code [0x00007f30dd4fcfc0, 0x00007f30dd4fd0f8]
Event: 144.701 Thread 0x00007f30ec0c2800 3028       3       clojure.walk$stringify_keys$fn__7828::invoke (38 bytes)
Event: 144.702 Thread 0x00007f30ec0c2800 nmethod 3028 0x00007f30dd3d4410 code [0x00007f30dd3d45e0, 0x00007f30dd3d4da8]

GC Heap History (10 events):
Event: 5.619 GC heap before
{Heap before GC invocations=5 (full 0):
 PSYoungGen      total 64000K, used 63988K [0x00000000ec100000, 0x00000000f0200000, 0x0000000100000000)
  eden space 61440K, 100% used [0x00000000ec100000,0x00000000efd00000,0x00000000efd00000)
  from space 2560K, 99% used [0x00000000eff80000,0x00000000f01fd0d0,0x00000000f0200000)
  to   space 2560K, 0% used [0x00000000efd00000,0x00000000efd00000,0x00000000eff80000)
 ParOldGen       total 40960K, used 7342K [0x00000000c4200000, 0x00000000c6a00000, 0x00000000ec100000)
  object space 40960K, 17% used [0x00000000c4200000,0x00000000c492ba38,0x00000000c6a00000)
 Metaspace       used 15509K, capacity 17573K, committed 17792K, reserved 1062912K
  class space    used 3244K, capacity 4138K, committed 4224K, reserved 1048576K
Event: 5.649 GC heap after
Heap after GC invocations=5 (full 0):
 PSYoungGen      total 64000K, used 2532K [0x00000000ec100000, 0x00000000f4500000, 0x0000000100000000)
  eden space 61440K, 0% used [0x00000000ec100000,0x00000000ec100000,0x00000000efd00000)
  from space 2560K, 98% used [0x00000000efd00000,0x00000000eff790a0,0x00000000eff80000)
  to   space 6144K, 0% used [0x00000000f3f00000,0x00000000f3f00000,0x00000000f4500000)
 ParOldGen       total 40960K, used 8142K [0x00000000c4200000, 0x00000000c6a00000, 0x00000000ec100000)
  object space 40960K, 19% used [0x00000000c4200000,0x00000000c49f39d8,0x00000000c6a00000)
 Metaspace       used 15509K, capacity 17573K, committed 17792K, reserved 1062912K
  class space    used 3244K, capacity 4138K, committed 4224K, reserved 1048576K
}
Event: 6.802 GC heap before
{Heap before GC invocations=6 (full 0):
 PSYoungGen      total 64000K, used 44128K [0x00000000ec100000, 0x00000000f4500000, 0x0000000100000000)
  eden space 61440K, 67% used [0x00000000ec100000,0x00000000ee99f2f0,0x00000000efd00000)
  from space 2560K, 98% used [0x00000000efd00000,0x00000000eff790a0,0x00000000eff80000)
  to   space 6144K, 0% used [0x00000000f3f00000,0x00000000f3f00000,0x00000000f4500000)
 ParOldGen       total 40960K, used 8142K [0x00000000c4200000, 0x00000000c6a00000, 0x00000000ec100000)
  object space 40960K, 19% used [0x00000000c4200000,0x00000000c49f39d8,0x00000000c6a00000)
 Metaspace       used 18039K, capacity 21213K, committed 21296K, reserved 1064960K
  class space    used 3729K, capacity 5084K, committed 5120K, reserved 1048576K
Event: 6.838 GC heap after
Heap after GC invocations=6 (full 0):
 PSYoungGen      total 129024K, used 3720K [0x00000000ec100000, 0x00000000f4500000, 0x0000000100000000)
  eden space 122880K, 0% used [0x00000000ec100000,0x00000000ec100000,0x00000000f3900000)
  from space 6144K, 60% used [0x00000000f3f00000,0x00000000f42a2208,0x00000000f4500000)
  to   space 6144K, 0% used [0x00000000f3900000,0x00000000f3900000,0x00000000f3f00000)
 ParOldGen       total 40960K, used 8150K [0x00000000c4200000, 0x00000000c6a00000, 0x00000000ec100000)
  object space 40960K, 19% used [0x00000000c4200000,0x00000000c49f59d8,0x00000000c6a00000)
 Metaspace       used 18039K, capacity 21213K, committed 21296K, reserved 1064960K
  class space    used 3729K, capacity 5084K, committed 5120K, reserved 1048576K
}
Event: 6.838 GC heap before
{Heap before GC invocations=7 (full 1):
 PSYoungGen      total 129024K, used 3720K [0x00000000ec100000, 0x00000000f4500000, 0x0000000100000000)
  eden space 122880K, 0% used [0x00000000ec100000,0x00000000ec100000,0x00000000f3900000)
  from space 6144K, 60% used [0x00000000f3f00000,0x00000000f42a2208,0x00000000f4500000)
  to   space 6144K, 0% used [0x00000000f3900000,0x00000000f3900000,0x00000000f3f00000)
 ParOldGen       total 40960K, used 8150K [0x00000000c4200000, 0x00000000c6a00000, 0x00000000ec100000)
  object space 40960K, 19% used [0x00000000c4200000,0x00000000c49f59d8,0x00000000c6a00000)
 Metaspace       used 18039K, capacity 21213K, committed 21296K, reserved 1064960K
  class space    used 3729K, capacity 5084K, committed 5120K, reserved 1048576K
Event: 6.994 GC heap after
Heap after GC invocations=7 (full 1):
 PSYoungGen      total 129024K, used 0K [0x00000000ec100000, 0x00000000f4500000, 0x0000000100000000)
  eden space 122880K, 0% used [0x00000000ec100000,0x00000000ec100000,0x00000000f3900000)
  from space 6144K, 0% used [0x00000000f3f00000,0x00000000f3f00000,0x00000000f4500000)
  to   space 6144K, 0% used [0x00000000f3900000,0x00000000f3900000,0x00000000f3f00000)
 ParOldGen       total 35840K, used 9232K [0x00000000c4200000, 0x00000000c6500000, 0x00000000ec100000)
  object space 35840K, 25% used [0x00000000c4200000,0x00000000c4b04330,0x00000000c6500000)
 Metaspace       used 18039K, capacity 21213K, committed 21296K, reserved 1064960K
  class space    used 3729K, capacity 5084K, committed 5120K, reserved 1048576K
}
Event: 8.866 GC heap before
{Heap before GC invocations=8 (full 1):
 PSYoungGen      total 129024K, used 122880K [0x00000000ec100000, 0x00000000f4500000, 0x0000000100000000)
  eden space 122880K, 100% used [0x00000000ec100000,0x00000000f3900000,0x00000000f3900000)
  from space 6144K, 0% used [0x00000000f3f00000,0x00000000f3f00000,0x00000000f4500000)
  to   space 6144K, 0% used [0x00000000f3900000,0x00000000f3900000,0x00000000f3f00000)
 ParOldGen       total 35840K, used 9232K [0x00000000c4200000, 0x00000000c6500000, 0x00000000ec100000)
  object space 35840K, 25% used [0x00000000c4200000,0x00000000c4b04330,0x00000000c6500000)
 Metaspace       used 22224K, capacity 27014K, committed 27136K, reserved 1069056K
  class space    used 4716K, capacity 6638K, committed 6656K, reserved 1048576K
Event: 8.898 GC heap after
Heap after GC invocations=8 (full 1):
 PSYoungGen      total 129024K, used 4825K [0x00000000ec100000, 0x00000000f8100000, 0x0000000100000000)
  eden space 122880K, 0% used [0x00000000ec100000,0x00000000ec100000,0x00000000f3900000)
  from space 6144K, 78% used [0x00000000f3900000,0x00000000f3db66e8,0x00000000f3f00000)
  to   space 6144K, 0% used [0x00000000f7b00000,0x00000000f7b00000,0x00000000f8100000)
 ParOldGen       total 35840K, used 9240K [0x00000000c4200000, 0x00000000c6500000, 0x00000000ec100000)
  object space 35840K, 25% used [0x00000000c4200000,0x00000000c4b06330,0x00000000c6500000)
 Metaspace       used 22224K, capacity 27014K, committed 27136K, reserved 1069056K
  class space    used 4716K, capacity 6638K, committed 6656K, reserved 1048576K
}
Event: 99.710 GC heap before
{Heap before GC invocations=9 (full 1):
 PSYoungGen      total 129024K, used 127705K [0x00000000ec100000, 0x00000000f8100000, 0x0000000100000000)
  eden space 122880K, 100% used [0x00000000ec100000,0x00000000f3900000,0x00000000f3900000)
  from space 6144K, 78% used [0x00000000f3900000,0x00000000f3db66e8,0x00000000f3f00000)
  to   space 6144K, 0% used [0x00000000f7b00000,0x00000000f7b00000,0x00000000f8100000)
 ParOldGen       total 35840K, used 9240K [0x00000000c4200000, 0x00000000c6500000, 0x00000000ec100000)
  object space 35840K, 25% used [0x00000000c4200000,0x00000000c4b06330,0x00000000c6500000)
 Metaspace       used 24631K, capacity 29762K, committed 30080K, reserved 1073152K
  class space    used 4974K, capacity 7004K, committed 7040K, reserved 1048576K
Event: 99.781 GC heap after
Heap after GC invocations=9 (full 1):
 PSYoungGen      total 181760K, used 6129K [0x00000000ec100000, 0x00000000f8100000, 0x0000000100000000)
  eden space 175616K, 0% used [0x00000000ec100000,0x00000000ec100000,0x00000000f6c80000)
  from space 6144K, 99% used [0x00000000f7b00000,0x00000000f80fc5a8,0x00000000f8100000)
  to   space 10240K, 0% used [0x00000000f6d00000,0x00000000f6d00000,0x00000000f7700000)
 ParOldGen       total 35840K, used 16972K [0x00000000c4200000, 0x00000000c6500000, 0x00000000ec100000)
  object space 35840K, 47% used [0x00000000c4200000,0x00000000c5293228,0x00000000c6500000)
 Metaspace       used 24631K, capacity 29762K, committed 30080K, reserved 1073152K
  class space    used 4974K, capacity 7004K, committed 7040K, reserved 1048576K
}

Deoptimization events (10 events):
Event: 97.593 Thread 0x00007f3094010800 Uncommon trap: reason=class_check action=maybe_recompile pc=0x00007f30dd88b7f0 method=clojure.lang.RT.longCast(Ljava/lang/Object;)J @ 8
Event: 97.593 Thread 0x00007f3094010800 Uncommon trap: reason=class_check action=maybe_recompile pc=0x00007f30dd88b7f0 method=clojure.lang.RT.longCast(Ljava/lang/Object;)J @ 8
Event: 99.480 Thread 0x00007f3094010800 Uncommon trap: reason=null_check action=make_not_entrant pc=0x00007f30dd31f038 method=clojure.lang.Reflector.paramArgTypeMatch(Ljava/lang/Class;Ljava/lang/Class;)Z @ 24
Event: 103.958 Thread 0x00007f3094010800 Uncommon trap: reason=null_check action=make_not_entrant pc=0x00007f30dd374efc method=clojure.lang.Reflector.isMatch(Ljava/lang/reflect/Method;Ljava/lang/reflect/Method;)Z @ 69
Event: 110.991 Thread 0x00007f3094010800 Uncommon trap: reason=unstable_if action=reinterpret pc=0x00007f30dd37669c method=clojure.lang.Util.equiv(JJ)Z @ 3
Event: 144.667 Thread 0x00007f3094010800 Uncommon trap: reason=unstable_if action=reinterpret pc=0x00007f30dd131284 method=clojure.lang.Reflector.boxArgs([Ljava/lang/Class;[Ljava/lang/Object;)[Ljava/lang/Object; @ 2
Event: 151.711 Thread 0x00007f3094010800 Uncommon trap: reason=unstable_if action=reinterpret pc=0x00007f30dd371548 method=java.lang.ThreadLocal$ThreadLocalMap.getEntry(Ljava/lang/ThreadLocal;)Ljava/lang/ThreadLocal$ThreadLocalMap$Entry; @ 29
Event: 151.712 Thread 0x00007f3094010800 Uncommon trap: reason=unstable_if action=reinterpret pc=0x00007f30dd4580bc method=java.lang.ThreadLocal$ThreadLocalMap.getEntry(Ljava/lang/ThreadLocal;)Ljava/lang/ThreadLocal$ThreadLocalMap$Entry; @ 29
Event: 151.712 Thread 0x00007f3094010800 Uncommon trap: reason=unstable_if action=reinterpret pc=0x00007f30dd7bddac method=java.lang.ThreadLocal$ThreadLocalMap.getEntry(Ljava/lang/ThreadLocal;)Ljava/lang/ThreadLocal$ThreadLocalMap$Entry; @ 29
Event: 151.712 Thread 0x00007f3094010800 Uncommon trap: reason=unstable_if action=reinterpret pc=0x00007f30dd58ff40 method=java.lang.ThreadLocal$ThreadLocalMap.getEntry(Ljava/lang/ThreadLocal;)Ljava/lang/ThreadLocal$ThreadLocalMap$Entry; @ 29

Classes redefined (0 events):
No events

Internal exceptions (10 events):
Event: 97.105 Thread 0x00007f3094010800 Exception <a 'java/security/PrivilegedActionException'> (0x00000000f2f422c0) thrown at [/build/openjdk-8-QGp3nu/openjdk-8-8u171-b11/src/hotspot/src/share/vm/prims/jvm.cpp, line 1435]
Event: 97.105 Thread 0x00007f3094010800 Exception <a 'java/security/PrivilegedActionException'> (0x00000000f2f428a0) thrown at [/build/openjdk-8-QGp3nu/openjdk-8-8u171-b11/src/hotspot/src/share/vm/prims/jvm.cpp, line 1435]
Event: 97.105 Thread 0x00007f3094010800 Exception <a 'java/security/PrivilegedActionException'> (0x00000000f2f44e80) thrown at [/build/openjdk-8-QGp3nu/openjdk-8-8u171-b11/src/hotspot/src/share/vm/prims/jvm.cpp, line 1435]
Event: 97.105 Thread 0x00007f3094010800 Exception <a 'java/security/PrivilegedActionException'> (0x00000000f2f45460) thrown at [/build/openjdk-8-QGp3nu/openjdk-8-8u171-b11/src/hotspot/src/share/vm/prims/jvm.cpp, line 1435]
Event: 97.512 Thread 0x00007f3094010800 Exception <a 'java/security/PrivilegedActionException'> (0x00000000f336dfa0) thrown at [/build/openjdk-8-QGp3nu/openjdk-8-8u171-b11/src/hotspot/src/share/vm/prims/jvm.cpp, line 1435]
Event: 97.512 Thread 0x00007f3094010800 Exception <a 'java/security/PrivilegedActionException'> (0x00000000f336e398) thrown at [/build/openjdk-8-QGp3nu/openjdk-8-8u171-b11/src/hotspot/src/share/vm/prims/jvm.cpp, line 1435]
Event: 97.513 Thread 0x00007f3094010800 Exception <a 'java/security/PrivilegedActionException'> (0x00000000f3370d98) thrown at [/build/openjdk-8-QGp3nu/openjdk-8-8u171-b11/src/hotspot/src/share/vm/prims/jvm.cpp, line 1435]
Event: 97.513 Thread 0x00007f3094010800 Exception <a 'java/security/PrivilegedActionException'> (0x00000000f3371190) thrown at [/build/openjdk-8-QGp3nu/openjdk-8-8u171-b11/src/hotspot/src/share/vm/prims/jvm.cpp, line 1435]
Event: 97.513 Thread 0x00007f3094010800 Exception <a 'java/security/PrivilegedActionException'> (0x00000000f3373260) thrown at [/build/openjdk-8-QGp3nu/openjdk-8-8u171-b11/src/hotspot/src/share/vm/prims/jvm.cpp, line 1435]
Event: 97.513 Thread 0x00007f3094010800 Exception <a 'java/security/PrivilegedActionException'> (0x00000000f3373658) thrown at [/build/openjdk-8-QGp3nu/openjdk-8-8u171-b11/src/hotspot/src/share/vm/prims/jvm.cpp, line 1435]

Events (10 events):
Event: 151.712 Thread 0x00007f3094010800 DEOPT UNPACKING pc=0x00007f30dd04547a sp=0x00007f308bffdd38 mode 2
Event: 151.712 Thread 0x00007f3094010800 Uncommon trap: trap_request=0xffffff65 fr.pc=0x00007f30dd4580bc
Event: 151.712 Thread 0x00007f3094010800 DEOPT PACKING pc=0x00007f30dd4580bc sp=0x00007f308bffdeb0
Event: 151.712 Thread 0x00007f3094010800 DEOPT UNPACKING pc=0x00007f30dd04547a sp=0x00007f308bffdd30 mode 2
Event: 151.712 Thread 0x00007f3094010800 Uncommon trap: trap_request=0xffffff65 fr.pc=0x00007f30dd7bddac
Event: 151.712 Thread 0x00007f3094010800 DEOPT PACKING pc=0x00007f30dd7bddac sp=0x00007f308bffd980
Event: 151.712 Thread 0x00007f3094010800 DEOPT UNPACKING pc=0x00007f30dd04547a sp=0x00007f308bffd768 mode 2
Event: 151.712 Thread 0x00007f3094010800 Uncommon trap: trap_request=0xffffff65 fr.pc=0x00007f30dd58ff40
Event: 151.712 Thread 0x00007f3094010800 DEOPT PACKING pc=0x00007f30dd58ff40 sp=0x00007f308bffd090
Event: 151.712 Thread 0x00007f3094010800 DEOPT UNPACKING pc=0x00007f30dd04547a sp=0x00007f308bffcf10 mode 2


Dynamic libraries:
c4200000-c6500000 rw-p 00000000 00:00 0 
c6500000-ec100000 ---p 00000000 00:00 0 
ec100000-f8100000 rw-p 00000000 00:00 0 
f8100000-100000000 ---p 00000000 00:00 0 
100000000-1006e0000 rw-p 00000000 00:00 0 
1006e0000-140000000 ---p 00000000 00:00 0 
557264d5a000-557264d5b000 r-xp 00000000 08:12 3679103                    /usr/lib/jvm/java-8-openjdk-amd64/jre/bin/java
557264f5a000-557264f5b000 r--p 00000000 08:12 3679103                    /usr/lib/jvm/java-8-openjdk-amd64/jre/bin/java
557264f5b000-557264f5c000 rw-p 00001000 08:12 3679103                    /usr/lib/jvm/java-8-openjdk-amd64/jre/bin/java
5572667a0000-5572667c1000 rw-p 00000000 00:00 0                          [heap]
7f3081905000-7f3081985000 rw-p 00000000 00:00 0 
7f3081985000-7f3081b05000 ---p 00000000 00:00 0 
7f3081b05000-7f3081b70000 r-xp 00000000 08:07 387850                     /tmp/lwjglgnome/3.1.5-build-1/liblwjgl_opengl.so
7f3081b70000-7f3081d6f000 ---p 0006b000 08:07 387850                     /tmp/lwjglgnome/3.1.5-build-1/liblwjgl_opengl.so
7f3081d6f000-7f3081d70000 r--p 0006a000 08:07 387850                     /tmp/lwjglgnome/3.1.5-build-1/liblwjgl_opengl.so
7f3081d70000-7f3081d71000 rw-p 0006b000 08:07 387850                     /tmp/lwjglgnome/3.1.5-build-1/liblwjgl_opengl.so
7f3083122000-7f308315a000 r-xp 00000000 08:12 3805824                    /usr/lib/x86_64-linux-gnu/s2tc/libtxc_dxtn.so
7f308315a000-7f308335a000 ---p 00038000 08:12 3805824                    /usr/lib/x86_64-linux-gnu/s2tc/libtxc_dxtn.so
7f308335a000-7f308335b000 r--p 00038000 08:12 3805824                    /usr/lib/x86_64-linux-gnu/s2tc/libtxc_dxtn.so
7f308335b000-7f308335c000 rw-p 00039000 08:12 3805824                    /usr/lib/x86_64-linux-gnu/s2tc/libtxc_dxtn.so
7f308335c000-7f3083364000 r-xp 00000000 08:12 3547881                    /usr/lib/x86_64-linux-gnu/libpciaccess.so.0.11.1
7f3083364000-7f3083563000 ---p 00008000 08:12 3547881                    /usr/lib/x86_64-linux-gnu/libpciaccess.so.0.11.1
7f3083563000-7f3083564000 r--p 00007000 08:12 3547881                    /usr/lib/x86_64-linux-gnu/libpciaccess.so.0.11.1
7f3083564000-7f3083565000 rw-p 00008000 08:12 3547881                    /usr/lib/x86_64-linux-gnu/libpciaccess.so.0.11.1
7f3083565000-7f3083d40000 r-xp 00000000 08:12 3803381                    /usr/lib/x86_64-linux-gnu/dri/i965_dri.so
7f3083d40000-7f3083f40000 ---p 007db000 08:12 3803381                    /usr/lib/x86_64-linux-gnu/dri/i965_dri.so
7f3083f40000-7f3083f90000 r--p 007db000 08:12 3803381                    /usr/lib/x86_64-linux-gnu/dri/i965_dri.so
7f3083f90000-7f3083f99000 rw-p 0082b000 08:12 3803381                    /usr/lib/x86_64-linux-gnu/dri/i965_dri.so
7f3083f99000-7f3084000000 rw-p 00000000 00:00 0 
7f3084000000-7f30844b1000 rw-p 00000000 00:00 0 
7f30844b1000-7f3088000000 ---p 00000000 00:00 0 
7f3088195000-7f30881a0000 r-xp 00000000 08:12 3547286                    /usr/lib/x86_64-linux-gnu/libdrm_radeon.so.1.0.1
7f30881a0000-7f308839f000 ---p 0000b000 08:12 3547286                    /usr/lib/x86_64-linux-gnu/libdrm_radeon.so.1.0.1
7f308839f000-7f30883a0000 r--p 0000a000 08:12 3547286                    /usr/lib/x86_64-linux-gnu/libdrm_radeon.so.1.0.1
7f30883a0000-7f30883a1000 rw-p 0000b000 08:12 3547286                    /usr/lib/x86_64-linux-gnu/libdrm_radeon.so.1.0.1
7f30883a1000-7f30883a8000 r-xp 00000000 08:12 3547284                    /usr/lib/x86_64-linux-gnu/libdrm_nouveau.so.2.0.0
7f30883a8000-7f30885a7000 ---p 00007000 08:12 3547284                    /usr/lib/x86_64-linux-gnu/libdrm_nouveau.so.2.0.0
7f30885a7000-7f30885a8000 r--p 00006000 08:12 3547284                    /usr/lib/x86_64-linux-gnu/libdrm_nouveau.so.2.0.0
7f30885a8000-7f30885a9000 rw-p 00007000 08:12 3547284                    /usr/lib/x86_64-linux-gnu/libdrm_nouveau.so.2.0.0
7f30885a9000-7f30885cb000 r-xp 00000000 08:12 3547282                    /usr/lib/x86_64-linux-gnu/libdrm_intel.so.1.0.0
7f30885cb000-7f30887ca000 ---p 00022000 08:12 3547282                    /usr/lib/x86_64-linux-gnu/libdrm_intel.so.1.0.0
7f30887ca000-7f30887cb000 r--p 00021000 08:12 3547282                    /usr/lib/x86_64-linux-gnu/libdrm_intel.so.1.0.0
7f30887cb000-7f30887cc000 rw-p 00022000 08:12 3547282                    /usr/lib/x86_64-linux-gnu/libdrm_intel.so.1.0.0
7f30887cc000-7f30887dc000 r-xp 00000000 08:12 3547278                    /usr/lib/x86_64-linux-gnu/libdrm.so.2.4.0
7f30887dc000-7f30889db000 ---p 00010000 08:12 3547278                    /usr/lib/x86_64-linux-gnu/libdrm.so.2.4.0
7f30889db000-7f30889dc000 r--p 0000f000 08:12 3547278                    /usr/lib/x86_64-linux-gnu/libdrm.so.2.4.0
7f30889dc000-7f30889dd000 rw-p 00010000 08:12 3547278                    /usr/lib/x86_64-linux-gnu/libdrm.so.2.4.0
7f30889dd000-7f30889e1000 r-xp 00000000 08:12 3548226                    /usr/lib/x86_64-linux-gnu/libxcb-dri2.so.0.0.0
7f30889e1000-7f3088be0000 ---p 00004000 08:12 3548226                    /usr/lib/x86_64-linux-gnu/libxcb-dri2.so.0.0.0
7f3088be0000-7f3088be1000 r--p 00003000 08:12 3548226                    /usr/lib/x86_64-linux-gnu/libxcb-dri2.so.0.0.0
7f3088be1000-7f3088be2000 rw-p 00004000 08:12 3548226                    /usr/lib/x86_64-linux-gnu/libxcb-dri2.so.0.0.0
7f3088be2000-7f3088bfa000 r-xp 00000000 08:12 3548230                    /usr/lib/x86_64-linux-gnu/libxcb-glx.so.0.0.0
7f3088bfa000-7f3088dfa000 ---p 00018000 08:12 3548230                    /usr/lib/x86_64-linux-gnu/libxcb-glx.so.0.0.0
7f3088dfa000-7f3088dfc000 r--p 00018000 08:12 3548230                    /usr/lib/x86_64-linux-gnu/libxcb-glx.so.0.0.0
7f3088dfc000-7f3088dfd000 rw-p 0001a000 08:12 3548230                    /usr/lib/x86_64-linux-gnu/libxcb-glx.so.0.0.0
7f3088dfd000-7f3088dff000 r-xp 00000000 08:12 3547024                    /usr/lib/x86_64-linux-gnu/libXdamage.so.1.1.0
7f3088dff000-7f3088ffe000 ---p 00002000 08:12 3547024                    /usr/lib/x86_64-linux-gnu/libXdamage.so.1.1.0
7f3088ffe000-7f3088fff000 r--p 00001000 08:12 3547024                    /usr/lib/x86_64-linux-gnu/libXdamage.so.1.1.0
7f3088fff000-7f3089000000 rw-p 00002000 08:12 3547024                    /usr/lib/x86_64-linux-gnu/libXdamage.so.1.1.0
7f3089000000-7f308902b000 r-xp 00000000 08:12 3541344                    /usr/lib/x86_64-linux-gnu/libglapi.so.0.0.0
7f308902b000-7f308922a000 ---p 0002b000 08:12 3541344                    /usr/lib/x86_64-linux-gnu/libglapi.so.0.0.0
7f308922a000-7f308922e000 r--p 0002a000 08:12 3541344                    /usr/lib/x86_64-linux-gnu/libglapi.so.0.0.0
7f308922e000-7f308922f000 rw-p 0002e000 08:12 3541344                    /usr/lib/x86_64-linux-gnu/libglapi.so.0.0.0
7f308922f000-7f3089230000 rw-p 00000000 00:00 0 
7f3089230000-7f3089231000 r-xp 00000000 08:12 3548278                    /usr/lib/x86_64-linux-gnu/libxshmfence.so.1.0.0
7f3089231000-7f3089431000 ---p 00001000 08:12 3548278                    /usr/lib/x86_64-linux-gnu/libxshmfence.so.1.0.0
7f3089431000-7f3089432000 r--p 00001000 08:12 3548278                    /usr/lib/x86_64-linux-gnu/libxshmfence.so.1.0.0
7f3089432000-7f3089433000 rw-p 00002000 08:12 3548278                    /usr/lib/x86_64-linux-gnu/libxshmfence.so.1.0.0
7f3089433000-7f3089438000 r-xp 00000000 08:12 3548252                    /usr/lib/x86_64-linux-gnu/libxcb-sync.so.1.0.0
7f3089438000-7f3089638000 ---p 00005000 08:12 3548252                    /usr/lib/x86_64-linux-gnu/libxcb-sync.so.1.0.0
7f3089638000-7f3089639000 r--p 00005000 08:12 3548252                    /usr/lib/x86_64-linux-gnu/libxcb-sync.so.1.0.0
7f3089639000-7f308963a000 rw-p 00006000 08:12 3548252                    /usr/lib/x86_64-linux-gnu/libxcb-sync.so.1.0.0
7f308963a000-7f308963c000 r-xp 00000000 08:12 3548238                    /usr/lib/x86_64-linux-gnu/libxcb-present.so.0.0.0
7f308963c000-7f308983b000 ---p 00002000 08:12 3548238                    /usr/lib/x86_64-linux-gnu/libxcb-present.so.0.0.0
7f308983b000-7f308983c000 r--p 00001000 08:12 3548238                    /usr/lib/x86_64-linux-gnu/libxcb-present.so.0.0.0
7f308983c000-7f308983d000 rw-p 00002000 08:12 3548238                    /usr/lib/x86_64-linux-gnu/libxcb-present.so.0.0.0
7f308983d000-7f308983f000 r-xp 00000000 08:12 3548228                    /usr/lib/x86_64-linux-gnu/libxcb-dri3.so.0.0.0
7f308983f000-7f3089a3e000 ---p 00002000 08:12 3548228                    /usr/lib/x86_64-linux-gnu/libxcb-dri3.so.0.0.0
7f3089a3e000-7f3089a3f000 r--p 00001000 08:12 3548228                    /usr/lib/x86_64-linux-gnu/libxcb-dri3.so.0.0.0
7f3089a3f000-7f3089a40000 rw-p 00002000 08:12 3548228                    /usr/lib/x86_64-linux-gnu/libxcb-dri3.so.0.0.0
7f3089a40000-7f3089a68000 r-xp 00000000 08:12 6033928                    /lib/x86_64-linux-gnu/libexpat.so.1.6.5
7f3089a68000-7f3089c68000 ---p 00028000 08:12 6033928                    /lib/x86_64-linux-gnu/libexpat.so.1.6.5
7f3089c68000-7f3089c6a000 r--p 00028000 08:12 6033928                    /lib/x86_64-linux-gnu/libexpat.so.1.6.5
7f3089c6a000-7f3089c6b000 rw-p 0002a000 08:12 6033928                    /lib/x86_64-linux-gnu/libexpat.so.1.6.5
7f3089c6b000-7f3089cd8000 r-xp 00000000 08:12 3803377                    /usr/lib/x86_64-linux-gnu/mesa/libGL.so.1.2.0
7f3089cd8000-7f3089ed8000 ---p 0006d000 08:12 3803377                    /usr/lib/x86_64-linux-gnu/mesa/libGL.so.1.2.0
7f3089ed8000-7f3089edb000 r--p 0006d000 08:12 3803377                    /usr/lib/x86_64-linux-gnu/mesa/libGL.so.1.2.0
7f3089edb000-7f3089edc000 rw-p 00070000 08:12 3803377                    /usr/lib/x86_64-linux-gnu/mesa/libGL.so.1.2.0
7f3089edc000-7f3089edd000 rw-p 00000000 00:00 0 
7f3089edd000-7f3089ede000 r-xp 00000000 08:12 3547009                    /usr/lib/x86_64-linux-gnu/libX11-xcb.so.1.0.0
7f3089ede000-7f308a0dd000 ---p 00001000 08:12 3547009                    /usr/lib/x86_64-linux-gnu/libX11-xcb.so.1.0.0
7f308a0dd000-7f308a0de000 r--p 00000000 08:12 3547009                    /usr/lib/x86_64-linux-gnu/libX11-xcb.so.1.0.0
7f308a0de000-7f308a0df000 rw-p 00001000 08:12 3547009                    /usr/lib/x86_64-linux-gnu/libX11-xcb.so.1.0.0
7f308a2e2000-7f308a2e7000 r-xp 00000000 08:12 3547030                    /usr/lib/x86_64-linux-gnu/libXfixes.so.3.1.0
7f308a2e7000-7f308a4e6000 ---p 00005000 08:12 3547030                    /usr/lib/x86_64-linux-gnu/libXfixes.so.3.1.0
7f308a4e6000-7f308a4e7000 r--p 00004000 08:12 3547030                    /usr/lib/x86_64-linux-gnu/libXfixes.so.3.1.0
7f308a4e7000-7f308a4e8000 rw-p 00005000 08:12 3547030                    /usr/lib/x86_64-linux-gnu/libXfixes.so.3.1.0
7f308a6f2000-7f308a6fb000 r-xp 00000000 08:12 3547050                    /usr/lib/x86_64-linux-gnu/libXrender.so.1.3.0
7f308a6fb000-7f308a8fa000 ---p 00009000 08:12 3547050                    /usr/lib/x86_64-linux-gnu/libXrender.so.1.3.0
7f308a8fa000-7f308a8fb000 r--p 00008000 08:12 3547050                    /usr/lib/x86_64-linux-gnu/libXrender.so.1.3.0
7f308a8fb000-7f308a8fc000 rw-p 00009000 08:12 3547050                    /usr/lib/x86_64-linux-gnu/libXrender.so.1.3.0
7f308ab07000-7f308ab16000 r-xp 00000000 08:12 3547038                    /usr/lib/x86_64-linux-gnu/libXi.so.6.1.0
7f308ab16000-7f308ad15000 ---p 0000f000 08:12 3547038                    /usr/lib/x86_64-linux-gnu/libXi.so.6.1.0
7f308ad15000-7f308ad16000 r--p 0000e000 08:12 3547038                    /usr/lib/x86_64-linux-gnu/libXi.so.6.1.0
7f308ad16000-7f308ad17000 rw-p 0000f000 08:12 3547038                    /usr/lib/x86_64-linux-gnu/libXi.so.6.1.0
7f308ad17000-7f308ad28000 r-xp 00000000 08:12 3547028                    /usr/lib/x86_64-linux-gnu/libXext.so.6.4.0
7f308ad28000-7f308af27000 ---p 00011000 08:12 3547028                    /usr/lib/x86_64-linux-gnu/libXext.so.6.4.0
7f308af27000-7f308af28000 r--p 00010000 08:12 3547028                    /usr/lib/x86_64-linux-gnu/libXext.so.6.4.0
7f308af28000-7f308af29000 rw-p 00011000 08:12 3547028                    /usr/lib/x86_64-linux-gnu/libXext.so.6.4.0
7f308af29000-7f308af2e000 r-xp 00000000 08:12 3547066                    /usr/lib/x86_64-linux-gnu/libXxf86vm.so.1.0.0
7f308af2e000-7f308b12d000 ---p 00005000 08:12 3547066                    /usr/lib/x86_64-linux-gnu/libXxf86vm.so.1.0.0
7f308b12d000-7f308b12e000 r--p 00004000 08:12 3547066                    /usr/lib/x86_64-linux-gnu/libXxf86vm.so.1.0.0
7f308b12e000-7f308b12f000 rw-p 00005000 08:12 3547066                    /usr/lib/x86_64-linux-gnu/libXxf86vm.so.1.0.0
7f308b12f000-7f308b142000 r-xp 00000000 08:12 6033893                    /lib/x86_64-linux-gnu/libbsd.so.0.8.6
7f308b142000-7f308b341000 ---p 00013000 08:12 6033893                    /lib/x86_64-linux-gnu/libbsd.so.0.8.6
7f308b341000-7f308b342000 r--p 00012000 08:12 6033893                    /lib/x86_64-linux-gnu/libbsd.so.0.8.6
7f308b342000-7f308b343000 rw-p 00013000 08:12 6033893                    /lib/x86_64-linux-gnu/libbsd.so.0.8.6
7f308b343000-7f308b344000 rw-p 00000000 00:00 0 
7f308b344000-7f308b349000 r-xp 00000000 08:12 3547026                    /usr/lib/x86_64-linux-gnu/libXdmcp.so.6.0.0
7f308b349000-7f308b548000 ---p 00005000 08:12 3547026                    /usr/lib/x86_64-linux-gnu/libXdmcp.so.6.0.0
7f308b548000-7f308b549000 r--p 00004000 08:12 3547026                    /usr/lib/x86_64-linux-gnu/libXdmcp.so.6.0.0
7f308b549000-7f308b54a000 rw-p 00005000 08:12 3547026                    /usr/lib/x86_64-linux-gnu/libXdmcp.so.6.0.0
7f308b54a000-7f308b54c000 r-xp 00000000 08:12 3547015                    /usr/lib/x86_64-linux-gnu/libXau.so.6.0.0
7f308b54c000-7f308b74c000 ---p 00002000 08:12 3547015                    /usr/lib/x86_64-linux-gnu/libXau.so.6.0.0
7f308b74c000-7f308b74d000 r--p 00002000 08:12 3547015                    /usr/lib/x86_64-linux-gnu/libXau.so.6.0.0
7f308b74d000-7f308b74e000 rw-p 00003000 08:12 3547015                    /usr/lib/x86_64-linux-gnu/libXau.so.6.0.0
7f308b74e000-7f308b774000 r-xp 00000000 08:12 3548262                    /usr/lib/x86_64-linux-gnu/libxcb.so.1.1.0
7f308b774000-7f308b973000 ---p 00026000 08:12 3548262                    /usr/lib/x86_64-linux-gnu/libxcb.so.1.1.0
7f308b973000-7f308b974000 r--p 00025000 08:12 3548262                    /usr/lib/x86_64-linux-gnu/libxcb.so.1.1.0
7f308b974000-7f308b975000 rw-p 00026000 08:12 3548262                    /usr/lib/x86_64-linux-gnu/libxcb.so.1.1.0
7f308b975000-7f308baa9000 r-xp 00000000 08:12 3547011                    /usr/lib/x86_64-linux-gnu/libX11.so.6.3.0
7f308baa9000-7f308bca9000 ---p 00134000 08:12 3547011                    /usr/lib/x86_64-linux-gnu/libX11.so.6.3.0
7f308bca9000-7f308bcaa000 r--p 00134000 08:12 3547011                    /usr/lib/x86_64-linux-gnu/libX11.so.6.3.0
7f308bcaa000-7f308bcae000 rw-p 00135000 08:12 3547011                    /usr/lib/x86_64-linux-gnu/libX11.so.6.3.0
7f308bcae000-7f308bcdd000 r-xp 00000000 08:07 387849                     /tmp/lwjglgnome/3.1.5-build-1/libglfw.so
7f308bcdd000-7f308bedc000 ---p 0002f000 08:07 387849                     /tmp/lwjglgnome/3.1.5-build-1/libglfw.so
7f308bedc000-7f308bedd000 r--p 0002e000 08:07 387849                     /tmp/lwjglgnome/3.1.5-build-1/libglfw.so
7f308bedd000-7f308bede000 rw-p 0002f000 08:07 387849                     /tmp/lwjglgnome/3.1.5-build-1/libglfw.so
7f308bede000-7f308beff000 rw-p 00000000 00:00 0 
7f308beff000-7f308bf02000 ---p 00000000 00:00 0 
7f308bf02000-7f308c000000 rw-p 00000000 00:00 0 
7f308c000000-7f308c021000 rw-p 00000000 00:00 0 
7f308c021000-7f3090000000 ---p 00000000 00:00 0 
7f3090000000-7f30900c0000 rw-p 00000000 00:00 0 
7f30900c0000-7f3094000000 ---p 00000000 00:00 0 
7f3094000000-7f3094021000 rw-p 00000000 00:00 0 
7f3094021000-7f3098000000 ---p 00000000 00:00 0 
7f3098000000-7f3098021000 rw-p 00000000 00:00 0 
7f3098021000-7f309c000000 ---p 00000000 00:00 0 
7f309c000000-7f309c021000 rw-p 00000000 00:00 0 
7f309c021000-7f30a0000000 ---p 00000000 00:00 0 
7f30a00fa000-7f30a02fa000 rw-p 00000000 00:00 0 
7f30a02fa000-7f30a02fd000 ---p 00000000 00:00 0 
7f30a02fd000-7f30a03fb000 rw-p 00000000 00:00 0 
7f30a03fb000-7f30a03fe000 ---p 00000000 00:00 0 
7f30a03fe000-7f30a04fc000 rw-p 00000000 00:00 0 
7f30a04fc000-7f30a04ff000 ---p 00000000 00:00 0 
7f30a04ff000-7f30a05fd000 rw-p 00000000 00:00 0 
7f30a05fd000-7f30a0600000 ---p 00000000 00:00 0 
7f30a0600000-7f30a06fe000 rw-p 00000000 00:00 0 
7f30a06fe000-7f30a0701000 ---p 00000000 00:00 0 
7f30a0701000-7f30a09ff000 rw-p 00000000 00:00 0 
7f30a09ff000-7f30a0fff000 rw-p 00000000 00:00 0 
7f30a0fff000-7f30a4000000 rw-p 00000000 00:00 0 
7f30a4000000-7f30a4021000 rw-p 00000000 00:00 0 
7f30a4021000-7f30a8000000 ---p 00000000 00:00 0 
7f30a8000000-7f30a8021000 rw-p 00000000 00:00 0 
7f30a8021000-7f30ac000000 ---p 00000000 00:00 0 
7f30ac000000-7f30ae26b000 rw-p 00000000 00:00 0 
7f30ae26b000-7f30b0000000 ---p 00000000 00:00 0 
7f30b0000000-7f30b0cf2000 rw-p 00000000 00:00 0 
7f30b0cf2000-7f30b4000000 ---p 00000000 00:00 0 
7f30b4000000-7f30b4021000 rw-p 00000000 00:00 0 
7f30b4021000-7f30b8000000 ---p 00000000 00:00 0 
7f30b8000000-7f30ba409000 rw-p 00000000 00:00 0 
7f30ba409000-7f30bc000000 ---p 00000000 00:00 0 
7f30bc000000-7f30bc021000 rw-p 00000000 00:00 0 
7f30bc021000-7f30c0000000 ---p 00000000 00:00 0 
7f30c0000000-7f30c0021000 rw-p 00000000 00:00 0 
7f30c0021000-7f30c4000000 ---p 00000000 00:00 0 
7f30c4000000-7f30c4021000 rw-p 00000000 00:00 0 
7f30c4021000-7f30c8000000 ---p 00000000 00:00 0 
7f30c8000000-7f30c8059000 rw-p 00000000 00:00 0 
7f30c8059000-7f30cc000000 ---p 00000000 00:00 0 
7f30cc000000-7f30cc021000 rw-p 00000000 00:00 0 
7f30cc021000-7f30d0000000 ---p 00000000 00:00 0 
7f30d0000000-7f30d0021000 rw-p 00000000 00:00 0 
7f30d0021000-7f30d4000000 ---p 00000000 00:00 0 
7f30d4000000-7f30d4021000 rw-p 00000000 00:00 0 
7f30d4021000-7f30d8000000 ---p 00000000 00:00 0 
7f30d8023000-7f30d8024000 rwxp 00000000 00:00 0 
7f30d8037000-7f30d803e000 r--s 00000000 08:12 3806277                    /usr/lib/x86_64-linux-gnu/gconv/gconv-modules.cache
7f30d8045000-7f30d8046000 r-xp 00000000 00:00 0 
7f30d8046000-7f30d8246000 rw-p 00000000 00:00 0 
7f30d8246000-7f30d828a000 r-xp 00000000 08:07 387848                     /tmp/lwjglgnome/3.1.5-build-1/libjemalloc.so
7f30d828a000-7f30d848a000 ---p 00044000 08:07 387848                     /tmp/lwjglgnome/3.1.5-build-1/libjemalloc.so
7f30d848a000-7f30d848f000 r--p 00044000 08:07 387848                     /tmp/lwjglgnome/3.1.5-build-1/libjemalloc.so
7f30d848f000-7f30d8490000 rw-p 00049000 08:07 387848                     /tmp/lwjglgnome/3.1.5-build-1/libjemalloc.so
7f30d8490000-7f30d869f000 rw-p 00000000 00:00 0 
7f30d869f000-7f30d86a4000 r--s 0009d000 08:12 3679683                    /usr/lib/jvm/java-8-openjdk-amd64/jre/lib/jsse.jar
7f30d86a4000-7f30d86f7000 r-xp 00000000 08:07 387847                     /tmp/lwjglgnome/3.1.5-build-1/liblwjgl.so
7f30d86f7000-7f30d88f6000 ---p 00053000 08:07 387847                     /tmp/lwjglgnome/3.1.5-build-1/liblwjgl.so
7f30d88f6000-7f30d88f7000 r--p 00052000 08:07 387847                     /tmp/lwjglgnome/3.1.5-build-1/liblwjgl.so
7f30d88f7000-7f30d88f8000 rw-p 00053000 08:07 387847                     /tmp/lwjglgnome/3.1.5-build-1/liblwjgl.so
7f30d88f8000-7f30d8af8000 rw-p 00000000 00:00 0 
7f30d8af8000-7f30d8b0e000 r-xp 00000000 08:12 3679667                    /usr/lib/jvm/java-8-openjdk-amd64/jre/lib/amd64/libnet.so
7f30d8b0e000-7f30d8d0e000 ---p 00016000 08:12 3679667                    /usr/lib/jvm/java-8-openjdk-amd64/jre/lib/amd64/libnet.so
7f30d8d0e000-7f30d8d0f000 r--p 00016000 08:12 3679667                    /usr/lib/jvm/java-8-openjdk-amd64/jre/lib/amd64/libnet.so
7f30d8d0f000-7f30d8d10000 rw-p 00017000 08:12 3679667                    /usr/lib/jvm/java-8-openjdk-amd64/jre/lib/amd64/libnet.so
7f30d8d10000-7f30d8d21000 r-xp 00000000 08:12 3679668                    /usr/lib/jvm/java-8-openjdk-amd64/jre/lib/amd64/libnio.so
7f30d8d21000-7f30d8f21000 ---p 00011000 08:12 3679668                    /usr/lib/jvm/java-8-openjdk-amd64/jre/lib/amd64/libnio.so
7f30d8f21000-7f30d8f22000 r--p 00011000 08:12 3679668                    /usr/lib/jvm/java-8-openjdk-amd64/jre/lib/amd64/libnio.so
7f30d8f22000-7f30d8f23000 rw-p 00012000 08:12 3679668                    /usr/lib/jvm/java-8-openjdk-amd64/jre/lib/amd64/libnio.so
7f30d8f23000-7f30d8f36000 r--s 00346000 08:12 3679687                    /usr/lib/jvm/java-8-openjdk-amd64/jre/lib/resources.jar
7f30d8f36000-7f30d9136000 rw-p 00000000 00:00 0 
7f30d9136000-7f30d9336000 rw-p 00000000 00:00 0 
7f30d9336000-7f30d9536000 rw-p 00000000 00:00 0 
7f30d9536000-7f30d9537000 r--s 0000e000 08:05 14289390                   /home/gnome/.m2/repository/org/lwjgl/lwjgl-tinyexr/3.1.5/lwjgl-tinyexr-3.1.5-natives-linux.jar
7f30d9537000-7f30d9540000 r--s 000a8000 08:05 22546103                   /home/gnome/.m2/repository/net/mikera/vectorz/0.65.0/vectorz-0.65.0.jar
7f30d9540000-7f30d9541000 r--s 00029000 08:05 14289500                   /home/gnome/.m2/repository/org/lwjgl/lwjgl-yoga/3.1.5/lwjgl-yoga-3.1.5-natives-windows.jar
7f30d9541000-7f30d9542000 r--s 00003000 08:05 30671189                   /home/gnome/.m2/repository/net/mikera/randomz/0.3.0/randomz-0.3.0.jar
7f30d9542000-7f30d9543000 r--s 00002000 08:05 14289387                   /home/gnome/.m2/repository/org/lwjgl/lwjgl-par/3.1.5/lwjgl-par-3.1.5.jar
7f30d9543000-7f30d9544000 r--s 00005000 08:05 21496439                   /home/gnome/.m2/repository/net/mikera/vectorz-clj/0.47.0/vectorz-clj-0.47.0.jar
7f30d9544000-7f30d9546000 r--s 00009000 08:05 14289432                   /home/gnome/.m2/repository/org/lwjgl/lwjgl-tinyexr/3.1.5/lwjgl-tinyexr-3.1.5.jar
7f30d9546000-7f30d9547000 r--s 00020000 08:05 14289321                   /home/gnome/.m2/repository/org/lwjgl/lwjgl-lz4/3.1.5/lwjgl-lz4-3.1.5-natives-windows.jar
7f30d9547000-7f30d9548000 r--s 00001000 08:05 14289477                   /home/gnome/.m2/repository/org/lwjgl/lwjgl-xxhash/3.1.5/lwjgl-xxhash-3.1.5-natives-linux.jar
7f30d9548000-7f30d9549000 r--s 00030000 08:05 14289449                   /home/gnome/.m2/repository/org/lwjgl/lwjgl-stb/3.1.5/lwjgl-stb-3.1.5-natives-linux.jar
7f30d9549000-7f30d954a000 r--s 00040000 08:05 14289361                   /home/gnome/.m2/repository/org/lwjgl/lwjgl-nuklear/3.1.5/lwjgl-nuklear-3.1.5-natives-windows.jar
7f30d954a000-7f30d954b000 r--s 0002a000 08:05 14289430                   /home/gnome/.m2/repository/org/lwjgl/lwjgl-stb/3.1.5/lwjgl-stb-3.1.5-natives-macos.jar
7f30d954b000-7f30d9550000 r--s 00043000 08:05 14289364                   /home/gnome/.m2/repository/org/lwjgl/lwjgl-openvr/3.1.5/lwjgl-openvr-3.1.5.jar
7f30d9550000-7f30d9551000 r--s 00004000 08:05 14289306                   /home/gnome/.m2/repository/org/lwjgl/lwjgl-opengles/3.1.5/lwjgl-opengles-3.1.5-natives-macos.jar
7f30d9551000-7f30d9552000 r--s 0000c000 08:05 14289318                   /home/gnome/.m2/repository/org/lwjgl/lwjgl-lmdb/3.1.5/lwjgl-lmdb-3.1.5-natives-linux.jar
7f30d9552000-7f30d9553000 r--s 00005000 08:05 14289416                   /home/gnome/.m2/repository/org/lwjgl/lwjgl-remotery/3.1.5/lwjgl-remotery-3.1.5-natives-macos.jar
7f30d9553000-7f30d9565000 r--s 0013c000 08:05 14289468                   /home/gnome/.m2/repository/org/lwjgl/lwjgl-vulkan/3.1.5/lwjgl-vulkan-3.1.5.jar
7f30d9565000-7f30d9566000 r--s 0001f000 08:05 14289389                   /home/gnome/.m2/repository/org/lwjgl/lwjgl-nfd/3.1.5/lwjgl-nfd-3.1.5-natives-windows.jar
7f30d9566000-7f30d9568000 r--s 00015000 08:05 14289365                   /home/gnome/.m2/repository/org/lwjgl/lwjgl-stb/3.1.5/lwjgl-stb-3.1.5.jar
7f30d9568000-7f30d9569000 r--s 00031000 08:05 14289420                   /home/gnome/.m2/repository/org/lwjgl/lwjgl-par/3.1.5/lwjgl-par-3.1.5-natives-windows.jar
7f30d9569000-7f30d956a000 r--s 00010000 08:05 14289428                   /home/gnome/.m2/repository/org/lwjgl/lwjgl-tinyexr/3.1.5/lwjgl-tinyexr-3.1.5-natives-macos.jar
7f30d956a000-7f30d956c000 r--s 00012000 08:05 14289294                   /home/gnome/.m2/repository/org/lwjgl/lwjgl/3.1.5/lwjgl-3.1.5-natives-linux.jar
7f30d956c000-7f30d956d000 r--s 00004000 08:05 30671221                   /home/gnome/.m2/repository/net/mikera/clojure-utils/0.8.0/clojure-utils-0.8.0.jar
7f30d956d000-7f30d956e000 r--s 0000a000 08:05 14289379                   /home/gnome/.m2/repository/org/lwjgl/lwjgl-yoga/3.1.5/lwjgl-yoga-3.1.5-natives-macos.jar
7f30d956e000-7f30d956f000 r--s 00016000 08:05 14289417                   /home/gnome/.m2/repository/org/lwjgl/lwjgl-opengl/3.1.5/lwjgl-opengl-3.1.5-natives-linux.jar
7f30d956f000-7f30d9575000 r--s 0005a000 08:05 14289348                   /home/gnome/.m2/repository/org/lwjgl/lwjgl-nuklear/3.1.5/lwjgl-nuklear-3.1.5.jar
7f30d9575000-7f30d9576000 r--s 00001000 08:05 14289324                   /home/gnome/.m2/repository/org/lwjgl/lwjgl-nfd/3.1.5/lwjgl-nfd-3.1.5.jar
7f30d9576000-7f30d9578000 r--s 00000000 08:05 14289436                   /home/gnome/.m2/repository/org/lwjgl/lwjgl-xxhash/3.1.5/lwjgl-xxhash-3.1.5-natives-macos.jar
7f30d9578000-7f30d9579000 r--s 0003f000 08:05 14289293                   /home/gnome/.m2/repository/org/lwjgl/lwjgl-bgfx/3.1.5/lwjgl-bgfx-3.1.5-natives-macos.jar
7f30d9579000-7f30d957d000 r--s 0002c000 08:05 14289289                   /home/gnome/.m2/repository/org/lwjgl/lwjgl-assimp/3.1.5/lwjgl-assimp-3.1.5.jar
7f30d957d000-7f30d957e000 r--s 0006f000 08:05 14289325                   /home/gnome/.m2/repository/org/lwjgl/lwjgl-nanovg/3.1.5/lwjgl-nanovg-3.1.5-natives-windows.jar
7f30d957e000-7f30d9580000 r--s 00029000 08:05 14289341                   /home/gnome/.m2/repository/org/lwjgl/lwjgl-nanovg/3.1.5/lwjgl-nanovg-3.1.5-natives-linux.jar
7f30d9580000-7f30d9581000 r--s 0000e000 08:05 14289315                   /home/gnome/.m2/repository/org/lwjgl/lwjgl-nanovg/3.1.5/lwjgl-nanovg-3.1.5.jar
7f30d9581000-7f30d9583000 r--s 00000000 08:05 14289411                   /home/gnome/.m2/repository/org/lwjgl/lwjgl-sse/3.1.5/lwjgl-sse-3.1.5.jar
7f30d9583000-7f30d9584000 r--s 00001000 08:05 14289332                   /home/gnome/.m2/repository/org/lwjgl/lwjgl-nfd/3.1.5/lwjgl-nfd-3.1.5-natives-macos.jar
7f30d9584000-7f30d9585000 r--s 0003d000 08:05 14289310                   /home/gnome/.m2/repository/org/lwjgl/lwjgl-glfw/3.1.5/lwjgl-glfw-3.1.5-natives-windows.jar
7f30d9585000-7f30d9586000 r--s 003a3000 08:05 14289302                   /home/gnome/.m2/repository/org/lwjgl/lwjgl-assimp/3.1.5/lwjgl-assimp-3.1.5-natives-windows.jar
7f30d9586000-7f30d9588000 r--s 00008000 08:05 14289466                   /home/gnome/.m2/repository/org/lwjgl/lwjgl-tinyfd/3.1.5/lwjgl-tinyfd-3.1.5-natives-macos.jar
7f30d9588000-7f30d9589000 r--s 0001f000 08:05 14289309                   /home/gnome/.m2/repository/org/lwjgl/lwjgl-glfw/3.1.5/lwjgl-glfw-3.1.5-natives-linux.jar
7f30d9589000-7f30d958a000 r--s 00030000 08:05 14289478                   /home/gnome/.m2/repository/org/lwjgl/lwjgl-zstd/3.1.5/lwjgl-zstd-3.1.5-natives-macos.jar
7f30d958a000-7f30d958e000 r--s 00017000 08:05 14289291                   /home/gnome/.m2/repository/org/lwjgl/lwjgl-glfw/3.1.5/lwjgl-glfw-3.1.5.jar
7f30d958e000-7f30d958f000 r--s 0000d000 08:05 14289303                   /home/gnome/.m2/repository/org/lwjgl/lwjgl-glfw/3.1.5/lwjgl-glfw-3.1.5-natives-macos.jar
7f30d958f000-7f30d9590000 r--s 00050000 08:05 14289307                   /home/gnome/.m2/repository/org/lwjgl/lwjgl-bgfx/3.1.5/lwjgl-bgfx-3.1.5-natives-linux.jar
7f30d9590000-7f30d9591000 r--s 00038000 08:05 14289287                   /home/gnome/.m2/repository/org/lwjgl/lwjgl/3.1.5/lwjgl-3.1.5-natives-windows.jar
7f30d9591000-7f30d9592000 r--s 00004000 08:05 14289394                   /home/gnome/.m2/repository/org/lwjgl/lwjgl-par/3.1.5/lwjgl-par-3.1.5-natives-macos.jar
7f30d9592000-7f30d9593000 r--s 00022000 08:05 14289504                   /home/gnome/.m2/repository/org/lwjgl/lwjgl-zstd/3.1.5/lwjgl-zstd-3.1.5-natives-linux.jar
7f30d9593000-7f30d9595000 r--s 0008b000 08:05 14289418                   /home/gnome/.m2/repository/org/lwjgl/lwjgl-openvr/3.1.5/lwjgl-openvr-3.1.5-natives-windows.jar
7f30d9595000-7f30d959a000 r--s 00042000 08:05 14289277                   /home/gnome/.m2/repository/org/lwjgl/lwjgl/3.1.5/lwjgl-3.1.5.jar
7f30d959a000-7f30d959b000 r--s 0000b000 08:05 14289333                   /home/gnome/.m2/repository/org/lwjgl/lwjgl-lz4/3.1.5/lwjgl-lz4-3.1.5-natives-macos.jar
7f30d959b000-7f30d959c000 r--s 00008000 08:05 14289297                   /home/gnome/.m2/repository/org/lwjgl/lwjgl/3.1.5/lwjgl-3.1.5-natives-macos.jar
7f30d959c000-7f30d959d000 r--s 0002d000 08:05 14289327                   /home/gnome/.m2/repository/org/lwjgl/lwjgl-lmdb/3.1.5/lwjgl-lmdb-3.1.5-natives-windows.jar
7f30d959d000-7f30d959e000 r--s 0000d000 08:05 14289305                   /home/gnome/.m2/repository/org/lwjgl/lwjgl-lmdb/3.1.5/lwjgl-lmdb-3.1.5-natives-macos.jar
7f30d959e000-7f30d959f000 r--s 002dc000 08:05 14289292                   /home/gnome/.m2/repository/org/lwjgl/lwjgl-assimp/3.1.5/lwjgl-assimp-3.1.5-natives-linux.jar
7f30d959f000-7f30d95a0000 r--s 00008000 08:05 14289381                   /home/gnome/.m2/repository/org/lwjgl/lwjgl-opengles/3.1.5/lwjgl-opengles-3.1.5-natives-linux.jar
7f30d95a0000-7f30d95a2000 r--s 00005000 08:05 14289425                   /home/gnome/.m2/repository/org/lwjgl/lwjgl-remotery/3.1.5/lwjgl-remotery-3.1.5.jar
7f30d95a2000-7f30d95a3000 r--s 00075000 08:05 14289405                   /home/gnome/.m2/repository/org/lwjgl/lwjgl-stb/3.1.5/lwjgl-stb-3.1.5-natives-windows.jar
7f30d95a3000-7f30d95a4000 r--s 0000e000 08:05 14289331                   /home/gnome/.m2/repository/org/lwjgl/lwjgl-lz4/3.1.5/lwjgl-lz4-3.1.5-natives-linux.jar
7f30d95a4000-7f30d95a5000 r--s 0001b000 08:05 14289435                   /home/gnome/.m2/repository/org/lwjgl/lwjgl-remotery/3.1.5/lwjgl-remotery-3.1.5-natives-windows.jar
7f30d95a5000-7f30d95a6000 r--s 00006000 08:05 14289414                   /home/gnome/.m2/repository/org/lwjgl/lwjgl-remotery/3.1.5/lwjgl-remotery-3.1.5-natives-linux.jar
7f30d95a6000-7f30d95a7000 r--s 00001000 08:05 14289402                   /home/gnome/.m2/repository/org/lwjgl/lwjgl-tootle/3.1.5/lwjgl-tootle-3.1.5.jar
7f30d95a7000-7f30d95a8000 r--s 00001000 08:05 14289457                   /home/gnome/.m2/repository/org/lwjgl/lwjgl-tinyfd/3.1.5/lwjgl-tinyfd-3.1.5.jar
7f30d95a8000-7f30d95a9000 r--s 00016000 08:05 14289410                   /home/gnome/.m2/repository/org/lwjgl/lwjgl-openvr/3.1.5/lwjgl-openvr-3.1.5-natives-macos.jar
7f30d95a9000-7f30d95aa000 r--s 0000b000 08:05 14289386                   /home/gnome/.m2/repository/org/lwjgl/lwjgl-opengl/3.1.5/lwjgl-opengl-3.1.5-natives-macos.jar
7f30d95aa000-7f30d95ab000 r--s 00077000 08:05 14289372                   /home/gnome/.m2/repository/org/lwjgl/lwjgl-openal/3.1.5/lwjgl-openal-3.1.5-natives-linux.jar
7f30d95ab000-7f30d95ac000 r--s 00000000 08:05 14289412                   /home/gnome/.m2/repository/org/lwjgl/lwjgl-sse/3.1.5/lwjgl-sse-3.1.5-natives-linux.jar
7f30d95ac000-7f30d95ad000 r--s 00017000 08:05 14289317                   /home/gnome/.m2/repository/org/lwjgl/lwjgl-jemalloc/3.1.5/lwjgl-jemalloc-3.1.5-natives-macos.jar
7f30d95ad000-7f30d95ae000 r--s 00015000 08:05 14289360                   /home/gnome/.m2/repository/org/lwjgl/lwjgl-odbc/3.1.5/lwjgl-odbc-3.1.5.jar
7f30d95ae000-7f30d95af000 r--s 00005000 08:05 14289314                   /home/gnome/.m2/repository/org/lwjgl/lwjgl-jawt/3.1.5/lwjgl-jawt-3.1.5.jar
7f30d95af000-7f30d95b1000 r--s 00001000 08:05 30671217                   /home/gnome/.m2/repository/net/mikera/mathz/0.3.0/mathz-0.3.0.jar
7f30d95b1000-7f30d95b2000 r--s 00012000 08:05 14289442                   /home/gnome/.m2/repository/org/lwjgl/lwjgl-tootle/3.1.5/lwjgl-tootle-3.1.5-natives-macos.jar
7f30d95b2000-7f30d95b3000 r--s 00030000 08:05 14289330                   /home/gnome/.m2/repository/org/lwjgl/lwjgl-jemalloc/3.1.5/lwjgl-jemalloc-3.1.5-natives-windows.jar
7f30d95b3000-7f30d95b5000 r--s 00005000 08:05 14289415                   /home/gnome/.m2/repository/org/lwjgl/lwjgl-par/3.1.5/lwjgl-par-3.1.5-natives-linux.jar
7f30d95b5000-7f30d95b6000 r--s 00021000 08:05 14289336                   /home/gnome/.m2/repository/org/lwjgl/lwjgl-nuklear/3.1.5/lwjgl-nuklear-3.1.5-natives-linux.jar
7f30d95b6000-7f30d95b8000 r--s 00009000 08:05 14289451                   /home/gnome/.m2/repository/org/lwjgl/lwjgl-zstd/3.1.5/lwjgl-zstd-3.1.5.jar
7f30d95b8000-7f30d95b9000 r--s 00032000 08:05 14289462                   /home/gnome/.m2/repository/org/lwjgl/lwjgl-tootle/3.1.5/lwjgl-tootle-3.1.5-natives-windows.jar
7f30d95b9000-7f30d95bb000 r--s 00008000 08:05 14289343                   /home/gnome/.m2/repository/org/lwjgl/lwjgl-jemalloc/3.1.5/lwjgl-jemalloc-3.1.5.jar
7f30d95bb000-7f30d95bc000 r--s 00044000 08:05 14289493                   /home/gnome/.m2/repository/org/lwjgl/lwjgl-tinyexr/3.1.5/lwjgl-tinyexr-3.1.5-natives-windows.jar
7f30d95bc000-7f30d95bd000 r--s 0002a000 08:05 14289371                   /home/gnome/.m2/repository/org/lwjgl/lwjgl-opengl/3.1.5/lwjgl-opengl-3.1.5-natives-windows.jar
7f30d95bd000-7f30d95be000 r--s 00002000 08:05 14290192                   /home/gnome/.m2/repository/clojure-complete/clojure-complete/0.2.4/clojure-complete-0.2.4.jar
7f30d95be000-7f30d95c0000 r--s 0000a000 08:05 14289311                   /home/gnome/.m2/repository/org/lwjgl/lwjgl-lz4/3.1.5/lwjgl-lz4-3.1.5.jar
7f30d95c0000-7f30d95c2000 r--s 00004000 08:05 14289487                   /home/gnome/.m2/repository/org/lwjgl/lwjgl-xxhash/3.1.5/lwjgl-xxhash-3.1.5.jar
7f30d95c2000-7f30d95c6000 r--s 0001e000 08:05 14289290                   /home/gnome/.m2/repository/org/lwjgl/lwjgl-egl/3.1.5/lwjgl-egl-3.1.5.jar
7f30d95c6000-7f30d95c7000 r--s 0002d000 08:05 14289335                   /home/gnome/.m2/repository/org/lwjgl/lwjgl-nuklear/3.1.5/lwjgl-nuklear-3.1.5-natives-macos.jar
7f30d95c7000-7f30d95c8000 r--s 00001000 08:05 14289342                   /home/gnome/.m2/repository/org/lwjgl/lwjgl-nfd/3.1.5/lwjgl-nfd-3.1.5-natives-linux.jar
7f30d95c8000-7f30d95ca000 r--s 0001e000 08:05 30671216                   /home/gnome/.m2/repository/net/mikera/core.matrix/0.60.3/core.matrix-0.60.3.jar
7f30d95ca000-7f30d95cb000 r--s 00222000 08:05 14289295                   /home/gnome/.m2/repository/org/lwjgl/lwjgl-assimp/3.1.5/lwjgl-assimp-3.1.5-natives-macos.jar
7f30d95cb000-7f30d95cd000 r--s 0000f000 08:05 14424349                   /home/gnome/.m2/repository/prismatic/schema/1.1.9/schema-1.1.9.jar
7f30d95cd000-7f30d95ce000 r--s 00009000 08:05 14290190                   /home/gnome/.m2/repository/org/clojure/tools.nrepl/0.2.12/tools.nrepl-0.2.12.jar
7f30d95ce000-7f30d95cf000 r--s 00026000 08:05 14289340                   /home/gnome/.m2/repository/org/lwjgl/lwjgl-nanovg/3.1.5/lwjgl-nanovg-3.1.5-natives-macos.jar
7f30d95cf000-7f30d95d1000 r--s 00002000 08:05 14289433                   /home/gnome/.m2/repository/org/lwjgl/lwjgl-rpmalloc/3.1.5/lwjgl-rpmalloc-3.1.5.jar
7f30d95d1000-7f30d95d3000 r--s 00013000 08:05 14289448                   /home/gnome/.m2/repository/org/lwjgl/lwjgl-sse/3.1.5/lwjgl-sse-3.1.5-natives-windows.jar
7f30d95d3000-7f30d95d7000 r--s 00026000 08:05 14289358                   /home/gnome/.m2/repository/org/lwjgl/lwjgl-opencl/3.1.5/lwjgl-opencl-3.1.5.jar
7f30d95d7000-7f30d95d8000 r--s 0001f000 08:05 14289319                   /home/gnome/.m2/repository/org/lwjgl/lwjgl-jemalloc/3.1.5/lwjgl-jemalloc-3.1.5-natives-linux.jar
7f30d95d8000-7f30d95d9000 r--s 00002000 08:05 14289388                   /home/gnome/.m2/repository/org/lwjgl/lwjgl-rpmalloc/3.1.5/lwjgl-rpmalloc-3.1.5-natives-linux.jar
7f30d95d9000-7f30d95db000 r--s 00011000 08:05 14289353                   /home/gnome/.m2/repository/org/lwjgl/lwjgl-openal/3.1.5/lwjgl-openal-3.1.5.jar
7f30d95db000-7f30d95dc000 r--s 0001c000 08:05 14289326                   /home/gnome/.m2/repository/org/lwjgl/lwjgl-openvr/3.1.5/lwjgl-openvr-3.1.5-natives-linux.jar
7f30d95dc000-7f30d95dd000 r--s 0000a000 08:05 14289437                   /home/gnome/.m2/repository/org/lwjgl/lwjgl-yoga/3.1.5/lwjgl-yoga-3.1.5-natives-linux.jar
7f30d95dd000-7f30d95df000 r--s 00048000 08:05 14289492                   /home/gnome/.m2/repository/org/lwjgl/lwjgl-zstd/3.1.5/lwjgl-zstd-3.1.5-natives-windows.jar
7f30d95df000-7f30d95e0000 r--s 00000000 08:05 14289407                   /home/gnome/.m2/repository/org/lwjgl/lwjgl-sse/3.1.5/lwjgl-sse-3.1.5-natives-macos.jar
7f30d95e0000-7f30d95e1000 r--s 00015000 08:05 14289484                   /home/gnome/.m2/repository/org/lwjgl/lwjgl-xxhash/3.1.5/lwjgl-xxhash-3.1.5-natives-windows.jar
7f30d95e1000-7f30d95e2000 r--s 00104000 08:05 14289383                   /home/gnome/.m2/repository/org/lwjgl/lwjgl-openal/3.1.5/lwjgl-openal-3.1.5-natives-windows.jar
7f30d95e2000-7f30d95e4000 r--s 00005000 08:05 14289355                   /home/gnome/.m2/repository/org/lwjgl/lwjgl-lmdb/3.1.5/lwjgl-lmdb-3.1.5.jar
7f30d95e4000-7f30d95e6000 r--s 000a6000 08:05 14289322                   /home/gnome/.m2/repository/org/lwjgl/lwjgl-bgfx/3.1.5/lwjgl-bgfx-3.1.5-natives-windows.jar
7f30d95e6000-7f30d95ec000 r--s 0004e000 08:05 14289404                   /home/gnome/.m2/repository/org/lwjgl/lwjgl-opengles/3.1.5/lwjgl-opengles-3.1.5.jar
7f30d95ec000-7f30d95ed000 r--s 00001000 08:05 20188567                   /home/gnome/.m2/repository/org/clojure/tools.macro/0.1.5/tools.macro-0.1.5.jar
7f30d95ed000-7f30d95f0000 r--s 00024000 08:05 14289296                   /home/gnome/.m2/repository/org/lwjgl/lwjgl-bgfx/3.1.5/lwjgl-bgfx-3.1.5.jar
7f30d95f0000-7f30d95fa000 r--s 000be000 08:05 14289380                   /home/gnome/.m2/repository/org/lwjgl/lwjgl-opengl/3.1.5/lwjgl-opengl-3.1.5.jar
7f30d95fa000-7f30d95fb000 r--s 00016000 08:05 14289431                   /home/gnome/.m2/repository/org/lwjgl/lwjgl-rpmalloc/3.1.5/lwjgl-rpmalloc-3.1.5-natives-windows.jar
7f30d95fb000-7f30d95fc000 r--s 00009000 08:05 14289443                   /home/gnome/.m2/repository/org/lwjgl/lwjgl-tinyfd/3.1.5/lwjgl-tinyfd-3.1.5-natives-linux.jar
7f30d95fc000-7f30d95fd000 r--s 0001c000 08:05 14289370                   /home/gnome/.m2/repository/org/lwjgl/lwjgl-opengles/3.1.5/lwjgl-opengles-3.1.5-natives-windows.jar
7f30d95fd000-7f30d9600000 r--s 00013000 08:05 14289541                   /home/gnome/.m2/repository/us/bpsm/edn-java/0.4.7/edn-java-0.4.7.jar
7f30d9600000-7f30d9602000 r--s 0000c000 08:05 14289491                   /home/gnome/.m2/repository/org/lwjgl/lwjgl-yoga/3.1.5/lwjgl-yoga-3.1.5.jar
7f30d9602000-7f30d9603000 r--s 0000c000 08:05 14289454                   /home/gnome/.m2/repository/org/lwjgl/lwjgl-tootle/3.1.5/lwjgl-tootle-3.1.5-natives-linux.jar
7f30d9603000-7f30d9803000 rw-p 00000000 00:00 0 
7f30d9803000-7f30d9846000 r--s 00332000 08:05 19532544                   /home/gnome/.m2/repository/org/clojure/clojure/1.8.0/clojure-1.8.0.jar
7f30d9846000-7f30d9847000 r--s 00031000 08:05 14289452                   /home/gnome/.m2/repository/org/lwjgl/lwjgl-tinyfd/3.1.5/lwjgl-tinyfd-3.1.5-natives-windows.jar
7f30d9847000-7f30d9848000 r--s 00064000 08:05 14289359                   /home/gnome/.m2/repository/org/lwjgl/lwjgl-openal/3.1.5/lwjgl-openal-3.1.5-natives-macos.jar
7f30d9848000-7f30d9849000 r--s 00001000 08:05 14289419                   /home/gnome/.m2/repository/org/lwjgl/lwjgl-rpmalloc/3.1.5/lwjgl-rpmalloc-3.1.5-natives-macos.jar
7f30d9849000-7f30d9864000 r--s 001d6000 08:12 3937242                    /usr/lib/jvm/java-8-openjdk-amd64/jre/lib/ext/nashorn.jar
7f30d9864000-7f30d9866000 r--s 00008000 08:12 3937243                    /usr/lib/jvm/java-8-openjdk-amd64/jre/lib/ext/sunec.jar
7f30d9866000-7f30d9870000 r--s 00116000 08:12 3937241                    /usr/lib/jvm/java-8-openjdk-amd64/jre/lib/ext/localedata.jar
7f30d9870000-7f30d988b000 r--s 00394000 08:12 3937237                    /usr/lib/jvm/java-8-openjdk-amd64/jre/lib/ext/cldrdata.jar
7f30d988b000-7f30d988c000 ---p 00000000 00:00 0 
7f30d988c000-7f30d998c000 rw-p 00000000 00:00 0 
7f30d998c000-7f30d998f000 ---p 00000000 00:00 0 
7f30d998f000-7f30d9a8d000 rw-p 00000000 00:00 0 
7f30d9a8d000-7f30d9a90000 ---p 00000000 00:00 0 
7f30d9a90000-7f30d9b8e000 rw-p 00000000 00:00 0 
7f30d9b8e000-7f30d9b91000 ---p 00000000 00:00 0 
7f30d9b91000-7f30d9c8f000 rw-p 00000000 00:00 0 
7f30d9c8f000-7f30d9c92000 ---p 00000000 00:00 0 
7f30d9c92000-7f30d9d90000 rw-p 00000000 00:00 0 
7f30d9d90000-7f30d9d93000 ---p 00000000 00:00 0 
7f30d9d93000-7f30d9e91000 rw-p 00000000 00:00 0 
7f30d9e91000-7f30da29e000 r--p 00000000 08:12 3540310                    /usr/lib/locale/locale-archive
7f30da29e000-7f30da2a1000 ---p 00000000 00:00 0 
7f30da2a1000-7f30da39f000 rw-p 00000000 00:00 0 
7f30da39f000-7f30da3a2000 ---p 00000000 00:00 0 
7f30da3a2000-7f30da4a0000 rw-p 00000000 00:00 0 
7f30da4a0000-7f30da4a1000 ---p 00000000 00:00 0 
7f30da4a1000-7f30dd000000 rw-p 00000000 00:00 0 
7f30dd000000-7f30ddbb0000 rwxp 00000000 00:00 0 
7f30ddbb0000-7f30ec000000 ---p 00000000 00:00 0 
7f30ec000000-7f30eccba000 rw-p 00000000 00:00 0 
7f30eccba000-7f30f0000000 ---p 00000000 00:00 0 
7f30f0000000-7f30f0003000 r--s 0000f000 08:12 3937239                    /usr/lib/jvm/java-8-openjdk-amd64/jre/lib/ext/icedtea-sound.jar
7f30f0003000-7f30f0005000 r--s 00001000 08:12 3937238                    /usr/lib/jvm/java-8-openjdk-amd64/jre/lib/ext/dnsns.jar
7f30f0005000-7f30f034a000 rw-p 00000000 00:00 0 
7f30f034a000-7f30f0519000 r--s 03c2f000 08:12 3679688                    /usr/lib/jvm/java-8-openjdk-amd64/jre/lib/rt.jar
7f30f0519000-7f30f0f6e000 rw-p 00000000 00:00 0 
7f30f0f6e000-7f30f0f6f000 ---p 00000000 00:00 0 
7f30f0f6f000-7f30f106f000 rw-p 00000000 00:00 0 
7f30f106f000-7f30f1070000 ---p 00000000 00:00 0 
7f30f1070000-7f30f1170000 rw-p 00000000 00:00 0 
7f30f1170000-7f30f1171000 ---p 00000000 00:00 0 
7f30f1171000-7f30f1271000 rw-p 00000000 00:00 0 
7f30f1271000-7f30f1272000 ---p 00000000 00:00 0 
7f30f1272000-7f30f1384000 rw-p 00000000 00:00 0 
7f30f1384000-7f30f14b2000 ---p 00000000 00:00 0 
7f30f14b2000-7f30f14c4000 rw-p 00000000 00:00 0 
7f30f14c4000-7f30f15f1000 ---p 00000000 00:00 0 
7f30f15f1000-7f30f1652000 rw-p 00000000 00:00 0 
7f30f1652000-7f30f1691000 ---p 00000000 00:00 0 
7f30f1691000-7f30f16c1000 rw-p 00000000 00:00 0 
7f30f16c1000-7f30f1a52000 ---p 00000000 00:00 0 
7f30f1a52000-7f30f1a5a000 r-xp 00000000 08:12 3679675                    /usr/lib/jvm/java-8-openjdk-amd64/jre/lib/amd64/libzip.so
7f30f1a5a000-7f30f1c59000 ---p 00008000 08:12 3679675                    /usr/lib/jvm/java-8-openjdk-amd64/jre/lib/amd64/libzip.so
7f30f1c59000-7f30f1c5a000 r--p 00007000 08:12 3679675                    /usr/lib/jvm/java-8-openjdk-amd64/jre/lib/amd64/libzip.so
7f30f1c5a000-7f30f1c5b000 rw-p 00008000 08:12 3679675                    /usr/lib/jvm/java-8-openjdk-amd64/jre/lib/amd64/libzip.so
7f30f1c5b000-7f30f1c66000 r-xp 00000000 08:12 6034014                    /lib/x86_64-linux-gnu/libnss_files-2.26.so
7f30f1c66000-7f30f1e65000 ---p 0000b000 08:12 6034014                    /lib/x86_64-linux-gnu/libnss_files-2.26.so
7f30f1e65000-7f30f1e66000 r--p 0000a000 08:12 6034014                    /lib/x86_64-linux-gnu/libnss_files-2.26.so
7f30f1e66000-7f30f1e67000 rw-p 0000b000 08:12 6034014                    /lib/x86_64-linux-gnu/libnss_files-2.26.so
7f30f1e67000-7f30f1e6d000 rw-p 00000000 00:00 0 
7f30f1e6d000-7f30f1e78000 r-xp 00000000 08:12 6034039                    /lib/x86_64-linux-gnu/libnss_nis-2.26.so
7f30f1e78000-7f30f2077000 ---p 0000b000 08:12 6034039                    /lib/x86_64-linux-gnu/libnss_nis-2.26.so
7f30f2077000-7f30f2078000 r--p 0000a000 08:12 6034039                    /lib/x86_64-linux-gnu/libnss_nis-2.26.so
7f30f2078000-7f30f2079000 rw-p 0000b000 08:12 6034039                    /lib/x86_64-linux-gnu/libnss_nis-2.26.so
7f30f2079000-7f30f2090000 r-xp 00000000 08:12 6033957                    /lib/x86_64-linux-gnu/libnsl-2.26.so
7f30f2090000-7f30f228f000 ---p 00017000 08:12 6033957                    /lib/x86_64-linux-gnu/libnsl-2.26.so
7f30f228f000-7f30f2290000 r--p 00016000 08:12 6033957                    /lib/x86_64-linux-gnu/libnsl-2.26.so
7f30f2290000-7f30f2291000 rw-p 00017000 08:12 6033957                    /lib/x86_64-linux-gnu/libnsl-2.26.so
7f30f2291000-7f30f2293000 rw-p 00000000 00:00 0 
7f30f2293000-7f30f229b000 r-xp 00000000 08:12 6033958                    /lib/x86_64-linux-gnu/libnss_compat-2.26.so
7f30f229b000-7f30f249a000 ---p 00008000 08:12 6033958                    /lib/x86_64-linux-gnu/libnss_compat-2.26.so
7f30f249a000-7f30f249b000 r--p 00007000 08:12 6033958                    /lib/x86_64-linux-gnu/libnss_compat-2.26.so
7f30f249b000-7f30f249c000 rw-p 00008000 08:12 6033958                    /lib/x86_64-linux-gnu/libnss_compat-2.26.so
7f30f249c000-7f30f24ca000 r-xp 00000000 08:12 3679132                    /usr/lib/jvm/java-8-openjdk-amd64/jre/lib/amd64/libjava.so
7f30f24ca000-7f30f26c9000 ---p 0002e000 08:12 3679132                    /usr/lib/jvm/java-8-openjdk-amd64/jre/lib/amd64/libjava.so
7f30f26c9000-7f30f26ca000 r--p 0002d000 08:12 3679132                    /usr/lib/jvm/java-8-openjdk-amd64/jre/lib/amd64/libjava.so
7f30f26ca000-7f30f26cc000 rw-p 0002e000 08:12 3679132                    /usr/lib/jvm/java-8-openjdk-amd64/jre/lib/amd64/libjava.so
7f30f26cc000-7f30f26dc000 r-xp 00000000 08:12 3679674                    /usr/lib/jvm/java-8-openjdk-amd64/jre/lib/amd64/libverify.so
7f30f26dc000-7f30f28db000 ---p 00010000 08:12 3679674                    /usr/lib/jvm/java-8-openjdk-amd64/jre/lib/amd64/libverify.so
7f30f28db000-7f30f28dd000 r--p 0000f000 08:12 3679674                    /usr/lib/jvm/java-8-openjdk-amd64/jre/lib/amd64/libverify.so
7f30f28dd000-7f30f28de000 rw-p 00011000 08:12 3679674                    /usr/lib/jvm/java-8-openjdk-amd64/jre/lib/amd64/libverify.so
7f30f28de000-7f30f28e5000 r-xp 00000000 08:12 6034886                    /lib/x86_64-linux-gnu/librt-2.26.so
7f30f28e5000-7f30f2ae4000 ---p 00007000 08:12 6034886                    /lib/x86_64-linux-gnu/librt-2.26.so
7f30f2ae4000-7f30f2ae5000 r--p 00006000 08:12 6034886                    /lib/x86_64-linux-gnu/librt-2.26.so
7f30f2ae5000-7f30f2ae6000 rw-p 00007000 08:12 6034886                    /lib/x86_64-linux-gnu/librt-2.26.so
7f30f2ae6000-7f30f2afc000 r-xp 00000000 08:12 6029328                    /lib/x86_64-linux-gnu/libgcc_s.so.1
7f30f2afc000-7f30f2cfb000 ---p 00016000 08:12 6029328                    /lib/x86_64-linux-gnu/libgcc_s.so.1
7f30f2cfb000-7f30f2cfc000 r--p 00015000 08:12 6029328                    /lib/x86_64-linux-gnu/libgcc_s.so.1
7f30f2cfc000-7f30f2cfd000 rw-p 00016000 08:12 6029328                    /lib/x86_64-linux-gnu/libgcc_s.so.1
7f30f2cfd000-7f30f2e52000 r-xp 00000000 08:12 6033919                    /lib/x86_64-linux-gnu/libm-2.26.so
7f30f2e52000-7f30f3051000 ---p 00155000 08:12 6033919                    /lib/x86_64-linux-gnu/libm-2.26.so
7f30f3051000-7f30f3052000 r--p 00154000 08:12 6033919                    /lib/x86_64-linux-gnu/libm-2.26.so
7f30f3052000-7f30f3053000 rw-p 00155000 08:12 6033919                    /lib/x86_64-linux-gnu/libm-2.26.so
7f30f3053000-7f30f31cb000 r-xp 00000000 08:12 3539130                    /usr/lib/x86_64-linux-gnu/libstdc++.so.6.0.24
7f30f31cb000-7f30f33ca000 ---p 00178000 08:12 3539130                    /usr/lib/x86_64-linux-gnu/libstdc++.so.6.0.24
7f30f33ca000-7f30f33d4000 r--p 00177000 08:12 3539130                    /usr/lib/x86_64-linux-gnu/libstdc++.so.6.0.24
7f30f33d4000-7f30f33d6000 rw-p 00181000 08:12 3539130                    /usr/lib/x86_64-linux-gnu/libstdc++.so.6.0.24
7f30f33d6000-7f30f33d9000 rw-p 00000000 00:00 0 
7f30f33d9000-7f30f406a000 r-xp 00000000 08:12 3937231                    /usr/lib/jvm/java-8-openjdk-amd64/jre/lib/amd64/server/libjvm.so
7f30f406a000-7f30f426a000 ---p 00c91000 08:12 3937231                    /usr/lib/jvm/java-8-openjdk-amd64/jre/lib/amd64/server/libjvm.so
7f30f426a000-7f30f42fd000 r--p 00c91000 08:12 3937231                    /usr/lib/jvm/java-8-openjdk-amd64/jre/lib/amd64/server/libjvm.so
7f30f42fd000-7f30f4325000 rw-p 00d24000 08:12 3937231                    /usr/lib/jvm/java-8-openjdk-amd64/jre/lib/amd64/server/libjvm.so
7f30f4325000-7f30f4356000 rw-p 00000000 00:00 0 
7f30f4356000-7f30f4370000 r-xp 00000000 08:12 6034884                    /lib/x86_64-linux-gnu/libpthread-2.26.so
7f30f4370000-7f30f456f000 ---p 0001a000 08:12 6034884                    /lib/x86_64-linux-gnu/libpthread-2.26.so
7f30f456f000-7f30f4570000 r--p 00019000 08:12 6034884                    /lib/x86_64-linux-gnu/libpthread-2.26.so
7f30f4570000-7f30f4571000 rw-p 0001a000 08:12 6034884                    /lib/x86_64-linux-gnu/libpthread-2.26.so
7f30f4571000-7f30f4575000 rw-p 00000000 00:00 0 
7f30f4575000-7f30f4578000 r-xp 00000000 08:12 6033918                    /lib/x86_64-linux-gnu/libdl-2.26.so
7f30f4578000-7f30f4777000 ---p 00003000 08:12 6033918                    /lib/x86_64-linux-gnu/libdl-2.26.so
7f30f4777000-7f30f4778000 r--p 00002000 08:12 6033918                    /lib/x86_64-linux-gnu/libdl-2.26.so
7f30f4778000-7f30f4779000 rw-p 00003000 08:12 6033918                    /lib/x86_64-linux-gnu/libdl-2.26.so
7f30f4779000-7f30f4795000 r-xp 00000000 08:12 6034076                    /lib/x86_64-linux-gnu/libz.so.1.2.11
7f30f4795000-7f30f4994000 ---p 0001c000 08:12 6034076                    /lib/x86_64-linux-gnu/libz.so.1.2.11
7f30f4994000-7f30f4995000 r--p 0001b000 08:12 6034076                    /lib/x86_64-linux-gnu/libz.so.1.2.11
7f30f4995000-7f30f4996000 rw-p 0001c000 08:12 6034076                    /lib/x86_64-linux-gnu/libz.so.1.2.11
7f30f4996000-7f30f4b6c000 r-xp 00000000 08:12 6033915                    /lib/x86_64-linux-gnu/libc-2.26.so
7f30f4b6c000-7f30f4d6c000 ---p 001d6000 08:12 6033915                    /lib/x86_64-linux-gnu/libc-2.26.so
7f30f4d6c000-7f30f4d70000 r--p 001d6000 08:12 6033915                    /lib/x86_64-linux-gnu/libc-2.26.so
7f30f4d70000-7f30f4d72000 rw-p 001da000 08:12 6033915                    /lib/x86_64-linux-gnu/libc-2.26.so
7f30f4d72000-7f30f4d76000 rw-p 00000000 00:00 0 
7f30f4d76000-7f30f4d84000 r-xp 00000000 08:12 3679118                    /usr/lib/jvm/java-8-openjdk-amd64/jre/lib/amd64/jli/libjli.so
7f30f4d84000-7f30f4f83000 ---p 0000e000 08:12 3679118                    /usr/lib/jvm/java-8-openjdk-amd64/jre/lib/amd64/jli/libjli.so
7f30f4f83000-7f30f4f84000 r--p 0000d000 08:12 3679118                    /usr/lib/jvm/java-8-openjdk-amd64/jre/lib/amd64/jli/libjli.so
7f30f4f84000-7f30f4f85000 rw-p 0000e000 08:12 3679118                    /usr/lib/jvm/java-8-openjdk-amd64/jre/lib/amd64/jli/libjli.so
7f30f4f85000-7f30f4fac000 r-xp 00000000 08:12 6029336                    /lib/x86_64-linux-gnu/ld-2.26.so
7f30f4fac000-7f30f4fad000 r--s 00010000 08:12 3937246                    /usr/lib/jvm/java-8-openjdk-amd64/jre/lib/ext/zipfs.jar
7f30f4fad000-7f30f4fae000 r--s 0000a000 08:12 3937240                    /usr/lib/jvm/java-8-openjdk-amd64/jre/lib/ext/jaccess.jar
7f30f4fae000-7f30f4fb4000 r--s 0003b000 08:12 3937244                    /usr/lib/jvm/java-8-openjdk-amd64/jre/lib/ext/sunjce_provider.jar
7f30f4fb4000-7f30f4fb7000 r--s 00038000 08:12 3937245                    /usr/lib/jvm/java-8-openjdk-amd64/jre/lib/ext/sunpkcs11.jar
7f30f4fb7000-7f30f5088000 rw-p 00000000 00:00 0 
7f30f5088000-7f30f508b000 ---p 00000000 00:00 0 
7f30f508b000-7f30f518b000 rw-p 00000000 00:00 0 
7f30f518b000-7f30f518d000 r--s 00007000 08:12 3940073                    /usr/share/java/java-atk-wrapper.jar
7f30f518d000-7f30f51a0000 rw-p 00000000 00:00 0 
7f30f51a0000-7f30f51a8000 rw-s 00000000 08:07 129286                     /tmp/hsperfdata_gnome/11284
7f30f51a8000-7f30f51a9000 rw-p 00000000 00:00 0 
7f30f51a9000-7f30f51aa000 r--p 00000000 00:00 0 
7f30f51aa000-7f30f51ac000 rw-p 00000000 00:00 0 
7f30f51ac000-7f30f51ad000 r--p 00027000 08:12 6029336                    /lib/x86_64-linux-gnu/ld-2.26.so
7f30f51ad000-7f30f51ae000 rw-p 00028000 08:12 6029336                    /lib/x86_64-linux-gnu/ld-2.26.so
7f30f51ae000-7f30f51af000 rw-p 00000000 00:00 0 
7fff7ebbc000-7fff7ebe0000 rw-p 00000000 00:00 0                          [stack]
7fff7ebed000-7fff7ebf0000 r--p 00000000 00:00 0                          [vvar]
7fff7ebf0000-7fff7ebf2000 r-xp 00000000 00:00 0                          [vdso]
ffffffffff600000-ffffffffff601000 r-xp 00000000 00:00 0                  [vsyscall]

VM Arguments:
jvm_args: -Dfile.encoding=UTF-8 -Dclojure.compile.path=/home/gnome/src/gmae-engine/target/classes -Dengine.version=0.4.0 -Dclojure.debug=false 
java_command: clojure.main -i /tmp/form-init173627173066649048.clj
java_class_path (initial): /home/gnome/src/gmae-engine/test:/home/gnome/src/gmae-engine/src:/home/gnome/src/gmae-engine/dev-resources:/home/gnome/src/gmae-engine/resources:/home/gnome/src/gmae-engine/target/classes:/home/gnome/.m2/repository/org/lwjgl/lwjgl-rpmalloc/3.1.5/lwjgl-rpmalloc-3.1.5-natives-macos.jar:/home/gnome/.m2/repository/org/lwjgl/lwjgl-openal/3.1.5/lwjgl-openal-3.1.5-natives-macos.jar:/home/gnome/.m2/repository/org/lwjgl/lwjgl-tinyfd/3.1.5/lwjgl-tinyfd-3.1.5-natives-windows.jar:/home/gnome/.m2/repository/org/clojure/clojure/1.8.0/clojure-1.8.0.jar:/home/gnome/.m2/repository/org/lwjgl/lwjgl-tootle/3.1.5/lwjgl-tootle-3.1.5-natives-linux.jar:/home/gnome/.m2/repository/org/lwjgl/lwjgl-yoga/3.1.5/lwjgl-yoga-3.1.5.jar:/home/gnome/.m2/repository/us/bpsm/edn-java/0.4.7/edn-java-0.4.7.jar:/home/gnome/.m2/repository/org/lwjgl/lwjgl-opengles/3.1.5/lwjgl-opengles-3.1.5-natives-windows.jar:/home/gnome/.m2/repository/org/lwjgl/lwjgl-tinyfd/3.1.5/lwjgl-tinyfd-3.1.5-natives-linux.jar:/home/gnome/.m2/repository/org/lwjgl/lwjgl-rpmalloc/3.1.5/lwjgl-rpmalloc-3.1.5-natives-windows.jar:/home/gnome/.m2/repository/org/lwjgl/lwjgl-opengl/3.1.5/lwjgl-opengl-3.1.5.jar:/home/gnome/.m2/repository/org/lwjgl/lwjgl-bgfx/3.1.5/lwjgl-bgfx-3.1.5.jar:/home/gnome/.m2/repository/org/clojure/tools.macro/0.1.5/tools.macro-0.1.5.jar:/home/gnome/.m2/repository/org/lwjgl/lwjgl-opengles/3.1.5/lwjgl-opengles-3.1.5.jar:/home/gnome/.m2/repository/org/lwjgl/lwjgl-bgfx/3.1.5/lwjgl-bgfx-3.1.5-natives-windows.jar:/home/gnome/.m2/repository/org/lwjgl/lwjgl-lmdb/3.1.5/lwjgl-lmdb-3.1.5.jar:/home/gnome/.m2/repository/org/lwjgl/lwjgl-openal/3.1.5/lwjgl-openal-3.1.5-natives-windows.jar:/home/gnome/.m2/repository/org/lwjgl/lwjgl-xxhash/3.1.5/lwjgl-xxhash-3.1.5-natives-windows.jar:/home/gnome/.m2/repository/org/lwjgl/lwjgl-sse/3.1.5/lwjgl-sse-3.1.5-natives-macos.jar:/home/gnome/.m2/repository/org/lwjgl/lwjgl-zstd/3.1.5/lwjgl-zstd-3.1.5-natives-windows.jar:/home/gnome/.m2/repository/org/lwjgl/lwjgl-yoga/3
Launcher Type: SUN_STANDARD

Environment Variables:
CLASSPATH=/home/gnome/.lein/self-installs/leiningen-2.8.1-standalone.jar
PATH=/home/gnome/.sdkman/candidates/gradle/current/bin:/home/gnome/bin:/usr/local/bin:/home/gnome/.local/bin:/home/gnome/.go/bin:/home/gnome/.cargo/bin:/home/gnome/bin:/usr/local/bin:/usr/bin:/bin:/usr/local/games:/usr/games:/snap/bin:/home/gnome/.go-root/bin
SHELL=/usr/bin/zsh
DISPLAY=:0.0

Signal Handlers:
SIGSEGV: [libjvm.so+0xaabe00], sa_mask[0]=11111111011111111101111111111110, sa_flags=SA_RESTART|SA_SIGINFO
SIGBUS: [libjvm.so+0xaabe00], sa_mask[0]=11111111011111111101111111111110, sa_flags=SA_RESTART|SA_SIGINFO
SIGFPE: [libjvm.so+0x8e1dd0], sa_mask[0]=11111111011111111101111111111110, sa_flags=SA_RESTART|SA_SIGINFO
SIGPIPE: [libjvm.so+0x8e1dd0], sa_mask[0]=11111111011111111101111111111110, sa_flags=SA_RESTART|SA_SIGINFO
SIGXFSZ: [libjvm.so+0x8e1dd0], sa_mask[0]=11111111011111111101111111111110, sa_flags=SA_RESTART|SA_SIGINFO
SIGILL: [libjvm.so+0x8e1dd0], sa_mask[0]=11111111011111111101111111111110, sa_flags=SA_RESTART|SA_SIGINFO
SIGUSR1: SIG_DFL, sa_mask[0]=00000000000000000000000000000000, sa_flags=none
SIGUSR2: [libjvm.so+0x8e1c80], sa_mask[0]=00100000000000000000000000000000, sa_flags=SA_RESTART|SA_SIGINFO
SIGHUP: [libjvm.so+0x8e2130], sa_mask[0]=11111111011111111101111111111110, sa_flags=SA_RESTART|SA_SIGINFO
SIGINT: [libjvm.so+0x8e2130], sa_mask[0]=11111111011111111101111111111110, sa_flags=SA_RESTART|SA_SIGINFO
SIGTERM: [libjvm.so+0x8e2130], sa_mask[0]=11111111011111111101111111111110, sa_flags=SA_RESTART|SA_SIGINFO
SIGQUIT: [libjvm.so+0x8e2130], sa_mask[0]=11111111011111111101111111111110, sa_flags=SA_RESTART|SA_SIGINFO


---------------  S Y S T E M  ---------------

OS:DISTRIB_ID=Ubuntu
DISTRIB_RELEASE=17.10
DISTRIB_CODENAME=artful
DISTRIB_DESCRIPTION="Ubuntu 17.10"

uname:Linux 4.13.0-41-generic #46-Ubuntu SMP Wed May 2 13:38:30 UTC 2018 x86_64
libc:glibc 2.26 NPTL 2.26 
rlimit: STACK 8192k, CORE 0k, NPROC 14939, NOFILE 1048576, AS infinity
load average:3.95 3.92 3.54

/proc/meminfo:
MemTotal:        3920528 kB
MemFree:          880932 kB
MemAvailable:    1547476 kB
Buffers:           71308 kB
Cached:           599548 kB
SwapCached:         2692 kB
Active:          1865636 kB
Inactive:         930460 kB
Active(anon):    1486464 kB
Inactive(anon):   466868 kB
Active(file):     379172 kB
Inactive(file):   463592 kB
Unevictable:           0 kB
Mlocked:               0 kB
SwapTotal:       8191484 kB
SwapFree:        8169492 kB
Dirty:               580 kB
Writeback:             0 kB
AnonPages:       2123904 kB
Mapped:           342896 kB
Shmem:            272556 kB
Slab:             127596 kB
SReclaimable:      62792 kB
SUnreclaim:        64804 kB
KernelStack:        9168 kB
PageTables:        29032 kB
NFS_Unstable:          0 kB
Bounce:                0 kB
WritebackTmp:          0 kB
CommitLimit:    10151748 kB
Committed_AS:    6496084 kB
VmallocTotal:   34359738367 kB
VmallocUsed:           0 kB
VmallocChunk:          0 kB
HardwareCorrupted:     0 kB
AnonHugePages:         0 kB
ShmemHugePages:        0 kB
ShmemPmdMapped:        0 kB
CmaTotal:              0 kB
CmaFree:               0 kB
HugePages_Total:       0
HugePages_Free:        0
HugePages_Rsvd:        0
HugePages_Surp:        0
Hugepagesize:       2048 kB
DirectMap4k:      159236 kB
DirectMap2M:     3915776 kB
DirectMap1G:           0 kB


CPU:total 4 (initial active 4) (2 cores per cpu, 2 threads per core) family 6 model 142 stepping 9, cmov, cx8, fxsr, mmx, sse, sse2, sse3, ssse3, sse4.1, sse4.2, popcnt, avx, avx2, aes, clmul, erms, 3dnowpref, lzcnt, ht, tsc, tscinvbit, bmi1, bmi2, adx

/proc/cpuinfo:
processor	: 0
vendor_id	: GenuineIntel
cpu family	: 6
model		: 142
model name	: Intel(R) Core(TM) i3-7100U CPU @ 2.40GHz
stepping	: 9
microcode	: 0x4e
cpu MHz		: 2399.999
cache size	: 3072 KB
physical id	: 0
siblings	: 4
core id		: 0
cpu cores	: 2
apicid		: 0
initial apicid	: 0
fpu		: yes
fpu_exception	: yes
cpuid level	: 22
wp		: yes
flags		: fpu vme de pse tsc msr pae mce cx8 apic sep mtrr pge mca cmov pat pse36 clflush dts acpi mmx fxsr sse sse2 ss ht tm pbe syscall nx pdpe1gb rdtscp lm constant_tsc art arch_perfmon pebs bts rep_good nopl xtopology nonstop_tsc cpuid aperfmperf tsc_known_freq pni pclmulqdq dtes64 monitor ds_cpl vmx est tm2 ssse3 sdbg fma cx16 xtpr pdcm pcid sse4_1 sse4_2 x2apic movbe popcnt aes xsave avx f16c rdrand lahf_lm abm 3dnowprefetch cpuid_fault epb invpcid_single pti retpoline intel_pt rsb_ctxsw tpr_shadow vnmi flexpriority ept vpid fsgsbase tsc_adjust bmi1 avx2 smep bmi2 erms invpcid mpx rdseed adx smap clflushopt xsaveopt xsavec xgetbv1 xsaves dtherm arat pln pts hwp hwp_notify hwp_act_window hwp_epp
bugs		: cpu_meltdown spectre_v1 spectre_v2
bogomips	: 4800.00
clflush size	: 64
cache_alignment	: 64
address sizes	: 39 bits physical, 48 bits virtual
power management:

processor	: 1
vendor_id	: GenuineIntel
cpu family	: 6
model		: 142
model name	: Intel(R) Core(TM) i3-7100U CPU @ 2.40GHz
stepping	: 9
microcode	: 0x4e
cpu MHz		: 2399.999
cache size	: 3072 KB
physical id	: 0
siblings	: 4
core id		: 1
cpu cores	: 2
apicid		: 2
initial apicid	: 2
fpu		: yes
fpu_exception	: yes
cpuid level	: 22
wp		: yes
flags		: fpu vme de pse tsc msr pae mce cx8 apic sep mtrr pge mca cmov pat pse36 clflush dts acpi mmx fxsr sse sse2 ss ht tm pbe syscall nx pdpe1gb rdtscp lm constant_tsc art arch_perfmon pebs bts rep_good nopl xtopology nonstop_tsc cpuid aperfmperf tsc_known_freq pni pclmulqdq dtes64 monitor ds_cpl vmx est tm2 ssse3 sdbg fma cx16 xtpr pdcm pcid sse4_1 sse4_2 x2apic movbe popcnt aes xsave avx f16c rdrand lahf_lm abm 3dnowprefetch cpuid_fault epb invpcid_single pti retpoline intel_pt rsb_ctxsw tpr_shadow vnmi flexpriority ept vpid fsgsbase tsc_adjust bmi1 avx2 smep bmi2 erms invpcid mpx rdseed adx smap clflushopt xsaveopt xsavec xgetbv1 xsaves dtherm arat pln pts hwp hwp_notify hwp_act_window hwp_epp
bugs		: cpu_meltdown spectre_v1 spectre_v2
bogomips	: 4800.00
clflush size	: 64
cache_alignment	: 64
address sizes	: 39 bits physical, 48 bits virtual
power management:

processor	: 2
vendor_id	: GenuineIntel
cpu family	: 6
model		: 142
model name	: Intel(R) Core(TM) i3-7100U CPU @ 2.40GHz
stepping	: 9
microcode	: 0x4e
cpu MHz		: 2399.999
cache size	: 3072 KB
physical id	: 0
siblings	: 4
core id		: 0
cpu cores	: 2
apicid		: 1
initial apicid	: 1
fpu		: yes
fpu_exception	: yes
cpuid level	: 22
wp		: yes
flags		: fpu vme de pse tsc msr pae mce cx8 apic sep mtrr pge mca cmov pat pse36 clflush dts acpi mmx fxsr sse sse2 ss ht tm pbe syscall nx pdpe1gb rdtscp lm constant_tsc art arch_perfmon pebs bts rep_good nopl xtopology nonstop_tsc cpuid aperfmperf tsc_known_freq pni pclmulqdq dtes64 monitor ds_cpl vmx est tm2 ssse3 sdbg fma cx16 xtpr pdcm pcid sse4_1 sse4_2 x2apic movbe popcnt aes xsave avx f16c rdrand lahf_lm abm 3dnowprefetch cpuid_fault epb invpcid_single pti retpoline intel_pt rsb_ctxsw tpr_shadow vnmi flexpriority ept vpid fsgsbase tsc_adjust bmi1 avx2 smep bmi2 erms invpcid mpx rdseed adx smap clflushopt xsaveopt xsavec xgetbv1 xsaves dtherm arat pln pts hwp hwp_notify hwp_act_window hwp_epp
bugs		: cpu_meltdown spectre_v1 spectre_v2
bogomips	: 4800.00
clflush size	: 64
cache_alignment	: 64
address sizes	: 39 bits physical, 48 bits virtual
power management:

processor	: 3
vendor_id	: GenuineIntel
cpu family	: 6
model		: 142
model name	: Intel(R) Core(TM) i3-7100U CPU @ 2.40GHz
stepping	: 9
microcode	: 0x4e
cpu MHz		: 2399.999
cache size	: 3072 KB
physical id	: 0
siblings	: 4
core id		: 1
cpu cores	: 2
apicid		: 3
initial apicid	: 3
fpu		: yes
fpu_exception	: yes
cpuid level	: 22
wp		: yes
flags		: fpu vme de pse tsc msr pae mce cx8 apic sep mtrr pge mca cmov pat pse36 clflush dts acpi mmx fxsr sse sse2 ss ht tm pbe syscall nx pdpe1gb rdtscp lm constant_tsc art arch_perfmon pebs bts rep_good nopl xtopology nonstop_tsc cpuid aperfmperf tsc_known_freq pni pclmulqdq dtes64 monitor ds_cpl vmx est tm2 ssse3 sdbg fma cx16 xtpr pdcm pcid sse4_1 sse4_2 x2apic movbe popcnt aes xsave avx f16c rdrand lahf_lm abm 3dnowprefetch cpuid_fault epb invpcid_single pti retpoline intel_pt rsb_ctxsw tpr_shadow vnmi flexpriority ept vpid fsgsbase tsc_adjust bmi1 avx2 smep bmi2 erms invpcid mpx rdseed adx smap clflushopt xsaveopt xsavec xgetbv1 xsaves dtherm arat pln pts hwp hwp_notify hwp_act_window hwp_epp
bugs		: cpu_meltdown spectre_v1 spectre_v2
bogomips	: 4800.00
clflush size	: 64
cache_alignment	: 64
address sizes	: 39 bits physical, 48 bits virtual
power management:



Memory: 4k page, physical 3920528k(881552k free), swap 8191484k(8169492k free)

vm_info: OpenJDK 64-Bit Server VM (25.171-b11) for linux-amd64 JRE (1.8.0_171-8u171-b11-0ubuntu0.17.10.1-b11), built on Apr 26 2018 15:59:34 by "buildd" with gcc 7.2.0

time: Sun May 20 17:26:50 2018
elapsed time: 151 seconds (0d 0h 2m 31s)

