#
# A fatal error has been detected by the Java Runtime Environment:
#
#  SIGSEGV (0xb) at pc=0x00007fb3d5c0de30, pid=11679, tid=0x00007fb3d4665700
#
# JRE version: OpenJDK Runtime Environment (8.0_171-b11) (build 1.8.0_171-8u171-b11-0ubuntu0.17.10.1-b11)
# Java VM: OpenJDK 64-Bit Server VM (25.171-b11 mixed mode linux-amd64 compressed oops)
# Problematic frame:
# C  [liblwjgl.so+0x3de30]
#
# Failed to write core dump. Core dumps have been disabled. To enable core dumping, try "ulimit -c unlimited" before starting Java again
#
# If you would like to submit a bug report, please visit:
#   http://bugreport.java.com/bugreport/crash.jsp
# The crash happened outside the Java Virtual Machine in native code.
# See problematic frame for where to report the bug.
#

---------------  T H R E A D  ---------------

Current thread (0x00007fb39c004800):  JavaThread "nREPL-worker-3" daemon [_thread_in_native, id=12068, stack(0x00007fb3d4565000,0x00007fb3d4666000)]

siginfo: si_signo: 11 (SIGSEGV), si_code: 1 (SEGV_MAPERR), si_addr: 0x00007fb3d4564020

Registers:
RAX=0x00007fb3d5bff7a0, RBX=0x00007fb3d46c88f8, RCX=0x0000000000000030, RDX=0x00007fb3d4564000
RSP=0x00007fb3d46637c8, RBP=0x00007fb3d4663820, RSI=0x00007fb3d4663830, RDI=0x00007fb3d4564000
R8 =0x00000000ed4b2438, R9 =0x00000000c420da38, R10=0x00007fb3e7f843db, R11=0x00007fb3fd299c00
R12=0x0000000000000000, R13=0x00007fb3d46c88f8, R14=0x00007fb3d4663848, R15=0x00007fb39c004800
RIP=0x00007fb3d5c0de30, EFLAGS=0x0000000000010287, CSGSFS=0x002b000000000033, ERR=0x0000000000000004
  TRAPNO=0x000000000000000e

Top of Stack: (sp=0x00007fb3d46637c8)
0x00007fb3d46637c8:   00007fb3e7f84407 000000000001000b
0x00007fb3d46637d8:   00000000ed4b8228 00007fb3d46637e0
0x00007fb3d46637e8:   0000000000000000 00007fb3d4663848
0x00007fb3d46637f8:   00007fb3d46ca1c0 0000000000000000
0x00007fb3d4663808:   00007fb3d46c88f8 0000000000000000
0x00007fb3d4663818:   00007fb3d4663840 00007fb3d4663890
0x00007fb3d4663828:   00007fb3e7f73b10 00000000f7b7d250
0x00007fb3d4663838:   00007fb3e7f7da57 00007fb3d4564000
0x00007fb3d4663848:   0000000000000001 00007fb3d4663850
0x00007fb3d4663858:   00007fb3d46c899c 00007fb3d46638a8
0x00007fb3d4663868:   00007fb3d46ca1c0 0000000000000000
0x00007fb3d4663878:   00007fb3d46c89c8 00007fb3d4663840
0x00007fb3d4663888:   00007fb3d46638a0 00007fb3d46638f0
0x00007fb3d4663898:   00007fb3e7f73b10 00007fb3d4564000
0x00007fb3d46638a8:   0000000000000000 00007fb3d46638b0
0x00007fb3d46638b8:   00007fb3d6b9a431 00007fb3d4663908
0x00007fb3d46638c8:   00007fb3d64e97f0 0000000000000000
0x00007fb3d46638d8:   00007fb3d6b9a458 00007fb3d46638a0
0x00007fb3d46638e8:   00007fb3d4663900 00007fb3d4663950
0x00007fb3d46638f8:   00007fb3e7f73d80 00007fb3d4564000
0x00007fb3d4663908:   00007fb3d4663908 00007fb3d4663910
0x00007fb3d4663918:   00007fb3d6b98769 00007fb3d4663970
0x00007fb3d4663928:   00007fb3d64eb160 0000000000000000
0x00007fb3d4663938:   00007fb3d6b987b0 00007fb3d4663900
0x00007fb3d4663948:   00007fb3d4663968 00007fb3d46639b8
0x00007fb3d4663958:   00007fb3e7f73d80 0000000000000000
0x00007fb3d4663968:   00007fb3d4564000 00000000ed4b2438
0x00007fb3d4663978:   00007fb3d4663978 00007fb3d6b8cbdf
0x00007fb3d4663988:   00007fb3d46639c8 00007fb3d648f500
0x00007fb3d4663998:   0000000000000000 00007fb3d6b8cc08
0x00007fb3d46639a8:   00007fb3d4663968 00007fb3d46639c8
0x00007fb3d46639b8:   00007fb3d4663a10 00007fb3e7f73d80 

Instructions: (pc=0x00007fb3d5c0de30)
0x00007fb3d5c0de10:   be 28 00 00 00 e8 46 01 00 00 31 ff eb e4 66 90
0x00007fb3d5c0de20:   be 28 00 00 00 e9 36 01 00 00 66 0f 1f 44 00 00
0x00007fb3d5c0de30:   48 8b 47 20 c3 0f 1f 00 55 48 89 e5 48 83 ec 40
0x00007fb3d5c0de40:   f2 0f 11 7c 24 38 f2 0f 11 74 24 30 f2 0f 11 6c 

Register to memory mapping:

RAX=0x00007fb3d5bff7a0: Java_org_lwjgl_system_dyncall_DynCallback_ndcbGetUserData+0 in /tmp/lwjglgnome/3.1.5-build-1/liblwjgl.so at 0x00007fb3d5bd0000
RBX={method} {0x00007fb3d46c88f8} 'ndcbGetUserData' '(J)J' in 'org/lwjgl/system/dyncall/DynCallback'
RCX=0x0000000000000030 is an unknown value
RDX=0x00007fb3d4564000 is an unknown value
RSP=0x00007fb3d46637c8 is pointing into the stack for thread: 0x00007fb39c004800
RBP=0x00007fb3d4663820 is pointing into the stack for thread: 0x00007fb39c004800
RSI=0x00007fb3d4663830 is pointing into the stack for thread: 0x00007fb39c004800
RDI=0x00007fb3d4564000 is an unknown value
R8 =0x00000000ed4b2438 is an oop
org.lwjgl.glfw.GLFWErrorCallback$1 
 - klass: 'org/lwjgl/glfw/GLFWErrorCallback$1'
R9 =0x00000000c420da38 is an oop
clojure.lang.Numbers$LongOps 
 - klass: 'clojure/lang/Numbers$LongOps'
R10=0x00007fb3e7f843db is at code_begin+859 in an Interpreter codelet
method entry point (kind = native)  [0x00007fb3e7f84080, 0x00007fb3e7f84a00]  2432 bytes
R11=0x00007fb3fd299c00: <offset 0x994c00> in /usr/lib/jvm/java-8-openjdk-amd64/jre/lib/amd64/server/libjvm.so at 0x00007fb3fc905000
R12=0x0000000000000000 is an unknown value
R13={method} {0x00007fb3d46c88f8} 'ndcbGetUserData' '(J)J' in 'org/lwjgl/system/dyncall/DynCallback'
R14=0x00007fb3d4663848 is pointing into the stack for thread: 0x00007fb39c004800
R15=0x00007fb39c004800 is a thread


Stack: [0x00007fb3d4565000,0x00007fb3d4666000],  sp=0x00007fb3d46637c8,  free space=1017k
Native frames: (J=compiled Java code, j=interpreted, Vv=VM code, C=native code)
C  [liblwjgl.so+0x3de30]
j  org.lwjgl.system.dyncall.DynCallback.dcbGetUserData(J)J+12
j  org.lwjgl.system.Callback.get(J)Lorg/lwjgl/system/CallbackI;+9
j  org.lwjgl.glfw.GLFWErrorCallback.create(J)Lorg/lwjgl/glfw/GLFWErrorCallback;+9
j  org.lwjgl.glfw.GLFW.glfwSetErrorCallback(Lorg/lwjgl/glfw/GLFWErrorCallbackI;)Lorg/lwjgl/glfw/GLFWErrorCallback;+7
j  engine.window$init_windowed.invokeStatic(Ljava/lang/Object;Ljava/lang/Object;Ljava/lang/Object;Ljava/lang/Object;)Ljava/lang/Object;+135
j  engine.window$init_windowed.invoke(Ljava/lang/Object;Ljava/lang/Object;Ljava/lang/Object;Ljava/lang/Object;)Ljava/lang/Object;+14
j  engine.core$loop_BANG_.invokeStatic()Ljava/lang/Object;+23
j  engine.core$loop_BANG_.invoke()Ljava/lang/Object;+0
j  engine.core$eval3058.invokeStatic()Ljava/lang/Object;+9
j  engine.core$eval3058.invoke()Ljava/lang/Object;+0
J 1877 C1 clojure.lang.Compiler.eval(Ljava/lang/Object;Z)Ljava/lang/Object; (393 bytes) @ 0x00007fb3e8768dac [0x00007fb3e87638e0+0x54cc]
j  clojure.lang.Compiler.eval(Ljava/lang/Object;)Ljava/lang/Object;+2
j  clojure.core$eval.invokeStatic(Ljava/lang/Object;)Ljava/lang/Object;+3
j  clojure.core$eval.invoke(Ljava/lang/Object;)Ljava/lang/Object;+3
j  clojure.main$repl$read_eval_print__7408$fn__7411.invoke()Ljava/lang/Object;+11
j  clojure.main$repl$read_eval_print__7408.invoke()Ljava/lang/Object;+178
j  clojure.main$repl$fn__7417.invoke()Ljava/lang/Object;+7
j  clojure.main$repl.invokeStatic(Lclojure/lang/ISeq;)Ljava/lang/Object;+608
j  clojure.main$repl.doInvoke(Ljava/lang/Object;)Ljava/lang/Object;+6
j  clojure.lang.RestFn.invoke(Ljava/lang/Object;Ljava/lang/Object;Ljava/lang/Object;Ljava/lang/Object;Ljava/lang/Object;Ljava/lang/Object;Ljava/lang/Object;Ljava/lang/Object;Ljava/lang/Object;Ljava/lang/Object;Ljava/lang/Object;Ljava/lang/Object;Ljava/lang/Object;Ljava/lang/Object;)Ljava/lang/Object;+259
j  clojure.tools.nrepl.middleware.interruptible_eval$evaluate$fn__2408.invoke()Ljava/lang/Object;+305
J 2691 C2 clojure.lang.AFn.applyToHelper(Lclojure/lang/IFn;Lclojure/lang/ISeq;)Ljava/lang/Object; (3238 bytes) @ 0x00007fb3e8ad9bd8 [0x00007fb3e8ad9260+0x978]
J 425 C1 clojure.lang.AFn.applyTo(Lclojure/lang/ISeq;)Ljava/lang/Object; (12 bytes) @ 0x00007fb3e8189afc [0x00007fb3e8189a40+0xbc]
J 978 C1 clojure.core$apply.invokeStatic(Ljava/lang/Object;Ljava/lang/Object;)Ljava/lang/Object; (21 bytes) @ 0x00007fb3e83505f4 [0x00007fb3e83503a0+0x254]
j  clojure.core$with_bindings_STAR_.invokeStatic(Ljava/lang/Object;Ljava/lang/Object;Lclojure/lang/ISeq;)Ljava/lang/Object;+13
j  clojure.core$with_bindings_STAR_.doInvoke(Ljava/lang/Object;Ljava/lang/Object;Ljava/lang/Object;)Ljava/lang/Object;+12
J 2497 C1 clojure.lang.RestFn.invoke(Ljava/lang/Object;Ljava/lang/Object;)Ljava/lang/Object; (119 bytes) @ 0x00007fb3e89fc42c [0x00007fb3e89fb6c0+0xd6c]
j  clojure.tools.nrepl.middleware.interruptible_eval$evaluate.invokeStatic(Ljava/lang/Object;Ljava/lang/Object;)Ljava/lang/Object;+703
j  clojure.tools.nrepl.middleware.interruptible_eval$evaluate.invoke(Ljava/lang/Object;Ljava/lang/Object;)Ljava/lang/Object;+6
j  clojure.tools.nrepl.middleware.interruptible_eval$interruptible_eval$fn__2453$fn__2456.invoke()Ljava/lang/Object;+105
j  clojure.tools.nrepl.middleware.interruptible_eval$run_next$fn__2448.invoke()Ljava/lang/Object;+7
j  clojure.lang.AFn.run()V+1
j  java.util.concurrent.ThreadPoolExecutor.runWorker(Ljava/util/concurrent/ThreadPoolExecutor$Worker;)V+95
j  java.util.concurrent.ThreadPoolExecutor$Worker.run()V+5
j  java.lang.Thread.run()V+11
v  ~StubRoutines::call_stub
V  [libjvm.so+0x67d99b]
V  [libjvm.so+0x67b05b]
V  [libjvm.so+0x67b647]
V  [libjvm.so+0x6c143b]
V  [libjvm.so+0xa48c23]
V  [libjvm.so+0xa49052]
V  [libjvm.so+0x8e3b92]
C  [libpthread.so.0+0x77fc]  start_thread+0xdc

Java frames: (J=compiled Java code, j=interpreted, Vv=VM code)
j  org.lwjgl.system.dyncall.DynCallback.ndcbGetUserData(J)J+0
j  org.lwjgl.system.dyncall.DynCallback.dcbGetUserData(J)J+12
j  org.lwjgl.system.Callback.get(J)Lorg/lwjgl/system/CallbackI;+9
j  org.lwjgl.glfw.GLFWErrorCallback.create(J)Lorg/lwjgl/glfw/GLFWErrorCallback;+9
j  org.lwjgl.glfw.GLFW.glfwSetErrorCallback(Lorg/lwjgl/glfw/GLFWErrorCallbackI;)Lorg/lwjgl/glfw/GLFWErrorCallback;+7
j  engine.window$init_windowed.invokeStatic(Ljava/lang/Object;Ljava/lang/Object;Ljava/lang/Object;Ljava/lang/Object;)Ljava/lang/Object;+135
j  engine.window$init_windowed.invoke(Ljava/lang/Object;Ljava/lang/Object;Ljava/lang/Object;Ljava/lang/Object;)Ljava/lang/Object;+14
j  engine.core$loop_BANG_.invokeStatic()Ljava/lang/Object;+23
j  engine.core$loop_BANG_.invoke()Ljava/lang/Object;+0
j  engine.core$eval3058.invokeStatic()Ljava/lang/Object;+9
j  engine.core$eval3058.invoke()Ljava/lang/Object;+0
J 1877 C1 clojure.lang.Compiler.eval(Ljava/lang/Object;Z)Ljava/lang/Object; (393 bytes) @ 0x00007fb3e8768dac [0x00007fb3e87638e0+0x54cc]
j  clojure.lang.Compiler.eval(Ljava/lang/Object;)Ljava/lang/Object;+2
j  clojure.core$eval.invokeStatic(Ljava/lang/Object;)Ljava/lang/Object;+3
j  clojure.core$eval.invoke(Ljava/lang/Object;)Ljava/lang/Object;+3
j  clojure.main$repl$read_eval_print__7408$fn__7411.invoke()Ljava/lang/Object;+11
j  clojure.main$repl$read_eval_print__7408.invoke()Ljava/lang/Object;+178
j  clojure.main$repl$fn__7417.invoke()Ljava/lang/Object;+7
j  clojure.main$repl.invokeStatic(Lclojure/lang/ISeq;)Ljava/lang/Object;+608
j  clojure.main$repl.doInvoke(Ljava/lang/Object;)Ljava/lang/Object;+6
j  clojure.lang.RestFn.invoke(Ljava/lang/Object;Ljava/lang/Object;Ljava/lang/Object;Ljava/lang/Object;Ljava/lang/Object;Ljava/lang/Object;Ljava/lang/Object;Ljava/lang/Object;Ljava/lang/Object;Ljava/lang/Object;Ljava/lang/Object;Ljava/lang/Object;Ljava/lang/Object;Ljava/lang/Object;)Ljava/lang/Object;+259
j  clojure.tools.nrepl.middleware.interruptible_eval$evaluate$fn__2408.invoke()Ljava/lang/Object;+305
J 2691 C2 clojure.lang.AFn.applyToHelper(Lclojure/lang/IFn;Lclojure/lang/ISeq;)Ljava/lang/Object; (3238 bytes) @ 0x00007fb3e8ad9bd8 [0x00007fb3e8ad9260+0x978]
J 425 C1 clojure.lang.AFn.applyTo(Lclojure/lang/ISeq;)Ljava/lang/Object; (12 bytes) @ 0x00007fb3e8189afc [0x00007fb3e8189a40+0xbc]
J 978 C1 clojure.core$apply.invokeStatic(Ljava/lang/Object;Ljava/lang/Object;)Ljava/lang/Object; (21 bytes) @ 0x00007fb3e83505f4 [0x00007fb3e83503a0+0x254]
j  clojure.core$with_bindings_STAR_.invokeStatic(Ljava/lang/Object;Ljava/lang/Object;Lclojure/lang/ISeq;)Ljava/lang/Object;+13
j  clojure.core$with_bindings_STAR_.doInvoke(Ljava/lang/Object;Ljava/lang/Object;Ljava/lang/Object;)Ljava/lang/Object;+12
J 2497 C1 clojure.lang.RestFn.invoke(Ljava/lang/Object;Ljava/lang/Object;)Ljava/lang/Object; (119 bytes) @ 0x00007fb3e89fc42c [0x00007fb3e89fb6c0+0xd6c]
j  clojure.tools.nrepl.middleware.interruptible_eval$evaluate.invokeStatic(Ljava/lang/Object;Ljava/lang/Object;)Ljava/lang/Object;+703
j  clojure.tools.nrepl.middleware.interruptible_eval$evaluate.invoke(Ljava/lang/Object;Ljava/lang/Object;)Ljava/lang/Object;+6
j  clojure.tools.nrepl.middleware.interruptible_eval$interruptible_eval$fn__2453$fn__2456.invoke()Ljava/lang/Object;+105
j  clojure.tools.nrepl.middleware.interruptible_eval$run_next$fn__2448.invoke()Ljava/lang/Object;+7
j  clojure.lang.AFn.run()V+1
j  java.util.concurrent.ThreadPoolExecutor.runWorker(Ljava/util/concurrent/ThreadPoolExecutor$Worker;)V+95
j  java.util.concurrent.ThreadPoolExecutor$Worker.run()V+5
j  java.lang.Thread.run()V+11
v  ~StubRoutines::call_stub

---------------  P R O C E S S  ---------------

Java Threads: ( => current thread )
=>0x00007fb39c004800 JavaThread "nREPL-worker-3" daemon [_thread_in_native, id=12068, stack(0x00007fb3d4565000,0x00007fb3d4666000)]
  0x00007fb394003800 JavaThread "clojure-agent-send-off-pool-4" [_thread_blocked, id=12067, stack(0x00007fb3d4b70000,0x00007fb3d4c71000)]
  0x00007fb3f8ba6800 JavaThread "clojure-agent-send-off-pool-3" [_thread_blocked, id=11704, stack(0x00007fb3d496e000,0x00007fb3d4a6f000)]
  0x00007fb3f8b9b000 JavaThread "clojure-agent-send-off-pool-2" [_thread_in_native, id=11702, stack(0x00007fb3d4a6f000,0x00007fb3d4b70000)]
  0x00007fb3f8b8f000 JavaThread "clojure-agent-send-off-pool-0" [_thread_in_native, id=11700, stack(0x00007fb3d4c71000,0x00007fb3d4d72000)]
  0x00007fb3f80c5800 JavaThread "Service Thread" daemon [_thread_blocked, id=11696, stack(0x00007fb3d6de5000,0x00007fb3d6ee6000)]
  0x00007fb3f80c2800 JavaThread "C1 CompilerThread2" daemon [_thread_blocked, id=11695, stack(0x00007fb3d6ee6000,0x00007fb3d6fe7000)]
  0x00007fb3f80c0800 JavaThread "C2 CompilerThread1" daemon [_thread_blocked, id=11694, stack(0x00007fb3d6fe7000,0x00007fb3d70e8000)]
  0x00007fb3f80be000 JavaThread "C2 CompilerThread0" daemon [_thread_blocked, id=11693, stack(0x00007fb3d70e8000,0x00007fb3d71e9000)]
  0x00007fb3f80bc800 JavaThread "Signal Dispatcher" daemon [_thread_blocked, id=11692, stack(0x00007fb3d71e9000,0x00007fb3d72ea000)]
  0x00007fb3f808a000 JavaThread "Finalizer" daemon [_thread_blocked, id=11691, stack(0x00007fb3d76f7000,0x00007fb3d77f8000)]
  0x00007fb3f8085800 JavaThread "Reference Handler" daemon [_thread_blocked, id=11690, stack(0x00007fb3d77f8000,0x00007fb3d78f9000)]
  0x00007fb3f8010800 JavaThread "main" [_thread_blocked, id=11681, stack(0x00007fb3fe5b4000,0x00007fb3fe6b5000)]

Other Threads:
  0x00007fb3f807e000 VMThread [stack: 0x00007fb3d78f9000,0x00007fb3d79fa000] [id=11689]
  0x00007fb3f80c8000 WatcherThread [stack: 0x00007fb3d6ce4000,0x00007fb3d6de5000] [id=11697]

VM state:not at safepoint (normal execution)

VM Mutex/Monitor currently owned by a thread: None

Heap:
 PSYoungGen      total 180736K, used 26852K [0x00000000ec100000, 0x00000000f7e80000, 0x0000000100000000)
  eden space 174592K, 11% used [0x00000000ec100000,0x00000000ed540828,0x00000000f6b80000)
  from space 6144K, 99% used [0x00000000f7880000,0x00000000f7e78b70,0x00000000f7e80000)
  to   space 9728K, 0% used [0x00000000f6b80000,0x00000000f6b80000,0x00000000f7500000)
 ParOldGen       total 34816K, used 16008K [0x00000000c4200000, 0x00000000c6400000, 0x00000000ec100000)
  object space 34816K, 45% used [0x00000000c4200000,0x00000000c51a2310,0x00000000c6400000)
 Metaspace       used 24786K, capacity 30020K, committed 30208K, reserved 1073152K
  class space    used 5017K, capacity 7066K, committed 7168K, reserved 1048576K

Card table byte_map: [0x00007fb3e79cc000,0x00007fb3e7bac000] byte_map_base: 0x00007fb3e73ab000

Marking Bits: (ParMarkBitMap*) 0x00007fb3fd865140
 Begin Bits: [0x00007fb3e5698000, 0x00007fb3e6590000)
 End Bits:   [0x00007fb3e6590000, 0x00007fb3e7488000)

Polling page: 0x00007fb3fe6d5000

CodeCache: size=245760Kb used=11288Kb max_used=11663Kb free=234471Kb
 bounds [0x00007fb3e7f6c000, 0x00007fb3e8b6c000, 0x00007fb3f6f6c000]
 total_blobs=3467 nmethods=2620 adapters=761
 compilation: enabled

Compilation events (10 events):
Event: 209.602 Thread 0x00007fb3f80c2800 nmethod 3248 0x00007fb3e8326650 code [0x00007fb3e8326820, 0x00007fb3e8326f28]
Event: 209.603 Thread 0x00007fb3f80be000 3249       4       clojure.lang.PersistentList::create (47 bytes)
Event: 209.616 Thread 0x00007fb3f80be000 nmethod 3249 0x00007fb3e846a190 code [0x00007fb3e846a380, 0x00007fb3e846aa98]
Event: 209.630 Thread 0x00007fb3f80c2800 3252       3       java.lang.ThreadLocal$ThreadLocalMap::expungeStaleEntry (146 bytes)
Event: 209.631 Thread 0x00007fb3f80c2800 nmethod 3252 0x00007fb3e8325290 code [0x00007fb3e8325480, 0x00007fb3e8326130]
Event: 209.631 Thread 0x00007fb3f80be000 3250       4       clojure.asm.Type::equals (110 bytes)
Event: 209.645 Thread 0x00007fb3f80be000 nmethod 3250 0x00007fb3e8468310 code [0x00007fb3e8468460, 0x00007fb3e84686b8]
Event: 209.645 Thread 0x00007fb3f80be000 3251       4       clojure.lang.PersistentArrayMap::assoc (7 bytes)
Event: 209.646 Thread 0x00007fb3f80be000 nmethod 3251 0x00007fb3e8330550 code [0x00007fb3e83306a0, 0x00007fb3e8330728]
Event: 209.963 Thread 0x00007fb3f80c0800 nmethod 3241 0x00007fb3e884b150 code [0x00007fb3e884be00, 0x00007fb3e88539c8]

GC Heap History (10 events):
Event: 5.566 GC heap before
{Heap before GC invocations=5 (full 0):
 PSYoungGen      total 64000K, used 63991K [0x00000000ec100000, 0x00000000f0200000, 0x0000000100000000)
  eden space 61440K, 100% used [0x00000000ec100000,0x00000000efd00000,0x00000000efd00000)
  from space 2560K, 99% used [0x00000000eff80000,0x00000000f01fdc40,0x00000000f0200000)
  to   space 2560K, 0% used [0x00000000efd00000,0x00000000efd00000,0x00000000eff80000)
 ParOldGen       total 40960K, used 7268K [0x00000000c4200000, 0x00000000c6a00000, 0x00000000ec100000)
  object space 40960K, 17% used [0x00000000c4200000,0x00000000c4919118,0x00000000c6a00000)
 Metaspace       used 15491K, capacity 17533K, committed 17792K, reserved 1062912K
  class space    used 3239K, capacity 4102K, committed 4224K, reserved 1048576K
Event: 5.581 GC heap after
Heap after GC invocations=5 (full 0):
 PSYoungGen      total 64000K, used 2535K [0x00000000ec100000, 0x00000000f4500000, 0x0000000100000000)
  eden space 61440K, 0% used [0x00000000ec100000,0x00000000ec100000,0x00000000efd00000)
  from space 2560K, 99% used [0x00000000efd00000,0x00000000eff79c50,0x00000000eff80000)
  to   space 6144K, 0% used [0x00000000f3f00000,0x00000000f3f00000,0x00000000f4500000)
 ParOldGen       total 40960K, used 8168K [0x00000000c4200000, 0x00000000c6a00000, 0x00000000ec100000)
  object space 40960K, 19% used [0x00000000c4200000,0x00000000c49fa270,0x00000000c6a00000)
 Metaspace       used 15491K, capacity 17533K, committed 17792K, reserved 1062912K
  class space    used 3239K, capacity 4102K, committed 4224K, reserved 1048576K
}
Event: 6.454 GC heap before
{Heap before GC invocations=6 (full 0):
 PSYoungGen      total 64000K, used 44233K [0x00000000ec100000, 0x00000000f4500000, 0x0000000100000000)
  eden space 61440K, 67% used [0x00000000ec100000,0x00000000ee9b8b58,0x00000000efd00000)
  from space 2560K, 99% used [0x00000000efd00000,0x00000000eff79c50,0x00000000eff80000)
  to   space 6144K, 0% used [0x00000000f3f00000,0x00000000f3f00000,0x00000000f4500000)
 ParOldGen       total 40960K, used 8168K [0x00000000c4200000, 0x00000000c6a00000, 0x00000000ec100000)
  object space 40960K, 19% used [0x00000000c4200000,0x00000000c49fa270,0x00000000c6a00000)
 Metaspace       used 18043K, capacity 21213K, committed 21296K, reserved 1064960K
  class space    used 3731K, capacity 5084K, committed 5120K, reserved 1048576K
Event: 6.492 GC heap after
Heap after GC invocations=6 (full 0):
 PSYoungGen      total 129024K, used 3776K [0x00000000ec100000, 0x00000000f4500000, 0x0000000100000000)
  eden space 122880K, 0% used [0x00000000ec100000,0x00000000ec100000,0x00000000f3900000)
  from space 6144K, 61% used [0x00000000f3f00000,0x00000000f42b03c0,0x00000000f4500000)
  to   space 6144K, 0% used [0x00000000f3900000,0x00000000f3900000,0x00000000f3f00000)
 ParOldGen       total 40960K, used 8176K [0x00000000c4200000, 0x00000000c6a00000, 0x00000000ec100000)
  object space 40960K, 19% used [0x00000000c4200000,0x00000000c49fc270,0x00000000c6a00000)
 Metaspace       used 18043K, capacity 21213K, committed 21296K, reserved 1064960K
  class space    used 3731K, capacity 5084K, committed 5120K, reserved 1048576K
}
Event: 6.492 GC heap before
{Heap before GC invocations=7 (full 1):
 PSYoungGen      total 129024K, used 3776K [0x00000000ec100000, 0x00000000f4500000, 0x0000000100000000)
  eden space 122880K, 0% used [0x00000000ec100000,0x00000000ec100000,0x00000000f3900000)
  from space 6144K, 61% used [0x00000000f3f00000,0x00000000f42b03c0,0x00000000f4500000)
  to   space 6144K, 0% used [0x00000000f3900000,0x00000000f3900000,0x00000000f3f00000)
 ParOldGen       total 40960K, used 8176K [0x00000000c4200000, 0x00000000c6a00000, 0x00000000ec100000)
  object space 40960K, 19% used [0x00000000c4200000,0x00000000c49fc270,0x00000000c6a00000)
 Metaspace       used 18043K, capacity 21213K, committed 21296K, reserved 1064960K
  class space    used 3731K, capacity 5084K, committed 5120K, reserved 1048576K
Event: 6.642 GC heap after
Heap after GC invocations=7 (full 1):
 PSYoungGen      total 129024K, used 0K [0x00000000ec100000, 0x00000000f4500000, 0x0000000100000000)
  eden space 122880K, 0% used [0x00000000ec100000,0x00000000ec100000,0x00000000f3900000)
  from space 6144K, 0% used [0x00000000f3f00000,0x00000000f3f00000,0x00000000f4500000)
  to   space 6144K, 0% used [0x00000000f3900000,0x00000000f3900000,0x00000000f3f00000)
 ParOldGen       total 34816K, used 8336K [0x00000000c4200000, 0x00000000c6400000, 0x00000000ec100000)
  object space 34816K, 23% used [0x00000000c4200000,0x00000000c4a240e8,0x00000000c6400000)
 Metaspace       used 18043K, capacity 21213K, committed 21296K, reserved 1064960K
  class space    used 3731K, capacity 5084K, committed 5120K, reserved 1048576K
}
Event: 9.012 GC heap before
{Heap before GC invocations=8 (full 1):
 PSYoungGen      total 129024K, used 122880K [0x00000000ec100000, 0x00000000f4500000, 0x0000000100000000)
  eden space 122880K, 100% used [0x00000000ec100000,0x00000000f3900000,0x00000000f3900000)
  from space 6144K, 0% used [0x00000000f3f00000,0x00000000f3f00000,0x00000000f4500000)
  to   space 6144K, 0% used [0x00000000f3900000,0x00000000f3900000,0x00000000f3f00000)
 ParOldGen       total 34816K, used 8336K [0x00000000c4200000, 0x00000000c6400000, 0x00000000ec100000)
  object space 34816K, 23% used [0x00000000c4200000,0x00000000c4a240e8,0x00000000c6400000)
 Metaspace       used 22184K, capacity 26950K, committed 27136K, reserved 1069056K
  class space    used 4711K, capacity 6638K, committed 6656K, reserved 1048576K
Event: 9.029 GC heap after
Heap after GC invocations=8 (full 1):
 PSYoungGen      total 129024K, used 4612K [0x00000000ec100000, 0x00000000f7e80000, 0x0000000100000000)
  eden space 122880K, 0% used [0x00000000ec100000,0x00000000ec100000,0x00000000f3900000)
  from space 6144K, 75% used [0x00000000f3900000,0x00000000f3d812d8,0x00000000f3f00000)
  to   space 6144K, 0% used [0x00000000f7880000,0x00000000f7880000,0x00000000f7e80000)
 ParOldGen       total 34816K, used 8344K [0x00000000c4200000, 0x00000000c6400000, 0x00000000ec100000)
  object space 34816K, 23% used [0x00000000c4200000,0x00000000c4a260e8,0x00000000c6400000)
 Metaspace       used 22184K, capacity 26950K, committed 27136K, reserved 1069056K
  class space    used 4711K, capacity 6638K, committed 6656K, reserved 1048576K
}
Event: 31.073 GC heap before
{Heap before GC invocations=9 (full 1):
 PSYoungGen      total 129024K, used 127492K [0x00000000ec100000, 0x00000000f7e80000, 0x0000000100000000)
  eden space 122880K, 100% used [0x00000000ec100000,0x00000000f3900000,0x00000000f3900000)
  from space 6144K, 75% used [0x00000000f3900000,0x00000000f3d812d8,0x00000000f3f00000)
  to   space 6144K, 0% used [0x00000000f7880000,0x00000000f7880000,0x00000000f7e80000)
 ParOldGen       total 34816K, used 8344K [0x00000000c4200000, 0x00000000c6400000, 0x00000000ec100000)
  object space 34816K, 23% used [0x00000000c4200000,0x00000000c4a260e8,0x00000000c6400000)
 Metaspace       used 24437K, capacity 29576K, committed 29824K, reserved 1073152K
  class space    used 4951K, capacity 6967K, committed 7040K, reserved 1048576K
Event: 31.134 GC heap after
Heap after GC invocations=9 (full 1):
 PSYoungGen      total 180736K, used 6114K [0x00000000ec100000, 0x00000000f7e80000, 0x0000000100000000)
  eden space 174592K, 0% used [0x00000000ec100000,0x00000000ec100000,0x00000000f6b80000)
  from space 6144K, 99% used [0x00000000f7880000,0x00000000f7e78b70,0x00000000f7e80000)
  to   space 9728K, 0% used [0x00000000f6b80000,0x00000000f6b80000,0x00000000f7500000)
 ParOldGen       total 34816K, used 16008K [0x00000000c4200000, 0x00000000c6400000, 0x00000000ec100000)
  object space 34816K, 45% used [0x00000000c4200000,0x00000000c51a2310,0x00000000c6400000)
 Metaspace       used 24437K, capacity 29576K, committed 29824K, reserved 1073152K
  class space    used 4951K, capacity 6967K, committed 7040K, reserved 1048576K
}

Deoptimization events (10 events):
Event: 82.272 Thread 0x00007fb39c003000 Uncommon trap: reason=class_check action=maybe_recompile pc=0x00007fb3e8901978 method=clojure.lang.RT.seqFrom(Ljava/lang/Object;)Lclojure/lang/ISeq; @ 31
Event: 86.575 Thread 0x00007fb39c003000 Uncommon trap: reason=class_check action=maybe_recompile pc=0x00007fb3e8901978 method=clojure.lang.RT.seqFrom(Ljava/lang/Object;)Lclojure/lang/ISeq; @ 31
Event: 88.539 Thread 0x00007fb39c003000 Uncommon trap: reason=unloaded action=reinterpret pc=0x00007fb3e8a8bc34 method=clojure.lang.Compiler.analyze(Lclojure/lang/Compiler$C;Ljava/lang/Object;Ljava/lang/String;)Lclojure/lang/Compiler$Expr; @ 342
Event: 120.552 Thread 0x00007fb39c003000 Uncommon trap: reason=unstable_if action=reinterpret pc=0x00007fb3e8865bb0 method=clojure.lang.LispReader.readToken(Ljava/io/PushbackReader;C)Ljava/lang/String; @ 21
Event: 120.569 Thread 0x00007fb39c003000 Uncommon trap: reason=class_check action=maybe_recompile pc=0x00007fb3e852f394 method=java.util.regex.Pattern$5.isSatisfiedBy(I)Z @ 16
Event: 120.572 Thread 0x00007fb39c003000 Uncommon trap: reason=class_check action=maybe_recompile pc=0x00007fb3e852f394 method=java.util.regex.Pattern$5.isSatisfiedBy(I)Z @ 16
Event: 123.880 Thread 0x00007fb39c003000 Uncommon trap: reason=class_check action=maybe_recompile pc=0x00007fb3e852f394 method=java.util.regex.Pattern$5.isSatisfiedBy(I)Z @ 16
Event: 123.880 Thread 0x00007fb39c003000 Uncommon trap: reason=class_check action=maybe_recompile pc=0x00007fb3e852f394 method=java.util.regex.Pattern$5.isSatisfiedBy(I)Z @ 16
Event: 209.603 Thread 0x00007fb39c004800 Uncommon trap: reason=unstable_if action=reinterpret pc=0x00007fb3e888a228 method=java.util.concurrent.ConcurrentHashMap.putVal(Ljava/lang/Object;Ljava/lang/Object;Z)Ljava/lang/Object; @ 206
Event: 209.629 Thread 0x00007fb39c004800 Uncommon trap: reason=unstable_if action=reinterpret pc=0x00007fb3e83a51a8 method=clojure.lang.Namespace.reference(Lclojure/lang/Symbol;Ljava/lang/Object;)Ljava/lang/Object; @ 67

Classes redefined (0 events):
No events

Internal exceptions (10 events):
Event: 21.130 Thread 0x00007fb398094800 Exception <a 'java/security/PrivilegedActionException'> (0x00000000f297bf28) thrown at [/build/openjdk-8-QGp3nu/openjdk-8-8u171-b11/src/hotspot/src/share/vm/prims/jvm.cpp, line 1435]
Event: 21.130 Thread 0x00007fb398094800 Exception <a 'java/security/PrivilegedActionException'> (0x00000000f297c508) thrown at [/build/openjdk-8-QGp3nu/openjdk-8-8u171-b11/src/hotspot/src/share/vm/prims/jvm.cpp, line 1435]
Event: 21.706 Thread 0x00007fb398094800 Exception <a 'java/security/PrivilegedActionException'> (0x00000000f2da5ac8) thrown at [/build/openjdk-8-QGp3nu/openjdk-8-8u171-b11/src/hotspot/src/share/vm/prims/jvm.cpp, line 1435]
Event: 21.706 Thread 0x00007fb398094800 Exception <a 'java/security/PrivilegedActionException'> (0x00000000f2da5ec0) thrown at [/build/openjdk-8-QGp3nu/openjdk-8-8u171-b11/src/hotspot/src/share/vm/prims/jvm.cpp, line 1435]
Event: 21.706 Thread 0x00007fb398094800 Exception <a 'java/security/PrivilegedActionException'> (0x00000000f2da88c0) thrown at [/build/openjdk-8-QGp3nu/openjdk-8-8u171-b11/src/hotspot/src/share/vm/prims/jvm.cpp, line 1435]
Event: 21.706 Thread 0x00007fb398094800 Exception <a 'java/security/PrivilegedActionException'> (0x00000000f2da8cb8) thrown at [/build/openjdk-8-QGp3nu/openjdk-8-8u171-b11/src/hotspot/src/share/vm/prims/jvm.cpp, line 1435]
Event: 21.706 Thread 0x00007fb398094800 Exception <a 'java/security/PrivilegedActionException'> (0x00000000f2daad88) thrown at [/build/openjdk-8-QGp3nu/openjdk-8-8u171-b11/src/hotspot/src/share/vm/prims/jvm.cpp, line 1435]
Event: 21.706 Thread 0x00007fb398094800 Exception <a 'java/security/PrivilegedActionException'> (0x00000000f2dab180) thrown at [/build/openjdk-8-QGp3nu/openjdk-8-8u171-b11/src/hotspot/src/share/vm/prims/jvm.cpp, line 1435]
Event: 25.667 Thread 0x00007fb3f8b9a000 JVM_StopThread thread JavaThread 0x00007fb398094800 as oop 0x00000000f24999c8 [exception 0x00007fb3d4c6ef50]
Event: 32.486 Thread 0x00007fb3f8b9a000 JVM_StopThread thread JavaThread 0x00007fb398094800 as oop 0x00000000f7923b18 [exception 0x00007fb3d4c6ef50]

Events (10 events):
Event: 209.584 Executing VM operation: RevokeBias
Event: 209.584 Executing VM operation: RevokeBias done
Event: 209.603 Thread 0x00007fb39c004800 Uncommon trap: trap_request=0xffffff65 fr.pc=0x00007fb3e888a228
Event: 209.603 Executing VM operation: RevokeBias
Event: 209.603 Executing VM operation: RevokeBias done
Event: 209.603 Thread 0x00007fb39c004800 DEOPT PACKING pc=0x00007fb3e888a228 sp=0x00007fb3d4662320
Event: 209.603 Thread 0x00007fb39c004800 DEOPT UNPACKING pc=0x00007fb3e7fb147a sp=0x00007fb3d46622c0 mode 2
Event: 209.629 Thread 0x00007fb39c004800 Uncommon trap: trap_request=0xffffff65 fr.pc=0x00007fb3e83a51a8
Event: 209.629 Thread 0x00007fb39c004800 DEOPT PACKING pc=0x00007fb3e83a51a8 sp=0x00007fb3d4662de0
Event: 209.629 Thread 0x00007fb39c004800 DEOPT UNPACKING pc=0x00007fb3e7fb147a sp=0x00007fb3d4662d40 mode 2


Dynamic libraries:
c4200000-c6400000 rw-p 00000000 00:00 0 
c6400000-ec100000 ---p 00000000 00:00 0 
ec100000-f7e80000 rw-p 00000000 00:00 0 
f7e80000-100000000 ---p 00000000 00:00 0 
100000000-100700000 rw-p 00000000 00:00 0 
100700000-140000000 ---p 00000000 00:00 0 
555c84fe9000-555c84fea000 r-xp 00000000 08:12 3679103                    /usr/lib/jvm/java-8-openjdk-amd64/jre/bin/java
555c851e9000-555c851ea000 r--p 00000000 08:12 3679103                    /usr/lib/jvm/java-8-openjdk-amd64/jre/bin/java
555c851ea000-555c851eb000 rw-p 00001000 08:12 3679103                    /usr/lib/jvm/java-8-openjdk-amd64/jre/bin/java
555c855ab000-555c855cc000 rw-p 00000000 00:00 0                          [heap]
7fb384000000-7fb384021000 rw-p 00000000 00:00 0 
7fb384021000-7fb388000000 ---p 00000000 00:00 0 
7fb38ae3a000-7fb38ae3d000 ---p 00000000 00:00 0 
7fb38ae3d000-7fb38af3b000 rw-p 00000000 00:00 0 
7fb38c000000-7fb38d7d9000 rw-p 00000000 00:00 0 
7fb38d7d9000-7fb390000000 ---p 00000000 00:00 0 
7fb390058000-7fb3900d8000 rw-p 00000000 00:00 0 
7fb3900d8000-7fb390258000 ---p 00000000 00:00 0 
7fb390258000-7fb3902c3000 r-xp 00000000 08:07 387850                     /tmp/lwjglgnome/3.1.5-build-1/liblwjgl_opengl.so
7fb3902c3000-7fb3904c2000 ---p 0006b000 08:07 387850                     /tmp/lwjglgnome/3.1.5-build-1/liblwjgl_opengl.so
7fb3904c2000-7fb3904c3000 r--p 0006a000 08:07 387850                     /tmp/lwjglgnome/3.1.5-build-1/liblwjgl_opengl.so
7fb3904c3000-7fb3904c4000 rw-p 0006b000 08:07 387850                     /tmp/lwjglgnome/3.1.5-build-1/liblwjgl_opengl.so
7fb3907b0000-7fb3907e8000 r-xp 00000000 08:12 3805824                    /usr/lib/x86_64-linux-gnu/s2tc/libtxc_dxtn.so
7fb3907e8000-7fb3909e8000 ---p 00038000 08:12 3805824                    /usr/lib/x86_64-linux-gnu/s2tc/libtxc_dxtn.so
7fb3909e8000-7fb3909e9000 r--p 00038000 08:12 3805824                    /usr/lib/x86_64-linux-gnu/s2tc/libtxc_dxtn.so
7fb3909e9000-7fb3909ea000 rw-p 00039000 08:12 3805824                    /usr/lib/x86_64-linux-gnu/s2tc/libtxc_dxtn.so
7fb3909ea000-7fb3909f2000 r-xp 00000000 08:12 3547881                    /usr/lib/x86_64-linux-gnu/libpciaccess.so.0.11.1
7fb3909f2000-7fb390bf1000 ---p 00008000 08:12 3547881                    /usr/lib/x86_64-linux-gnu/libpciaccess.so.0.11.1
7fb390bf1000-7fb390bf2000 r--p 00007000 08:12 3547881                    /usr/lib/x86_64-linux-gnu/libpciaccess.so.0.11.1
7fb390bf2000-7fb390bf3000 rw-p 00008000 08:12 3547881                    /usr/lib/x86_64-linux-gnu/libpciaccess.so.0.11.1
7fb390bf3000-7fb390bfe000 r-xp 00000000 08:12 3547286                    /usr/lib/x86_64-linux-gnu/libdrm_radeon.so.1.0.1
7fb390bfe000-7fb390dfd000 ---p 0000b000 08:12 3547286                    /usr/lib/x86_64-linux-gnu/libdrm_radeon.so.1.0.1
7fb390dfd000-7fb390dfe000 r--p 0000a000 08:12 3547286                    /usr/lib/x86_64-linux-gnu/libdrm_radeon.so.1.0.1
7fb390dfe000-7fb390dff000 rw-p 0000b000 08:12 3547286                    /usr/lib/x86_64-linux-gnu/libdrm_radeon.so.1.0.1
7fb390dff000-7fb390e06000 r-xp 00000000 08:12 3547284                    /usr/lib/x86_64-linux-gnu/libdrm_nouveau.so.2.0.0
7fb390e06000-7fb391005000 ---p 00007000 08:12 3547284                    /usr/lib/x86_64-linux-gnu/libdrm_nouveau.so.2.0.0
7fb391005000-7fb391006000 r--p 00006000 08:12 3547284                    /usr/lib/x86_64-linux-gnu/libdrm_nouveau.so.2.0.0
7fb391006000-7fb391007000 rw-p 00007000 08:12 3547284                    /usr/lib/x86_64-linux-gnu/libdrm_nouveau.so.2.0.0
7fb391007000-7fb391029000 r-xp 00000000 08:12 3547282                    /usr/lib/x86_64-linux-gnu/libdrm_intel.so.1.0.0
7fb391029000-7fb391228000 ---p 00022000 08:12 3547282                    /usr/lib/x86_64-linux-gnu/libdrm_intel.so.1.0.0
7fb391228000-7fb391229000 r--p 00021000 08:12 3547282                    /usr/lib/x86_64-linux-gnu/libdrm_intel.so.1.0.0
7fb391229000-7fb39122a000 rw-p 00022000 08:12 3547282                    /usr/lib/x86_64-linux-gnu/libdrm_intel.so.1.0.0
7fb39122a000-7fb391a05000 r-xp 00000000 08:12 3803381                    /usr/lib/x86_64-linux-gnu/dri/i965_dri.so
7fb391a05000-7fb391c05000 ---p 007db000 08:12 3803381                    /usr/lib/x86_64-linux-gnu/dri/i965_dri.so
7fb391c05000-7fb391c55000 r--p 007db000 08:12 3803381                    /usr/lib/x86_64-linux-gnu/dri/i965_dri.so
7fb391c55000-7fb391c5e000 rw-p 0082b000 08:12 3803381                    /usr/lib/x86_64-linux-gnu/dri/i965_dri.so
7fb391c5e000-7fb391cc5000 rw-p 00000000 00:00 0 
7fb391cc5000-7fb391cd5000 r-xp 00000000 08:12 3547278                    /usr/lib/x86_64-linux-gnu/libdrm.so.2.4.0
7fb391cd5000-7fb391ed4000 ---p 00010000 08:12 3547278                    /usr/lib/x86_64-linux-gnu/libdrm.so.2.4.0
7fb391ed4000-7fb391ed5000 r--p 0000f000 08:12 3547278                    /usr/lib/x86_64-linux-gnu/libdrm.so.2.4.0
7fb391ed5000-7fb391ed6000 rw-p 00010000 08:12 3547278                    /usr/lib/x86_64-linux-gnu/libdrm.so.2.4.0
7fb391ed6000-7fb391eda000 r-xp 00000000 08:12 3548226                    /usr/lib/x86_64-linux-gnu/libxcb-dri2.so.0.0.0
7fb391eda000-7fb3920d9000 ---p 00004000 08:12 3548226                    /usr/lib/x86_64-linux-gnu/libxcb-dri2.so.0.0.0
7fb3920d9000-7fb3920da000 r--p 00003000 08:12 3548226                    /usr/lib/x86_64-linux-gnu/libxcb-dri2.so.0.0.0
7fb3920da000-7fb3920db000 rw-p 00004000 08:12 3548226                    /usr/lib/x86_64-linux-gnu/libxcb-dri2.so.0.0.0
7fb3920db000-7fb3920f3000 r-xp 00000000 08:12 3548230                    /usr/lib/x86_64-linux-gnu/libxcb-glx.so.0.0.0
7fb3920f3000-7fb3922f3000 ---p 00018000 08:12 3548230                    /usr/lib/x86_64-linux-gnu/libxcb-glx.so.0.0.0
7fb3922f3000-7fb3922f5000 r--p 00018000 08:12 3548230                    /usr/lib/x86_64-linux-gnu/libxcb-glx.so.0.0.0
7fb3922f5000-7fb3922f6000 rw-p 0001a000 08:12 3548230                    /usr/lib/x86_64-linux-gnu/libxcb-glx.so.0.0.0
7fb3922f6000-7fb3922f8000 r-xp 00000000 08:12 3547024                    /usr/lib/x86_64-linux-gnu/libXdamage.so.1.1.0
7fb3922f8000-7fb3924f7000 ---p 00002000 08:12 3547024                    /usr/lib/x86_64-linux-gnu/libXdamage.so.1.1.0
7fb3924f7000-7fb3924f8000 r--p 00001000 08:12 3547024                    /usr/lib/x86_64-linux-gnu/libXdamage.so.1.1.0
7fb3924f8000-7fb3924f9000 rw-p 00002000 08:12 3547024                    /usr/lib/x86_64-linux-gnu/libXdamage.so.1.1.0
7fb3924f9000-7fb392524000 r-xp 00000000 08:12 3541344                    /usr/lib/x86_64-linux-gnu/libglapi.so.0.0.0
7fb392524000-7fb392723000 ---p 0002b000 08:12 3541344                    /usr/lib/x86_64-linux-gnu/libglapi.so.0.0.0
7fb392723000-7fb392727000 r--p 0002a000 08:12 3541344                    /usr/lib/x86_64-linux-gnu/libglapi.so.0.0.0
7fb392727000-7fb392728000 rw-p 0002e000 08:12 3541344                    /usr/lib/x86_64-linux-gnu/libglapi.so.0.0.0
7fb392728000-7fb392729000 rw-p 00000000 00:00 0 
7fb392729000-7fb39272a000 r-xp 00000000 08:12 3548278                    /usr/lib/x86_64-linux-gnu/libxshmfence.so.1.0.0
7fb39272a000-7fb39292a000 ---p 00001000 08:12 3548278                    /usr/lib/x86_64-linux-gnu/libxshmfence.so.1.0.0
7fb39292a000-7fb39292b000 r--p 00001000 08:12 3548278                    /usr/lib/x86_64-linux-gnu/libxshmfence.so.1.0.0
7fb39292b000-7fb39292c000 rw-p 00002000 08:12 3548278                    /usr/lib/x86_64-linux-gnu/libxshmfence.so.1.0.0
7fb39292c000-7fb392931000 r-xp 00000000 08:12 3548252                    /usr/lib/x86_64-linux-gnu/libxcb-sync.so.1.0.0
7fb392931000-7fb392b31000 ---p 00005000 08:12 3548252                    /usr/lib/x86_64-linux-gnu/libxcb-sync.so.1.0.0
7fb392b31000-7fb392b32000 r--p 00005000 08:12 3548252                    /usr/lib/x86_64-linux-gnu/libxcb-sync.so.1.0.0
7fb392b32000-7fb392b33000 rw-p 00006000 08:12 3548252                    /usr/lib/x86_64-linux-gnu/libxcb-sync.so.1.0.0
7fb392b33000-7fb392b35000 r-xp 00000000 08:12 3548238                    /usr/lib/x86_64-linux-gnu/libxcb-present.so.0.0.0
7fb392b35000-7fb392d34000 ---p 00002000 08:12 3548238                    /usr/lib/x86_64-linux-gnu/libxcb-present.so.0.0.0
7fb392d34000-7fb392d35000 r--p 00001000 08:12 3548238                    /usr/lib/x86_64-linux-gnu/libxcb-present.so.0.0.0
7fb392d35000-7fb392d36000 rw-p 00002000 08:12 3548238                    /usr/lib/x86_64-linux-gnu/libxcb-present.so.0.0.0
7fb392d36000-7fb392d38000 r-xp 00000000 08:12 3548228                    /usr/lib/x86_64-linux-gnu/libxcb-dri3.so.0.0.0
7fb392d38000-7fb392f37000 ---p 00002000 08:12 3548228                    /usr/lib/x86_64-linux-gnu/libxcb-dri3.so.0.0.0
7fb392f37000-7fb392f38000 r--p 00001000 08:12 3548228                    /usr/lib/x86_64-linux-gnu/libxcb-dri3.so.0.0.0
7fb392f38000-7fb392f39000 rw-p 00002000 08:12 3548228                    /usr/lib/x86_64-linux-gnu/libxcb-dri3.so.0.0.0
7fb392f39000-7fb392f61000 r-xp 00000000 08:12 6033928                    /lib/x86_64-linux-gnu/libexpat.so.1.6.5
7fb392f61000-7fb393161000 ---p 00028000 08:12 6033928                    /lib/x86_64-linux-gnu/libexpat.so.1.6.5
7fb393161000-7fb393163000 r--p 00028000 08:12 6033928                    /lib/x86_64-linux-gnu/libexpat.so.1.6.5
7fb393163000-7fb393164000 rw-p 0002a000 08:12 6033928                    /lib/x86_64-linux-gnu/libexpat.so.1.6.5
7fb393164000-7fb3931d1000 r-xp 00000000 08:12 3803377                    /usr/lib/x86_64-linux-gnu/mesa/libGL.so.1.2.0
7fb3931d1000-7fb3933d1000 ---p 0006d000 08:12 3803377                    /usr/lib/x86_64-linux-gnu/mesa/libGL.so.1.2.0
7fb3933d1000-7fb3933d4000 r--p 0006d000 08:12 3803377                    /usr/lib/x86_64-linux-gnu/mesa/libGL.so.1.2.0
7fb3933d4000-7fb3933d5000 rw-p 00070000 08:12 3803377                    /usr/lib/x86_64-linux-gnu/mesa/libGL.so.1.2.0
7fb3933d5000-7fb3933d6000 rw-p 00000000 00:00 0 
7fb3933d6000-7fb3933d7000 r-xp 00000000 08:12 3547009                    /usr/lib/x86_64-linux-gnu/libX11-xcb.so.1.0.0
7fb3933d7000-7fb3935d6000 ---p 00001000 08:12 3547009                    /usr/lib/x86_64-linux-gnu/libX11-xcb.so.1.0.0
7fb3935d6000-7fb3935d7000 r--p 00000000 08:12 3547009                    /usr/lib/x86_64-linux-gnu/libX11-xcb.so.1.0.0
7fb3935d7000-7fb3935d8000 rw-p 00001000 08:12 3547009                    /usr/lib/x86_64-linux-gnu/libX11-xcb.so.1.0.0
7fb3937db000-7fb3937e0000 r-xp 00000000 08:12 3547030                    /usr/lib/x86_64-linux-gnu/libXfixes.so.3.1.0
7fb3937e0000-7fb3939df000 ---p 00005000 08:12 3547030                    /usr/lib/x86_64-linux-gnu/libXfixes.so.3.1.0
7fb3939df000-7fb3939e0000 r--p 00004000 08:12 3547030                    /usr/lib/x86_64-linux-gnu/libXfixes.so.3.1.0
7fb3939e0000-7fb3939e1000 rw-p 00005000 08:12 3547030                    /usr/lib/x86_64-linux-gnu/libXfixes.so.3.1.0
7fb393beb000-7fb393bf4000 r-xp 00000000 08:12 3547050                    /usr/lib/x86_64-linux-gnu/libXrender.so.1.3.0
7fb393bf4000-7fb393df3000 ---p 00009000 08:12 3547050                    /usr/lib/x86_64-linux-gnu/libXrender.so.1.3.0
7fb393df3000-7fb393df4000 r--p 00008000 08:12 3547050                    /usr/lib/x86_64-linux-gnu/libXrender.so.1.3.0
7fb393df4000-7fb393df5000 rw-p 00009000 08:12 3547050                    /usr/lib/x86_64-linux-gnu/libXrender.so.1.3.0
7fb394000000-7fb394021000 rw-p 00000000 00:00 0 
7fb394021000-7fb398000000 ---p 00000000 00:00 0 
7fb398000000-7fb3980af000 rw-p 00000000 00:00 0 
7fb3980af000-7fb39c000000 ---p 00000000 00:00 0 
7fb39c000000-7fb39c021000 rw-p 00000000 00:00 0 
7fb39c021000-7fb3a0000000 ---p 00000000 00:00 0 
7fb3a0000000-7fb3a0021000 rw-p 00000000 00:00 0 
7fb3a0021000-7fb3a4000000 ---p 00000000 00:00 0 
7fb3a4000000-7fb3a4021000 rw-p 00000000 00:00 0 
7fb3a4021000-7fb3a8000000 ---p 00000000 00:00 0 
7fb3a8000000-7fb3a8021000 rw-p 00000000 00:00 0 
7fb3a8021000-7fb3ac000000 ---p 00000000 00:00 0 
7fb3ac07f000-7fb3ac08e000 r-xp 00000000 08:12 3547038                    /usr/lib/x86_64-linux-gnu/libXi.so.6.1.0
7fb3ac08e000-7fb3ac28d000 ---p 0000f000 08:12 3547038                    /usr/lib/x86_64-linux-gnu/libXi.so.6.1.0
7fb3ac28d000-7fb3ac28e000 r--p 0000e000 08:12 3547038                    /usr/lib/x86_64-linux-gnu/libXi.so.6.1.0
7fb3ac28e000-7fb3ac28f000 rw-p 0000f000 08:12 3547038                    /usr/lib/x86_64-linux-gnu/libXi.so.6.1.0
7fb3ac28f000-7fb3ac2a0000 r-xp 00000000 08:12 3547028                    /usr/lib/x86_64-linux-gnu/libXext.so.6.4.0
7fb3ac2a0000-7fb3ac49f000 ---p 00011000 08:12 3547028                    /usr/lib/x86_64-linux-gnu/libXext.so.6.4.0
7fb3ac49f000-7fb3ac4a0000 r--p 00010000 08:12 3547028                    /usr/lib/x86_64-linux-gnu/libXext.so.6.4.0
7fb3ac4a0000-7fb3ac4a1000 rw-p 00011000 08:12 3547028                    /usr/lib/x86_64-linux-gnu/libXext.so.6.4.0
7fb3ac4a1000-7fb3ac4a6000 r-xp 00000000 08:12 3547066                    /usr/lib/x86_64-linux-gnu/libXxf86vm.so.1.0.0
7fb3ac4a6000-7fb3ac6a5000 ---p 00005000 08:12 3547066                    /usr/lib/x86_64-linux-gnu/libXxf86vm.so.1.0.0
7fb3ac6a5000-7fb3ac6a6000 r--p 00004000 08:12 3547066                    /usr/lib/x86_64-linux-gnu/libXxf86vm.so.1.0.0
7fb3ac6a6000-7fb3ac6a7000 rw-p 00005000 08:12 3547066                    /usr/lib/x86_64-linux-gnu/libXxf86vm.so.1.0.0
7fb3ac6a7000-7fb3ac6ba000 r-xp 00000000 08:12 6033893                    /lib/x86_64-linux-gnu/libbsd.so.0.8.6
7fb3ac6ba000-7fb3ac8b9000 ---p 00013000 08:12 6033893                    /lib/x86_64-linux-gnu/libbsd.so.0.8.6
7fb3ac8b9000-7fb3ac8ba000 r--p 00012000 08:12 6033893                    /lib/x86_64-linux-gnu/libbsd.so.0.8.6
7fb3ac8ba000-7fb3ac8bb000 rw-p 00013000 08:12 6033893                    /lib/x86_64-linux-gnu/libbsd.so.0.8.6
7fb3ac8bb000-7fb3ac8bc000 rw-p 00000000 00:00 0 
7fb3ac8bc000-7fb3ac8c1000 r-xp 00000000 08:12 3547026                    /usr/lib/x86_64-linux-gnu/libXdmcp.so.6.0.0
7fb3ac8c1000-7fb3acac0000 ---p 00005000 08:12 3547026                    /usr/lib/x86_64-linux-gnu/libXdmcp.so.6.0.0
7fb3acac0000-7fb3acac1000 r--p 00004000 08:12 3547026                    /usr/lib/x86_64-linux-gnu/libXdmcp.so.6.0.0
7fb3acac1000-7fb3acac2000 rw-p 00005000 08:12 3547026                    /usr/lib/x86_64-linux-gnu/libXdmcp.so.6.0.0
7fb3acac2000-7fb3acac4000 r-xp 00000000 08:12 3547015                    /usr/lib/x86_64-linux-gnu/libXau.so.6.0.0
7fb3acac4000-7fb3accc4000 ---p 00002000 08:12 3547015                    /usr/lib/x86_64-linux-gnu/libXau.so.6.0.0
7fb3accc4000-7fb3accc5000 r--p 00002000 08:12 3547015                    /usr/lib/x86_64-linux-gnu/libXau.so.6.0.0
7fb3accc5000-7fb3accc6000 rw-p 00003000 08:12 3547015                    /usr/lib/x86_64-linux-gnu/libXau.so.6.0.0
7fb3accc6000-7fb3acdfa000 r-xp 00000000 08:12 3547011                    /usr/lib/x86_64-linux-gnu/libX11.so.6.3.0
7fb3acdfa000-7fb3acffa000 ---p 00134000 08:12 3547011                    /usr/lib/x86_64-linux-gnu/libX11.so.6.3.0
7fb3acffa000-7fb3acffb000 r--p 00134000 08:12 3547011                    /usr/lib/x86_64-linux-gnu/libX11.so.6.3.0
7fb3acffb000-7fb3acfff000 rw-p 00135000 08:12 3547011                    /usr/lib/x86_64-linux-gnu/libX11.so.6.3.0
7fb3acfff000-7fb3b0000000 rw-p 00000000 00:00 0 
7fb3b0000000-7fb3b0c42000 rw-p 00000000 00:00 0 
7fb3b0c42000-7fb3b4000000 ---p 00000000 00:00 0 
7fb3b4000000-7fb3b4021000 rw-p 00000000 00:00 0 
7fb3b4021000-7fb3b8000000 ---p 00000000 00:00 0 
7fb3b8000000-7fb3b960e000 rw-p 00000000 00:00 0 
7fb3b960e000-7fb3bc000000 ---p 00000000 00:00 0 
7fb3bc000000-7fb3bde34000 rw-p 00000000 00:00 0 
7fb3bde34000-7fb3c0000000 ---p 00000000 00:00 0 
7fb3c0000000-7fb3c0021000 rw-p 00000000 00:00 0 
7fb3c0021000-7fb3c4000000 ---p 00000000 00:00 0 
7fb3c4000000-7fb3c4021000 rw-p 00000000 00:00 0 
7fb3c4021000-7fb3c8000000 ---p 00000000 00:00 0 
7fb3c8000000-7fb3c8022000 rw-p 00000000 00:00 0 
7fb3c8022000-7fb3cc000000 ---p 00000000 00:00 0 
7fb3cc000000-7fb3cc021000 rw-p 00000000 00:00 0 
7fb3cc021000-7fb3d0000000 ---p 00000000 00:00 0 
7fb3d0000000-7fb3d0021000 rw-p 00000000 00:00 0 
7fb3d0021000-7fb3d4000000 ---p 00000000 00:00 0 
7fb3d40cd000-7fb3d40f3000 r-xp 00000000 08:12 3548262                    /usr/lib/x86_64-linux-gnu/libxcb.so.1.1.0
7fb3d40f3000-7fb3d42f2000 ---p 00026000 08:12 3548262                    /usr/lib/x86_64-linux-gnu/libxcb.so.1.1.0
7fb3d42f2000-7fb3d42f3000 r--p 00025000 08:12 3548262                    /usr/lib/x86_64-linux-gnu/libxcb.so.1.1.0
7fb3d42f3000-7fb3d42f4000 rw-p 00026000 08:12 3548262                    /usr/lib/x86_64-linux-gnu/libxcb.so.1.1.0
7fb3d42f8000-7fb3d42f9000 rwxp 00000000 00:00 0 
7fb3d430c000-7fb3d4313000 r--s 00000000 08:12 3806277                    /usr/lib/x86_64-linux-gnu/gconv/gconv-modules.cache
7fb3d4313000-7fb3d4342000 r-xp 00000000 08:07 387849                     /tmp/lwjglgnome/3.1.5-build-1/libglfw.so
7fb3d4342000-7fb3d4541000 ---p 0002f000 08:07 387849                     /tmp/lwjglgnome/3.1.5-build-1/libglfw.so
7fb3d4541000-7fb3d4542000 r--p 0002e000 08:07 387849                     /tmp/lwjglgnome/3.1.5-build-1/libglfw.so
7fb3d4542000-7fb3d4543000 rw-p 0002f000 08:07 387849                     /tmp/lwjglgnome/3.1.5-build-1/libglfw.so
7fb3d4543000-7fb3d4564000 rw-p 00000000 00:00 0 
7fb3d4565000-7fb3d4568000 ---p 00000000 00:00 0 
7fb3d4568000-7fb3d4866000 rw-p 00000000 00:00 0 
7fb3d4866000-7fb3d4869000 ---p 00000000 00:00 0 
7fb3d4869000-7fb3d4967000 rw-p 00000000 00:00 0 
7fb3d496d000-7fb3d496e000 r-xp 00000000 00:00 0 
7fb3d496e000-7fb3d4971000 ---p 00000000 00:00 0 
7fb3d4971000-7fb3d4a6f000 rw-p 00000000 00:00 0 
7fb3d4a6f000-7fb3d4a72000 ---p 00000000 00:00 0 
7fb3d4a72000-7fb3d4b70000 rw-p 00000000 00:00 0 
7fb3d4b70000-7fb3d4b73000 ---p 00000000 00:00 0 
7fb3d4b73000-7fb3d4c71000 rw-p 00000000 00:00 0 
7fb3d4c71000-7fb3d4c74000 ---p 00000000 00:00 0 
7fb3d4c74000-7fb3d4f72000 rw-p 00000000 00:00 0 
7fb3d4f72000-7fb3d5772000 rw-p 00000000 00:00 0 
7fb3d5772000-7fb3d57b6000 r-xp 00000000 08:07 387848                     /tmp/lwjglgnome/3.1.5-build-1/libjemalloc.so
7fb3d57b6000-7fb3d59b6000 ---p 00044000 08:07 387848                     /tmp/lwjglgnome/3.1.5-build-1/libjemalloc.so
7fb3d59b6000-7fb3d59bb000 r--p 00044000 08:07 387848                     /tmp/lwjglgnome/3.1.5-build-1/libjemalloc.so
7fb3d59bb000-7fb3d59bc000 rw-p 00049000 08:07 387848                     /tmp/lwjglgnome/3.1.5-build-1/libjemalloc.so
7fb3d59bc000-7fb3d5bcb000 rw-p 00000000 00:00 0 
7fb3d5bcb000-7fb3d5bd0000 r--s 0009d000 08:12 3679683                    /usr/lib/jvm/java-8-openjdk-amd64/jre/lib/jsse.jar
7fb3d5bd0000-7fb3d5c23000 r-xp 00000000 08:07 387847                     /tmp/lwjglgnome/3.1.5-build-1/liblwjgl.so
7fb3d5c23000-7fb3d5e22000 ---p 00053000 08:07 387847                     /tmp/lwjglgnome/3.1.5-build-1/liblwjgl.so
7fb3d5e22000-7fb3d5e23000 r--p 00052000 08:07 387847                     /tmp/lwjglgnome/3.1.5-build-1/liblwjgl.so
7fb3d5e23000-7fb3d5e24000 rw-p 00053000 08:07 387847                     /tmp/lwjglgnome/3.1.5-build-1/liblwjgl.so
7fb3d5e24000-7fb3d6024000 rw-p 00000000 00:00 0 
7fb3d6024000-7fb3d603a000 r-xp 00000000 08:12 3679667                    /usr/lib/jvm/java-8-openjdk-amd64/jre/lib/amd64/libnet.so
7fb3d603a000-7fb3d623a000 ---p 00016000 08:12 3679667                    /usr/lib/jvm/java-8-openjdk-amd64/jre/lib/amd64/libnet.so
7fb3d623a000-7fb3d623b000 r--p 00016000 08:12 3679667                    /usr/lib/jvm/java-8-openjdk-amd64/jre/lib/amd64/libnet.so
7fb3d623b000-7fb3d623c000 rw-p 00017000 08:12 3679667                    /usr/lib/jvm/java-8-openjdk-amd64/jre/lib/amd64/libnet.so
7fb3d623c000-7fb3d624d000 r-xp 00000000 08:12 3679668                    /usr/lib/jvm/java-8-openjdk-amd64/jre/lib/amd64/libnio.so
7fb3d624d000-7fb3d644d000 ---p 00011000 08:12 3679668                    /usr/lib/jvm/java-8-openjdk-amd64/jre/lib/amd64/libnio.so
7fb3d644d000-7fb3d644e000 r--p 00011000 08:12 3679668                    /usr/lib/jvm/java-8-openjdk-amd64/jre/lib/amd64/libnio.so
7fb3d644e000-7fb3d644f000 rw-p 00012000 08:12 3679668                    /usr/lib/jvm/java-8-openjdk-amd64/jre/lib/amd64/libnio.so
7fb3d644f000-7fb3d6462000 r--s 00346000 08:12 3679687                    /usr/lib/jvm/java-8-openjdk-amd64/jre/lib/resources.jar
7fb3d6462000-7fb3d6662000 rw-p 00000000 00:00 0 
7fb3d6662000-7fb3d6862000 rw-p 00000000 00:00 0 
7fb3d6862000-7fb3d6a62000 rw-p 00000000 00:00 0 
7fb3d6a62000-7fb3d6a63000 r--s 0000e000 08:05 14289390                   /home/gnome/.m2/repository/org/lwjgl/lwjgl-tinyexr/3.1.5/lwjgl-tinyexr-3.1.5-natives-linux.jar
7fb3d6a63000-7fb3d6a6c000 r--s 000a8000 08:05 22546103                   /home/gnome/.m2/repository/net/mikera/vectorz/0.65.0/vectorz-0.65.0.jar
7fb3d6a6c000-7fb3d6a6d000 r--s 00029000 08:05 14289500                   /home/gnome/.m2/repository/org/lwjgl/lwjgl-yoga/3.1.5/lwjgl-yoga-3.1.5-natives-windows.jar
7fb3d6a6d000-7fb3d6a6e000 r--s 00003000 08:05 30671189                   /home/gnome/.m2/repository/net/mikera/randomz/0.3.0/randomz-0.3.0.jar
7fb3d6a6e000-7fb3d6a6f000 r--s 00002000 08:05 14289387                   /home/gnome/.m2/repository/org/lwjgl/lwjgl-par/3.1.5/lwjgl-par-3.1.5.jar
7fb3d6a6f000-7fb3d6a70000 r--s 00005000 08:05 21496439                   /home/gnome/.m2/repository/net/mikera/vectorz-clj/0.47.0/vectorz-clj-0.47.0.jar
7fb3d6a70000-7fb3d6a72000 r--s 00009000 08:05 14289432                   /home/gnome/.m2/repository/org/lwjgl/lwjgl-tinyexr/3.1.5/lwjgl-tinyexr-3.1.5.jar
7fb3d6a72000-7fb3d6a73000 r--s 00020000 08:05 14289321                   /home/gnome/.m2/repository/org/lwjgl/lwjgl-lz4/3.1.5/lwjgl-lz4-3.1.5-natives-windows.jar
7fb3d6a73000-7fb3d6a74000 r--s 00001000 08:05 14289477                   /home/gnome/.m2/repository/org/lwjgl/lwjgl-xxhash/3.1.5/lwjgl-xxhash-3.1.5-natives-linux.jar
7fb3d6a74000-7fb3d6a75000 r--s 00030000 08:05 14289449                   /home/gnome/.m2/repository/org/lwjgl/lwjgl-stb/3.1.5/lwjgl-stb-3.1.5-natives-linux.jar
7fb3d6a75000-7fb3d6a76000 r--s 00040000 08:05 14289361                   /home/gnome/.m2/repository/org/lwjgl/lwjgl-nuklear/3.1.5/lwjgl-nuklear-3.1.5-natives-windows.jar
7fb3d6a76000-7fb3d6a77000 r--s 0002a000 08:05 14289430                   /home/gnome/.m2/repository/org/lwjgl/lwjgl-stb/3.1.5/lwjgl-stb-3.1.5-natives-macos.jar
7fb3d6a77000-7fb3d6a7c000 r--s 00043000 08:05 14289364                   /home/gnome/.m2/repository/org/lwjgl/lwjgl-openvr/3.1.5/lwjgl-openvr-3.1.5.jar
7fb3d6a7c000-7fb3d6a7d000 r--s 00004000 08:05 14289306                   /home/gnome/.m2/repository/org/lwjgl/lwjgl-opengles/3.1.5/lwjgl-opengles-3.1.5-natives-macos.jar
7fb3d6a7d000-7fb3d6a7e000 r--s 0000c000 08:05 14289318                   /home/gnome/.m2/repository/org/lwjgl/lwjgl-lmdb/3.1.5/lwjgl-lmdb-3.1.5-natives-linux.jar
7fb3d6a7e000-7fb3d6a7f000 r--s 00005000 08:05 14289416                   /home/gnome/.m2/repository/org/lwjgl/lwjgl-remotery/3.1.5/lwjgl-remotery-3.1.5-natives-macos.jar
7fb3d6a7f000-7fb3d6a91000 r--s 0013c000 08:05 14289468                   /home/gnome/.m2/repository/org/lwjgl/lwjgl-vulkan/3.1.5/lwjgl-vulkan-3.1.5.jar
7fb3d6a91000-7fb3d6a92000 r--s 0001f000 08:05 14289389                   /home/gnome/.m2/repository/org/lwjgl/lwjgl-nfd/3.1.5/lwjgl-nfd-3.1.5-natives-windows.jar
7fb3d6a92000-7fb3d6a94000 r--s 00015000 08:05 14289365                   /home/gnome/.m2/repository/org/lwjgl/lwjgl-stb/3.1.5/lwjgl-stb-3.1.5.jar
7fb3d6a94000-7fb3d6a95000 r--s 00031000 08:05 14289420                   /home/gnome/.m2/repository/org/lwjgl/lwjgl-par/3.1.5/lwjgl-par-3.1.5-natives-windows.jar
7fb3d6a95000-7fb3d6a96000 r--s 00010000 08:05 14289428                   /home/gnome/.m2/repository/org/lwjgl/lwjgl-tinyexr/3.1.5/lwjgl-tinyexr-3.1.5-natives-macos.jar
7fb3d6a96000-7fb3d6a98000 r--s 00012000 08:05 14289294                   /home/gnome/.m2/repository/org/lwjgl/lwjgl/3.1.5/lwjgl-3.1.5-natives-linux.jar
7fb3d6a98000-7fb3d6a99000 r--s 00004000 08:05 30671221                   /home/gnome/.m2/repository/net/mikera/clojure-utils/0.8.0/clojure-utils-0.8.0.jar
7fb3d6a99000-7fb3d6a9a000 r--s 0000a000 08:05 14289379                   /home/gnome/.m2/repository/org/lwjgl/lwjgl-yoga/3.1.5/lwjgl-yoga-3.1.5-natives-macos.jar
7fb3d6a9a000-7fb3d6a9b000 r--s 00016000 08:05 14289417                   /home/gnome/.m2/repository/org/lwjgl/lwjgl-opengl/3.1.5/lwjgl-opengl-3.1.5-natives-linux.jar
7fb3d6a9b000-7fb3d6aa1000 r--s 0005a000 08:05 14289348                   /home/gnome/.m2/repository/org/lwjgl/lwjgl-nuklear/3.1.5/lwjgl-nuklear-3.1.5.jar
7fb3d6aa1000-7fb3d6aa2000 r--s 00001000 08:05 14289324                   /home/gnome/.m2/repository/org/lwjgl/lwjgl-nfd/3.1.5/lwjgl-nfd-3.1.5.jar
7fb3d6aa2000-7fb3d6aa4000 r--s 00000000 08:05 14289436                   /home/gnome/.m2/repository/org/lwjgl/lwjgl-xxhash/3.1.5/lwjgl-xxhash-3.1.5-natives-macos.jar
7fb3d6aa4000-7fb3d6aa5000 r--s 0003f000 08:05 14289293                   /home/gnome/.m2/repository/org/lwjgl/lwjgl-bgfx/3.1.5/lwjgl-bgfx-3.1.5-natives-macos.jar
7fb3d6aa5000-7fb3d6aa9000 r--s 0002c000 08:05 14289289                   /home/gnome/.m2/repository/org/lwjgl/lwjgl-assimp/3.1.5/lwjgl-assimp-3.1.5.jar
7fb3d6aa9000-7fb3d6aaa000 r--s 0006f000 08:05 14289325                   /home/gnome/.m2/repository/org/lwjgl/lwjgl-nanovg/3.1.5/lwjgl-nanovg-3.1.5-natives-windows.jar
7fb3d6aaa000-7fb3d6aac000 r--s 00029000 08:05 14289341                   /home/gnome/.m2/repository/org/lwjgl/lwjgl-nanovg/3.1.5/lwjgl-nanovg-3.1.5-natives-linux.jar
7fb3d6aac000-7fb3d6aad000 r--s 0000e000 08:05 14289315                   /home/gnome/.m2/repository/org/lwjgl/lwjgl-nanovg/3.1.5/lwjgl-nanovg-3.1.5.jar
7fb3d6aad000-7fb3d6aaf000 r--s 00000000 08:05 14289411                   /home/gnome/.m2/repository/org/lwjgl/lwjgl-sse/3.1.5/lwjgl-sse-3.1.5.jar
7fb3d6aaf000-7fb3d6ab0000 r--s 00001000 08:05 14289332                   /home/gnome/.m2/repository/org/lwjgl/lwjgl-nfd/3.1.5/lwjgl-nfd-3.1.5-natives-macos.jar
7fb3d6ab0000-7fb3d6ab1000 r--s 0003d000 08:05 14289310                   /home/gnome/.m2/repository/org/lwjgl/lwjgl-glfw/3.1.5/lwjgl-glfw-3.1.5-natives-windows.jar
7fb3d6ab1000-7fb3d6ab2000 r--s 003a3000 08:05 14289302                   /home/gnome/.m2/repository/org/lwjgl/lwjgl-assimp/3.1.5/lwjgl-assimp-3.1.5-natives-windows.jar
7fb3d6ab2000-7fb3d6ab4000 r--s 00008000 08:05 14289466                   /home/gnome/.m2/repository/org/lwjgl/lwjgl-tinyfd/3.1.5/lwjgl-tinyfd-3.1.5-natives-macos.jar
7fb3d6ab4000-7fb3d6ab5000 r--s 0001f000 08:05 14289309                   /home/gnome/.m2/repository/org/lwjgl/lwjgl-glfw/3.1.5/lwjgl-glfw-3.1.5-natives-linux.jar
7fb3d6ab5000-7fb3d6ab6000 r--s 00030000 08:05 14289478                   /home/gnome/.m2/repository/org/lwjgl/lwjgl-zstd/3.1.5/lwjgl-zstd-3.1.5-natives-macos.jar
7fb3d6ab6000-7fb3d6aba000 r--s 00017000 08:05 14289291                   /home/gnome/.m2/repository/org/lwjgl/lwjgl-glfw/3.1.5/lwjgl-glfw-3.1.5.jar
7fb3d6aba000-7fb3d6abb000 r--s 0000d000 08:05 14289303                   /home/gnome/.m2/repository/org/lwjgl/lwjgl-glfw/3.1.5/lwjgl-glfw-3.1.5-natives-macos.jar
7fb3d6abb000-7fb3d6abc000 r--s 00050000 08:05 14289307                   /home/gnome/.m2/repository/org/lwjgl/lwjgl-bgfx/3.1.5/lwjgl-bgfx-3.1.5-natives-linux.jar
7fb3d6abc000-7fb3d6abd000 r--s 00038000 08:05 14289287                   /home/gnome/.m2/repository/org/lwjgl/lwjgl/3.1.5/lwjgl-3.1.5-natives-windows.jar
7fb3d6abd000-7fb3d6abe000 r--s 00004000 08:05 14289394                   /home/gnome/.m2/repository/org/lwjgl/lwjgl-par/3.1.5/lwjgl-par-3.1.5-natives-macos.jar
7fb3d6abe000-7fb3d6abf000 r--s 00022000 08:05 14289504                   /home/gnome/.m2/repository/org/lwjgl/lwjgl-zstd/3.1.5/lwjgl-zstd-3.1.5-natives-linux.jar
7fb3d6abf000-7fb3d6ac1000 r--s 0008b000 08:05 14289418                   /home/gnome/.m2/repository/org/lwjgl/lwjgl-openvr/3.1.5/lwjgl-openvr-3.1.5-natives-windows.jar
7fb3d6ac1000-7fb3d6ac6000 r--s 00042000 08:05 14289277                   /home/gnome/.m2/repository/org/lwjgl/lwjgl/3.1.5/lwjgl-3.1.5.jar
7fb3d6ac6000-7fb3d6ac7000 r--s 0000b000 08:05 14289333                   /home/gnome/.m2/repository/org/lwjgl/lwjgl-lz4/3.1.5/lwjgl-lz4-3.1.5-natives-macos.jar
7fb3d6ac7000-7fb3d6ac8000 r--s 00008000 08:05 14289297                   /home/gnome/.m2/repository/org/lwjgl/lwjgl/3.1.5/lwjgl-3.1.5-natives-macos.jar
7fb3d6ac8000-7fb3d6ac9000 r--s 0002d000 08:05 14289327                   /home/gnome/.m2/repository/org/lwjgl/lwjgl-lmdb/3.1.5/lwjgl-lmdb-3.1.5-natives-windows.jar
7fb3d6ac9000-7fb3d6aca000 r--s 0000d000 08:05 14289305                   /home/gnome/.m2/repository/org/lwjgl/lwjgl-lmdb/3.1.5/lwjgl-lmdb-3.1.5-natives-macos.jar
7fb3d6aca000-7fb3d6acb000 r--s 002dc000 08:05 14289292                   /home/gnome/.m2/repository/org/lwjgl/lwjgl-assimp/3.1.5/lwjgl-assimp-3.1.5-natives-linux.jar
7fb3d6acb000-7fb3d6acc000 r--s 00008000 08:05 14289381                   /home/gnome/.m2/repository/org/lwjgl/lwjgl-opengles/3.1.5/lwjgl-opengles-3.1.5-natives-linux.jar
7fb3d6acc000-7fb3d6ace000 r--s 00005000 08:05 14289425                   /home/gnome/.m2/repository/org/lwjgl/lwjgl-remotery/3.1.5/lwjgl-remotery-3.1.5.jar
7fb3d6ace000-7fb3d6acf000 r--s 00075000 08:05 14289405                   /home/gnome/.m2/repository/org/lwjgl/lwjgl-stb/3.1.5/lwjgl-stb-3.1.5-natives-windows.jar
7fb3d6acf000-7fb3d6ad0000 r--s 0000e000 08:05 14289331                   /home/gnome/.m2/repository/org/lwjgl/lwjgl-lz4/3.1.5/lwjgl-lz4-3.1.5-natives-linux.jar
7fb3d6ad0000-7fb3d6ad1000 r--s 0001b000 08:05 14289435                   /home/gnome/.m2/repository/org/lwjgl/lwjgl-remotery/3.1.5/lwjgl-remotery-3.1.5-natives-windows.jar
7fb3d6ad1000-7fb3d6ad2000 r--s 00006000 08:05 14289414                   /home/gnome/.m2/repository/org/lwjgl/lwjgl-remotery/3.1.5/lwjgl-remotery-3.1.5-natives-linux.jar
7fb3d6ad2000-7fb3d6ad3000 r--s 00001000 08:05 14289402                   /home/gnome/.m2/repository/org/lwjgl/lwjgl-tootle/3.1.5/lwjgl-tootle-3.1.5.jar
7fb3d6ad3000-7fb3d6ad4000 r--s 00001000 08:05 14289457                   /home/gnome/.m2/repository/org/lwjgl/lwjgl-tinyfd/3.1.5/lwjgl-tinyfd-3.1.5.jar
7fb3d6ad4000-7fb3d6ad5000 r--s 00016000 08:05 14289410                   /home/gnome/.m2/repository/org/lwjgl/lwjgl-openvr/3.1.5/lwjgl-openvr-3.1.5-natives-macos.jar
7fb3d6ad5000-7fb3d6ad6000 r--s 0000b000 08:05 14289386                   /home/gnome/.m2/repository/org/lwjgl/lwjgl-opengl/3.1.5/lwjgl-opengl-3.1.5-natives-macos.jar
7fb3d6ad6000-7fb3d6ad7000 r--s 00077000 08:05 14289372                   /home/gnome/.m2/repository/org/lwjgl/lwjgl-openal/3.1.5/lwjgl-openal-3.1.5-natives-linux.jar
7fb3d6ad7000-7fb3d6ad8000 r--s 00000000 08:05 14289412                   /home/gnome/.m2/repository/org/lwjgl/lwjgl-sse/3.1.5/lwjgl-sse-3.1.5-natives-linux.jar
7fb3d6ad8000-7fb3d6ad9000 r--s 00017000 08:05 14289317                   /home/gnome/.m2/repository/org/lwjgl/lwjgl-jemalloc/3.1.5/lwjgl-jemalloc-3.1.5-natives-macos.jar
7fb3d6ad9000-7fb3d6ada000 r--s 00015000 08:05 14289360                   /home/gnome/.m2/repository/org/lwjgl/lwjgl-odbc/3.1.5/lwjgl-odbc-3.1.5.jar
7fb3d6ada000-7fb3d6adb000 r--s 00005000 08:05 14289314                   /home/gnome/.m2/repository/org/lwjgl/lwjgl-jawt/3.1.5/lwjgl-jawt-3.1.5.jar
7fb3d6adb000-7fb3d6add000 r--s 00001000 08:05 30671217                   /home/gnome/.m2/repository/net/mikera/mathz/0.3.0/mathz-0.3.0.jar
7fb3d6add000-7fb3d6ade000 r--s 00012000 08:05 14289442                   /home/gnome/.m2/repository/org/lwjgl/lwjgl-tootle/3.1.5/lwjgl-tootle-3.1.5-natives-macos.jar
7fb3d6ade000-7fb3d6adf000 r--s 00030000 08:05 14289330                   /home/gnome/.m2/repository/org/lwjgl/lwjgl-jemalloc/3.1.5/lwjgl-jemalloc-3.1.5-natives-windows.jar
7fb3d6adf000-7fb3d6ae1000 r--s 00005000 08:05 14289415                   /home/gnome/.m2/repository/org/lwjgl/lwjgl-par/3.1.5/lwjgl-par-3.1.5-natives-linux.jar
7fb3d6ae1000-7fb3d6ae2000 r--s 00021000 08:05 14289336                   /home/gnome/.m2/repository/org/lwjgl/lwjgl-nuklear/3.1.5/lwjgl-nuklear-3.1.5-natives-linux.jar
7fb3d6ae2000-7fb3d6ae4000 r--s 00009000 08:05 14289451                   /home/gnome/.m2/repository/org/lwjgl/lwjgl-zstd/3.1.5/lwjgl-zstd-3.1.5.jar
7fb3d6ae4000-7fb3d6ce4000 rw-p 00000000 00:00 0 
7fb3d6ce4000-7fb3d6ce5000 ---p 00000000 00:00 0 
7fb3d6ce5000-7fb3d6de5000 rw-p 00000000 00:00 0 
7fb3d6de5000-7fb3d6de8000 ---p 00000000 00:00 0 
7fb3d6de8000-7fb3d6ee6000 rw-p 00000000 00:00 0 
7fb3d6ee6000-7fb3d6ee9000 ---p 00000000 00:00 0 
7fb3d6ee9000-7fb3d6fe7000 rw-p 00000000 00:00 0 
7fb3d6fe7000-7fb3d6fea000 ---p 00000000 00:00 0 
7fb3d6fea000-7fb3d70e8000 rw-p 00000000 00:00 0 
7fb3d70e8000-7fb3d70eb000 ---p 00000000 00:00 0 
7fb3d70eb000-7fb3d71e9000 rw-p 00000000 00:00 0 
7fb3d71e9000-7fb3d71ec000 ---p 00000000 00:00 0 
7fb3d71ec000-7fb3d72ea000 rw-p 00000000 00:00 0 
7fb3d72ea000-7fb3d76f7000 r--p 00000000 08:12 3540310                    /usr/lib/locale/locale-archive
7fb3d76f7000-7fb3d76fa000 ---p 00000000 00:00 0 
7fb3d76fa000-7fb3d77f8000 rw-p 00000000 00:00 0 
7fb3d77f8000-7fb3d77fb000 ---p 00000000 00:00 0 
7fb3d77fb000-7fb3d78f9000 rw-p 00000000 00:00 0 
7fb3d78f9000-7fb3d78fa000 ---p 00000000 00:00 0 
7fb3d78fa000-7fb3d8000000 rw-p 00000000 00:00 0 
7fb3d8000000-7fb3d8021000 rw-p 00000000 00:00 0 
7fb3d8021000-7fb3dc000000 ---p 00000000 00:00 0 
7fb3dc000000-7fb3dc021000 rw-p 00000000 00:00 0 
7fb3dc021000-7fb3e0000000 ---p 00000000 00:00 0 
7fb3e0000000-7fb3e0021000 rw-p 00000000 00:00 0 
7fb3e0021000-7fb3e4000000 ---p 00000000 00:00 0 
7fb3e4000000-7fb3e4001000 r--s 00032000 08:05 14289462                   /home/gnome/.m2/repository/org/lwjgl/lwjgl-tootle/3.1.5/lwjgl-tootle-3.1.5-natives-windows.jar
7fb3e4001000-7fb3e4003000 r--s 00008000 08:05 14289343                   /home/gnome/.m2/repository/org/lwjgl/lwjgl-jemalloc/3.1.5/lwjgl-jemalloc-3.1.5.jar
7fb3e4003000-7fb3e4004000 r--s 00044000 08:05 14289493                   /home/gnome/.m2/repository/org/lwjgl/lwjgl-tinyexr/3.1.5/lwjgl-tinyexr-3.1.5-natives-windows.jar
7fb3e4004000-7fb3e4005000 r--s 0002a000 08:05 14289371                   /home/gnome/.m2/repository/org/lwjgl/lwjgl-opengl/3.1.5/lwjgl-opengl-3.1.5-natives-windows.jar
7fb3e4005000-7fb3e4006000 r--s 00002000 08:05 14290192                   /home/gnome/.m2/repository/clojure-complete/clojure-complete/0.2.4/clojure-complete-0.2.4.jar
7fb3e4006000-7fb3e4008000 r--s 0000a000 08:05 14289311                   /home/gnome/.m2/repository/org/lwjgl/lwjgl-lz4/3.1.5/lwjgl-lz4-3.1.5.jar
7fb3e4008000-7fb3e400a000 r--s 00004000 08:05 14289487                   /home/gnome/.m2/repository/org/lwjgl/lwjgl-xxhash/3.1.5/lwjgl-xxhash-3.1.5.jar
7fb3e400a000-7fb3e400e000 r--s 0001e000 08:05 14289290                   /home/gnome/.m2/repository/org/lwjgl/lwjgl-egl/3.1.5/lwjgl-egl-3.1.5.jar
7fb3e400e000-7fb3e400f000 r--s 0002d000 08:05 14289335                   /home/gnome/.m2/repository/org/lwjgl/lwjgl-nuklear/3.1.5/lwjgl-nuklear-3.1.5-natives-macos.jar
7fb3e400f000-7fb3e4010000 r--s 00001000 08:05 14289342                   /home/gnome/.m2/repository/org/lwjgl/lwjgl-nfd/3.1.5/lwjgl-nfd-3.1.5-natives-linux.jar
7fb3e4010000-7fb3e4012000 r--s 0001e000 08:05 30671216                   /home/gnome/.m2/repository/net/mikera/core.matrix/0.60.3/core.matrix-0.60.3.jar
7fb3e4012000-7fb3e4013000 r--s 00222000 08:05 14289295                   /home/gnome/.m2/repository/org/lwjgl/lwjgl-assimp/3.1.5/lwjgl-assimp-3.1.5-natives-macos.jar
7fb3e4013000-7fb3e4015000 r--s 0000f000 08:05 14424349                   /home/gnome/.m2/repository/prismatic/schema/1.1.9/schema-1.1.9.jar
7fb3e4015000-7fb3e4016000 r--s 00009000 08:05 14290190                   /home/gnome/.m2/repository/org/clojure/tools.nrepl/0.2.12/tools.nrepl-0.2.12.jar
7fb3e4016000-7fb3e4017000 r--s 00026000 08:05 14289340                   /home/gnome/.m2/repository/org/lwjgl/lwjgl-nanovg/3.1.5/lwjgl-nanovg-3.1.5-natives-macos.jar
7fb3e4017000-7fb3e4019000 r--s 00002000 08:05 14289433                   /home/gnome/.m2/repository/org/lwjgl/lwjgl-rpmalloc/3.1.5/lwjgl-rpmalloc-3.1.5.jar
7fb3e4019000-7fb3e401b000 r--s 00013000 08:05 14289448                   /home/gnome/.m2/repository/org/lwjgl/lwjgl-sse/3.1.5/lwjgl-sse-3.1.5-natives-windows.jar
7fb3e401b000-7fb3e401f000 r--s 00026000 08:05 14289358                   /home/gnome/.m2/repository/org/lwjgl/lwjgl-opencl/3.1.5/lwjgl-opencl-3.1.5.jar
7fb3e401f000-7fb3e4020000 r--s 0001f000 08:05 14289319                   /home/gnome/.m2/repository/org/lwjgl/lwjgl-jemalloc/3.1.5/lwjgl-jemalloc-3.1.5-natives-linux.jar
7fb3e4020000-7fb3e4021000 r--s 00002000 08:05 14289388                   /home/gnome/.m2/repository/org/lwjgl/lwjgl-rpmalloc/3.1.5/lwjgl-rpmalloc-3.1.5-natives-linux.jar
7fb3e4021000-7fb3e4023000 r--s 00011000 08:05 14289353                   /home/gnome/.m2/repository/org/lwjgl/lwjgl-openal/3.1.5/lwjgl-openal-3.1.5.jar
7fb3e4023000-7fb3e4024000 r--s 0001c000 08:05 14289326                   /home/gnome/.m2/repository/org/lwjgl/lwjgl-openvr/3.1.5/lwjgl-openvr-3.1.5-natives-linux.jar
7fb3e4024000-7fb3e4025000 r--s 0000a000 08:05 14289437                   /home/gnome/.m2/repository/org/lwjgl/lwjgl-yoga/3.1.5/lwjgl-yoga-3.1.5-natives-linux.jar
7fb3e4025000-7fb3e4027000 r--s 00048000 08:05 14289492                   /home/gnome/.m2/repository/org/lwjgl/lwjgl-zstd/3.1.5/lwjgl-zstd-3.1.5-natives-windows.jar
7fb3e4027000-7fb3e4028000 r--s 00000000 08:05 14289407                   /home/gnome/.m2/repository/org/lwjgl/lwjgl-sse/3.1.5/lwjgl-sse-3.1.5-natives-macos.jar
7fb3e4028000-7fb3e4029000 r--s 00015000 08:05 14289484                   /home/gnome/.m2/repository/org/lwjgl/lwjgl-xxhash/3.1.5/lwjgl-xxhash-3.1.5-natives-windows.jar
7fb3e4029000-7fb3e402a000 r--s 00104000 08:05 14289383                   /home/gnome/.m2/repository/org/lwjgl/lwjgl-openal/3.1.5/lwjgl-openal-3.1.5-natives-windows.jar
7fb3e402a000-7fb3e402c000 r--s 00005000 08:05 14289355                   /home/gnome/.m2/repository/org/lwjgl/lwjgl-lmdb/3.1.5/lwjgl-lmdb-3.1.5.jar
7fb3e402c000-7fb3e402e000 r--s 000a6000 08:05 14289322                   /home/gnome/.m2/repository/org/lwjgl/lwjgl-bgfx/3.1.5/lwjgl-bgfx-3.1.5-natives-windows.jar
7fb3e402e000-7fb3e4034000 r--s 0004e000 08:05 14289404                   /home/gnome/.m2/repository/org/lwjgl/lwjgl-opengles/3.1.5/lwjgl-opengles-3.1.5.jar
7fb3e4034000-7fb3e4035000 r--s 00001000 08:05 20188567                   /home/gnome/.m2/repository/org/clojure/tools.macro/0.1.5/tools.macro-0.1.5.jar
7fb3e4035000-7fb3e4038000 r--s 00024000 08:05 14289296                   /home/gnome/.m2/repository/org/lwjgl/lwjgl-bgfx/3.1.5/lwjgl-bgfx-3.1.5.jar
7fb3e4038000-7fb3e4042000 r--s 000be000 08:05 14289380                   /home/gnome/.m2/repository/org/lwjgl/lwjgl-opengl/3.1.5/lwjgl-opengl-3.1.5.jar
7fb3e4042000-7fb3e4043000 r--s 00016000 08:05 14289431                   /home/gnome/.m2/repository/org/lwjgl/lwjgl-rpmalloc/3.1.5/lwjgl-rpmalloc-3.1.5-natives-windows.jar
7fb3e4043000-7fb3e4044000 r--s 00009000 08:05 14289443                   /home/gnome/.m2/repository/org/lwjgl/lwjgl-tinyfd/3.1.5/lwjgl-tinyfd-3.1.5-natives-linux.jar
7fb3e4044000-7fb3e4045000 r--s 0001c000 08:05 14289370                   /home/gnome/.m2/repository/org/lwjgl/lwjgl-opengles/3.1.5/lwjgl-opengles-3.1.5-natives-windows.jar
7fb3e4045000-7fb3e4048000 r--s 00013000 08:05 14289541                   /home/gnome/.m2/repository/us/bpsm/edn-java/0.4.7/edn-java-0.4.7.jar
7fb3e4048000-7fb3e404a000 r--s 0000c000 08:05 14289491                   /home/gnome/.m2/repository/org/lwjgl/lwjgl-yoga/3.1.5/lwjgl-yoga-3.1.5.jar
7fb3e404a000-7fb3e404b000 r--s 0000c000 08:05 14289454                   /home/gnome/.m2/repository/org/lwjgl/lwjgl-tootle/3.1.5/lwjgl-tootle-3.1.5-natives-linux.jar
7fb3e404b000-7fb3e408e000 r--s 00332000 08:05 19532544                   /home/gnome/.m2/repository/org/clojure/clojure/1.8.0/clojure-1.8.0.jar
7fb3e408e000-7fb3e408f000 r--s 00031000 08:05 14289452                   /home/gnome/.m2/repository/org/lwjgl/lwjgl-tinyfd/3.1.5/lwjgl-tinyfd-3.1.5-natives-windows.jar
7fb3e408f000-7fb3e4090000 r--s 00064000 08:05 14289359                   /home/gnome/.m2/repository/org/lwjgl/lwjgl-openal/3.1.5/lwjgl-openal-3.1.5-natives-macos.jar
7fb3e4090000-7fb3e40ab000 r--s 001d6000 08:12 3937242                    /usr/lib/jvm/java-8-openjdk-amd64/jre/lib/ext/nashorn.jar
7fb3e40ab000-7fb3e40c6000 r--s 00394000 08:12 3937237                    /usr/lib/jvm/java-8-openjdk-amd64/jre/lib/ext/cldrdata.jar
7fb3e40c6000-7fb3e4a74000 rw-p 00000000 00:00 0 
7fb3e4a74000-7fb3e4c43000 r--s 03c2f000 08:12 3679688                    /usr/lib/jvm/java-8-openjdk-amd64/jre/lib/rt.jar
7fb3e4c43000-7fb3e7488000 rw-p 00000000 00:00 0 
7fb3e7488000-7fb3e7489000 ---p 00000000 00:00 0 
7fb3e7489000-7fb3e7589000 rw-p 00000000 00:00 0 
7fb3e7589000-7fb3e758a000 ---p 00000000 00:00 0 
7fb3e758a000-7fb3e768a000 rw-p 00000000 00:00 0 
7fb3e768a000-7fb3e768b000 ---p 00000000 00:00 0 
7fb3e768b000-7fb3e778b000 rw-p 00000000 00:00 0 
7fb3e778b000-7fb3e778c000 ---p 00000000 00:00 0 
7fb3e778c000-7fb3e789d000 rw-p 00000000 00:00 0 
7fb3e789d000-7fb3e79cc000 ---p 00000000 00:00 0 
7fb3e79cc000-7fb3e79dd000 rw-p 00000000 00:00 0 
7fb3e79dd000-7fb3e7b0b000 ---p 00000000 00:00 0 
7fb3e7b0b000-7fb3e7b6b000 rw-p 00000000 00:00 0 
7fb3e7b6b000-7fb3e7bab000 ---p 00000000 00:00 0 
7fb3e7bab000-7fb3e7bdc000 rw-p 00000000 00:00 0 
7fb3e7bdc000-7fb3e7f6c000 ---p 00000000 00:00 0 
7fb3e7f6c000-7fb3e8b6c000 rwxp 00000000 00:00 0 
7fb3e8b6c000-7fb3f6f6c000 ---p 00000000 00:00 0 
7fb3f6f6c000-7fb3f6f74000 r-xp 00000000 08:12 3679675                    /usr/lib/jvm/java-8-openjdk-amd64/jre/lib/amd64/libzip.so
7fb3f6f74000-7fb3f7173000 ---p 00008000 08:12 3679675                    /usr/lib/jvm/java-8-openjdk-amd64/jre/lib/amd64/libzip.so
7fb3f7173000-7fb3f7174000 r--p 00007000 08:12 3679675                    /usr/lib/jvm/java-8-openjdk-amd64/jre/lib/amd64/libzip.so
7fb3f7174000-7fb3f7175000 rw-p 00008000 08:12 3679675                    /usr/lib/jvm/java-8-openjdk-amd64/jre/lib/amd64/libzip.so
7fb3f7175000-7fb3f7180000 r-xp 00000000 08:12 6034014                    /lib/x86_64-linux-gnu/libnss_files-2.26.so
7fb3f7180000-7fb3f737f000 ---p 0000b000 08:12 6034014                    /lib/x86_64-linux-gnu/libnss_files-2.26.so
7fb3f737f000-7fb3f7380000 r--p 0000a000 08:12 6034014                    /lib/x86_64-linux-gnu/libnss_files-2.26.so
7fb3f7380000-7fb3f7381000 rw-p 0000b000 08:12 6034014                    /lib/x86_64-linux-gnu/libnss_files-2.26.so
7fb3f7381000-7fb3f7387000 rw-p 00000000 00:00 0 
7fb3f7387000-7fb3f7392000 r-xp 00000000 08:12 6034039                    /lib/x86_64-linux-gnu/libnss_nis-2.26.so
7fb3f7392000-7fb3f7591000 ---p 0000b000 08:12 6034039                    /lib/x86_64-linux-gnu/libnss_nis-2.26.so
7fb3f7591000-7fb3f7592000 r--p 0000a000 08:12 6034039                    /lib/x86_64-linux-gnu/libnss_nis-2.26.so
7fb3f7592000-7fb3f7593000 rw-p 0000b000 08:12 6034039                    /lib/x86_64-linux-gnu/libnss_nis-2.26.so
7fb3f7593000-7fb3f75aa000 r-xp 00000000 08:12 6033957                    /lib/x86_64-linux-gnu/libnsl-2.26.so
7fb3f75aa000-7fb3f77a9000 ---p 00017000 08:12 6033957                    /lib/x86_64-linux-gnu/libnsl-2.26.so
7fb3f77a9000-7fb3f77aa000 r--p 00016000 08:12 6033957                    /lib/x86_64-linux-gnu/libnsl-2.26.so
7fb3f77aa000-7fb3f77ab000 rw-p 00017000 08:12 6033957                    /lib/x86_64-linux-gnu/libnsl-2.26.so
7fb3f77ab000-7fb3f77ad000 rw-p 00000000 00:00 0 
7fb3f77ad000-7fb3f77b5000 r-xp 00000000 08:12 6033958                    /lib/x86_64-linux-gnu/libnss_compat-2.26.so
7fb3f77b5000-7fb3f79b4000 ---p 00008000 08:12 6033958                    /lib/x86_64-linux-gnu/libnss_compat-2.26.so
7fb3f79b4000-7fb3f79b5000 r--p 00007000 08:12 6033958                    /lib/x86_64-linux-gnu/libnss_compat-2.26.so
7fb3f79b5000-7fb3f79b6000 rw-p 00008000 08:12 6033958                    /lib/x86_64-linux-gnu/libnss_compat-2.26.so
7fb3f79b6000-7fb3f79e4000 r-xp 00000000 08:12 3679132                    /usr/lib/jvm/java-8-openjdk-amd64/jre/lib/amd64/libjava.so
7fb3f79e4000-7fb3f7be3000 ---p 0002e000 08:12 3679132                    /usr/lib/jvm/java-8-openjdk-amd64/jre/lib/amd64/libjava.so
7fb3f7be3000-7fb3f7be4000 r--p 0002d000 08:12 3679132                    /usr/lib/jvm/java-8-openjdk-amd64/jre/lib/amd64/libjava.so
7fb3f7be4000-7fb3f7be6000 rw-p 0002e000 08:12 3679132                    /usr/lib/jvm/java-8-openjdk-amd64/jre/lib/amd64/libjava.so
7fb3f7be6000-7fb3f7bf6000 r-xp 00000000 08:12 3679674                    /usr/lib/jvm/java-8-openjdk-amd64/jre/lib/amd64/libverify.so
7fb3f7bf6000-7fb3f7df5000 ---p 00010000 08:12 3679674                    /usr/lib/jvm/java-8-openjdk-amd64/jre/lib/amd64/libverify.so
7fb3f7df5000-7fb3f7df7000 r--p 0000f000 08:12 3679674                    /usr/lib/jvm/java-8-openjdk-amd64/jre/lib/amd64/libverify.so
7fb3f7df7000-7fb3f7df8000 rw-p 00011000 08:12 3679674                    /usr/lib/jvm/java-8-openjdk-amd64/jre/lib/amd64/libverify.so
7fb3f7df8000-7fb3f7dff000 r-xp 00000000 08:12 6034886                    /lib/x86_64-linux-gnu/librt-2.26.so
7fb3f7dff000-7fb3f7ffe000 ---p 00007000 08:12 6034886                    /lib/x86_64-linux-gnu/librt-2.26.so
7fb3f7ffe000-7fb3f7fff000 r--p 00006000 08:12 6034886                    /lib/x86_64-linux-gnu/librt-2.26.so
7fb3f7fff000-7fb3f8000000 rw-p 00007000 08:12 6034886                    /lib/x86_64-linux-gnu/librt-2.26.so
7fb3f8000000-7fb3f8cba000 rw-p 00000000 00:00 0 
7fb3f8cba000-7fb3fc000000 ---p 00000000 00:00 0 
7fb3fc000000-7fb3fc001000 r--s 00001000 08:05 14289419                   /home/gnome/.m2/repository/org/lwjgl/lwjgl-rpmalloc/3.1.5/lwjgl-rpmalloc-3.1.5-natives-macos.jar
7fb3fc001000-7fb3fc003000 r--s 00008000 08:12 3937243                    /usr/lib/jvm/java-8-openjdk-amd64/jre/lib/ext/sunec.jar
7fb3fc003000-7fb3fc006000 r--s 0000f000 08:12 3937239                    /usr/lib/jvm/java-8-openjdk-amd64/jre/lib/ext/icedtea-sound.jar
7fb3fc006000-7fb3fc008000 r--s 00001000 08:12 3937238                    /usr/lib/jvm/java-8-openjdk-amd64/jre/lib/ext/dnsns.jar
7fb3fc008000-7fb3fc012000 r--s 00116000 08:12 3937241                    /usr/lib/jvm/java-8-openjdk-amd64/jre/lib/ext/localedata.jar
7fb3fc012000-7fb3fc028000 r-xp 00000000 08:12 6029328                    /lib/x86_64-linux-gnu/libgcc_s.so.1
7fb3fc028000-7fb3fc227000 ---p 00016000 08:12 6029328                    /lib/x86_64-linux-gnu/libgcc_s.so.1
7fb3fc227000-7fb3fc228000 r--p 00015000 08:12 6029328                    /lib/x86_64-linux-gnu/libgcc_s.so.1
7fb3fc228000-7fb3fc229000 rw-p 00016000 08:12 6029328                    /lib/x86_64-linux-gnu/libgcc_s.so.1
7fb3fc229000-7fb3fc37e000 r-xp 00000000 08:12 6033919                    /lib/x86_64-linux-gnu/libm-2.26.so
7fb3fc37e000-7fb3fc57d000 ---p 00155000 08:12 6033919                    /lib/x86_64-linux-gnu/libm-2.26.so
7fb3fc57d000-7fb3fc57e000 r--p 00154000 08:12 6033919                    /lib/x86_64-linux-gnu/libm-2.26.so
7fb3fc57e000-7fb3fc57f000 rw-p 00155000 08:12 6033919                    /lib/x86_64-linux-gnu/libm-2.26.so
7fb3fc57f000-7fb3fc6f7000 r-xp 00000000 08:12 3539130                    /usr/lib/x86_64-linux-gnu/libstdc++.so.6.0.24
7fb3fc6f7000-7fb3fc8f6000 ---p 00178000 08:12 3539130                    /usr/lib/x86_64-linux-gnu/libstdc++.so.6.0.24
7fb3fc8f6000-7fb3fc900000 r--p 00177000 08:12 3539130                    /usr/lib/x86_64-linux-gnu/libstdc++.so.6.0.24
7fb3fc900000-7fb3fc902000 rw-p 00181000 08:12 3539130                    /usr/lib/x86_64-linux-gnu/libstdc++.so.6.0.24
7fb3fc902000-7fb3fc905000 rw-p 00000000 00:00 0 
7fb3fc905000-7fb3fd596000 r-xp 00000000 08:12 3937231                    /usr/lib/jvm/java-8-openjdk-amd64/jre/lib/amd64/server/libjvm.so
7fb3fd596000-7fb3fd796000 ---p 00c91000 08:12 3937231                    /usr/lib/jvm/java-8-openjdk-amd64/jre/lib/amd64/server/libjvm.so
7fb3fd796000-7fb3fd829000 r--p 00c91000 08:12 3937231                    /usr/lib/jvm/java-8-openjdk-amd64/jre/lib/amd64/server/libjvm.so
7fb3fd829000-7fb3fd851000 rw-p 00d24000 08:12 3937231                    /usr/lib/jvm/java-8-openjdk-amd64/jre/lib/amd64/server/libjvm.so
7fb3fd851000-7fb3fd882000 rw-p 00000000 00:00 0 
7fb3fd882000-7fb3fd89c000 r-xp 00000000 08:12 6034884                    /lib/x86_64-linux-gnu/libpthread-2.26.so
7fb3fd89c000-7fb3fda9b000 ---p 0001a000 08:12 6034884                    /lib/x86_64-linux-gnu/libpthread-2.26.so
7fb3fda9b000-7fb3fda9c000 r--p 00019000 08:12 6034884                    /lib/x86_64-linux-gnu/libpthread-2.26.so
7fb3fda9c000-7fb3fda9d000 rw-p 0001a000 08:12 6034884                    /lib/x86_64-linux-gnu/libpthread-2.26.so
7fb3fda9d000-7fb3fdaa1000 rw-p 00000000 00:00 0 
7fb3fdaa1000-7fb3fdaa4000 r-xp 00000000 08:12 6033918                    /lib/x86_64-linux-gnu/libdl-2.26.so
7fb3fdaa4000-7fb3fdca3000 ---p 00003000 08:12 6033918                    /lib/x86_64-linux-gnu/libdl-2.26.so
7fb3fdca3000-7fb3fdca4000 r--p 00002000 08:12 6033918                    /lib/x86_64-linux-gnu/libdl-2.26.so
7fb3fdca4000-7fb3fdca5000 rw-p 00003000 08:12 6033918                    /lib/x86_64-linux-gnu/libdl-2.26.so
7fb3fdca5000-7fb3fdcc1000 r-xp 00000000 08:12 6034076                    /lib/x86_64-linux-gnu/libz.so.1.2.11
7fb3fdcc1000-7fb3fdec0000 ---p 0001c000 08:12 6034076                    /lib/x86_64-linux-gnu/libz.so.1.2.11
7fb3fdec0000-7fb3fdec1000 r--p 0001b000 08:12 6034076                    /lib/x86_64-linux-gnu/libz.so.1.2.11
7fb3fdec1000-7fb3fdec2000 rw-p 0001c000 08:12 6034076                    /lib/x86_64-linux-gnu/libz.so.1.2.11
7fb3fdec2000-7fb3fe098000 r-xp 00000000 08:12 6033915                    /lib/x86_64-linux-gnu/libc-2.26.so
7fb3fe098000-7fb3fe298000 ---p 001d6000 08:12 6033915                    /lib/x86_64-linux-gnu/libc-2.26.so
7fb3fe298000-7fb3fe29c000 r--p 001d6000 08:12 6033915                    /lib/x86_64-linux-gnu/libc-2.26.so
7fb3fe29c000-7fb3fe29e000 rw-p 001da000 08:12 6033915                    /lib/x86_64-linux-gnu/libc-2.26.so
7fb3fe29e000-7fb3fe2a2000 rw-p 00000000 00:00 0 
7fb3fe2a2000-7fb3fe2b0000 r-xp 00000000 08:12 3679118                    /usr/lib/jvm/java-8-openjdk-amd64/jre/lib/amd64/jli/libjli.so
7fb3fe2b0000-7fb3fe4af000 ---p 0000e000 08:12 3679118                    /usr/lib/jvm/java-8-openjdk-amd64/jre/lib/amd64/jli/libjli.so
7fb3fe4af000-7fb3fe4b0000 r--p 0000d000 08:12 3679118                    /usr/lib/jvm/java-8-openjdk-amd64/jre/lib/amd64/jli/libjli.so
7fb3fe4b0000-7fb3fe4b1000 rw-p 0000e000 08:12 3679118                    /usr/lib/jvm/java-8-openjdk-amd64/jre/lib/amd64/jli/libjli.so
7fb3fe4b1000-7fb3fe4d8000 r-xp 00000000 08:12 6029336                    /lib/x86_64-linux-gnu/ld-2.26.so
7fb3fe4d8000-7fb3fe4d9000 r--s 00010000 08:12 3937246                    /usr/lib/jvm/java-8-openjdk-amd64/jre/lib/ext/zipfs.jar
7fb3fe4d9000-7fb3fe4da000 r--s 0000a000 08:12 3937240                    /usr/lib/jvm/java-8-openjdk-amd64/jre/lib/ext/jaccess.jar
7fb3fe4da000-7fb3fe4e0000 r--s 0003b000 08:12 3937244                    /usr/lib/jvm/java-8-openjdk-amd64/jre/lib/ext/sunjce_provider.jar
7fb3fe4e0000-7fb3fe4e3000 r--s 00038000 08:12 3937245                    /usr/lib/jvm/java-8-openjdk-amd64/jre/lib/ext/sunpkcs11.jar
7fb3fe4e3000-7fb3fe5b4000 rw-p 00000000 00:00 0 
7fb3fe5b4000-7fb3fe5b7000 ---p 00000000 00:00 0 
7fb3fe5b7000-7fb3fe6b7000 rw-p 00000000 00:00 0 
7fb3fe6b7000-7fb3fe6b9000 r--s 00007000 08:12 3940073                    /usr/share/java/java-atk-wrapper.jar
7fb3fe6b9000-7fb3fe6cc000 rw-p 00000000 00:00 0 
7fb3fe6cc000-7fb3fe6d4000 rw-s 00000000 08:07 129286                     /tmp/hsperfdata_gnome/11679
7fb3fe6d4000-7fb3fe6d5000 rw-p 00000000 00:00 0 
7fb3fe6d5000-7fb3fe6d6000 r--p 00000000 00:00 0 
7fb3fe6d6000-7fb3fe6d8000 rw-p 00000000 00:00 0 
7fb3fe6d8000-7fb3fe6d9000 r--p 00027000 08:12 6029336                    /lib/x86_64-linux-gnu/ld-2.26.so
7fb3fe6d9000-7fb3fe6da000 rw-p 00028000 08:12 6029336                    /lib/x86_64-linux-gnu/ld-2.26.so
7fb3fe6da000-7fb3fe6db000 rw-p 00000000 00:00 0 
7ffd741c0000-7ffd741e4000 rw-p 00000000 00:00 0                          [stack]
7ffd741e8000-7ffd741eb000 r--p 00000000 00:00 0                          [vvar]
7ffd741eb000-7ffd741ed000 r-xp 00000000 00:00 0                          [vdso]
ffffffffff600000-ffffffffff601000 r-xp 00000000 00:00 0                  [vsyscall]

VM Arguments:
jvm_args: -Dfile.encoding=UTF-8 -Dclojure.compile.path=/home/gnome/src/gmae-engine/target/classes -Dengine.version=0.4.0 -Dclojure.debug=false 
java_command: clojure.main -i /tmp/form-init5980629843014584250.clj
java_class_path (initial): /home/gnome/src/gmae-engine/test:/home/gnome/src/gmae-engine/src:/home/gnome/src/gmae-engine/dev-resources:/home/gnome/src/gmae-engine/resources:/home/gnome/src/gmae-engine/target/classes:/home/gnome/.m2/repository/org/lwjgl/lwjgl-rpmalloc/3.1.5/lwjgl-rpmalloc-3.1.5-natives-macos.jar:/home/gnome/.m2/repository/org/lwjgl/lwjgl-openal/3.1.5/lwjgl-openal-3.1.5-natives-macos.jar:/home/gnome/.m2/repository/org/lwjgl/lwjgl-tinyfd/3.1.5/lwjgl-tinyfd-3.1.5-natives-windows.jar:/home/gnome/.m2/repository/org/clojure/clojure/1.8.0/clojure-1.8.0.jar:/home/gnome/.m2/repository/org/lwjgl/lwjgl-tootle/3.1.5/lwjgl-tootle-3.1.5-natives-linux.jar:/home/gnome/.m2/repository/org/lwjgl/lwjgl-yoga/3.1.5/lwjgl-yoga-3.1.5.jar:/home/gnome/.m2/repository/us/bpsm/edn-java/0.4.7/edn-java-0.4.7.jar:/home/gnome/.m2/repository/org/lwjgl/lwjgl-opengles/3.1.5/lwjgl-opengles-3.1.5-natives-windows.jar:/home/gnome/.m2/repository/org/lwjgl/lwjgl-tinyfd/3.1.5/lwjgl-tinyfd-3.1.5-natives-linux.jar:/home/gnome/.m2/repository/org/lwjgl/lwjgl-rpmalloc/3.1.5/lwjgl-rpmalloc-3.1.5-natives-windows.jar:/home/gnome/.m2/repository/org/lwjgl/lwjgl-opengl/3.1.5/lwjgl-opengl-3.1.5.jar:/home/gnome/.m2/repository/org/lwjgl/lwjgl-bgfx/3.1.5/lwjgl-bgfx-3.1.5.jar:/home/gnome/.m2/repository/org/clojure/tools.macro/0.1.5/tools.macro-0.1.5.jar:/home/gnome/.m2/repository/org/lwjgl/lwjgl-opengles/3.1.5/lwjgl-opengles-3.1.5.jar:/home/gnome/.m2/repository/org/lwjgl/lwjgl-bgfx/3.1.5/lwjgl-bgfx-3.1.5-natives-windows.jar:/home/gnome/.m2/repository/org/lwjgl/lwjgl-lmdb/3.1.5/lwjgl-lmdb-3.1.5.jar:/home/gnome/.m2/repository/org/lwjgl/lwjgl-openal/3.1.5/lwjgl-openal-3.1.5-natives-windows.jar:/home/gnome/.m2/repository/org/lwjgl/lwjgl-xxhash/3.1.5/lwjgl-xxhash-3.1.5-natives-windows.jar:/home/gnome/.m2/repository/org/lwjgl/lwjgl-sse/3.1.5/lwjgl-sse-3.1.5-natives-macos.jar:/home/gnome/.m2/repository/org/lwjgl/lwjgl-zstd/3.1.5/lwjgl-zstd-3.1.5-natives-windows.jar:/home/gnome/.m2/repository/org/lwjgl/lwjgl-yoga/3
Launcher Type: SUN_STANDARD

Environment Variables:
CLASSPATH=/home/gnome/.lein/self-installs/leiningen-2.8.1-standalone.jar
PATH=/home/gnome/.sdkman/candidates/gradle/current/bin:/home/gnome/bin:/usr/local/bin:/home/gnome/.local/bin:/home/gnome/.go/bin:/home/gnome/.cargo/bin:/home/gnome/bin:/usr/local/bin:/usr/bin:/bin:/usr/local/games:/usr/games:/snap/bin:/home/gnome/.go-root/bin
SHELL=/usr/bin/zsh
DISPLAY=:0.0

Signal Handlers:
SIGSEGV: [libjvm.so+0xaabe00], sa_mask[0]=11111111011111111101111111111110, sa_flags=SA_RESTART|SA_SIGINFO
SIGBUS: [libjvm.so+0xaabe00], sa_mask[0]=11111111011111111101111111111110, sa_flags=SA_RESTART|SA_SIGINFO
SIGFPE: [libjvm.so+0x8e1dd0], sa_mask[0]=11111111011111111101111111111110, sa_flags=SA_RESTART|SA_SIGINFO
SIGPIPE: [libjvm.so+0x8e1dd0], sa_mask[0]=11111111011111111101111111111110, sa_flags=SA_RESTART|SA_SIGINFO
SIGXFSZ: [libjvm.so+0x8e1dd0], sa_mask[0]=11111111011111111101111111111110, sa_flags=SA_RESTART|SA_SIGINFO
SIGILL: [libjvm.so+0x8e1dd0], sa_mask[0]=11111111011111111101111111111110, sa_flags=SA_RESTART|SA_SIGINFO
SIGUSR1: SIG_DFL, sa_mask[0]=00000000000000000000000000000000, sa_flags=none
SIGUSR2: [libjvm.so+0x8e1c80], sa_mask[0]=00100000000000000000000000000000, sa_flags=SA_RESTART|SA_SIGINFO
SIGHUP: [libjvm.so+0x8e2130], sa_mask[0]=11111111011111111101111111111110, sa_flags=SA_RESTART|SA_SIGINFO
SIGINT: [libjvm.so+0x8e2130], sa_mask[0]=11111111011111111101111111111110, sa_flags=SA_RESTART|SA_SIGINFO
SIGTERM: [libjvm.so+0x8e2130], sa_mask[0]=11111111011111111101111111111110, sa_flags=SA_RESTART|SA_SIGINFO
SIGQUIT: [libjvm.so+0x8e2130], sa_mask[0]=11111111011111111101111111111110, sa_flags=SA_RESTART|SA_SIGINFO


---------------  S Y S T E M  ---------------

OS:DISTRIB_ID=Ubuntu
DISTRIB_RELEASE=17.10
DISTRIB_CODENAME=artful
DISTRIB_DESCRIPTION="Ubuntu 17.10"

uname:Linux 4.13.0-41-generic #46-Ubuntu SMP Wed May 2 13:38:30 UTC 2018 x86_64
libc:glibc 2.26 NPTL 2.26 
rlimit: STACK 8192k, CORE 0k, NPROC 14939, NOFILE 1048576, AS infinity
load average:3.38 3.75 3.57

/proc/meminfo:
MemTotal:        3920528 kB
MemFree:          888952 kB
MemAvailable:    1556988 kB
Buffers:           71956 kB
Cached:           594140 kB
SwapCached:         2692 kB
Active:          1866680 kB
Inactive:         922356 kB
Active(anon):    1483476 kB
Inactive(anon):   461336 kB
Active(file):     383204 kB
Inactive(file):   461020 kB
Unevictable:           0 kB
Mlocked:               0 kB
SwapTotal:       8191484 kB
SwapFree:        8169492 kB
Dirty:               900 kB
Writeback:             0 kB
AnonPages:       2121748 kB
Mapped:           342380 kB
Shmem:            267028 kB
Slab:             127808 kB
SReclaimable:      62856 kB
SUnreclaim:        64952 kB
KernelStack:        9104 kB
PageTables:        29000 kB
NFS_Unstable:          0 kB
Bounce:                0 kB
WritebackTmp:          0 kB
CommitLimit:    10151748 kB
Committed_AS:    6466428 kB
VmallocTotal:   34359738367 kB
VmallocUsed:           0 kB
VmallocChunk:          0 kB
HardwareCorrupted:     0 kB
AnonHugePages:         0 kB
ShmemHugePages:        0 kB
ShmemPmdMapped:        0 kB
CmaTotal:              0 kB
CmaFree:               0 kB
HugePages_Total:       0
HugePages_Free:        0
HugePages_Rsvd:        0
HugePages_Surp:        0
Hugepagesize:       2048 kB
DirectMap4k:      159236 kB
DirectMap2M:     3915776 kB
DirectMap1G:           0 kB


CPU:total 4 (initial active 4) (2 cores per cpu, 2 threads per core) family 6 model 142 stepping 9, cmov, cx8, fxsr, mmx, sse, sse2, sse3, ssse3, sse4.1, sse4.2, popcnt, avx, avx2, aes, clmul, erms, 3dnowpref, lzcnt, ht, tsc, tscinvbit, bmi1, bmi2, adx

/proc/cpuinfo:
processor	: 0
vendor_id	: GenuineIntel
cpu family	: 6
model		: 142
model name	: Intel(R) Core(TM) i3-7100U CPU @ 2.40GHz
stepping	: 9
microcode	: 0x4e
cpu MHz		: 2400.000
cache size	: 3072 KB
physical id	: 0
siblings	: 4
core id		: 0
cpu cores	: 2
apicid		: 0
initial apicid	: 0
fpu		: yes
fpu_exception	: yes
cpuid level	: 22
wp		: yes
flags		: fpu vme de pse tsc msr pae mce cx8 apic sep mtrr pge mca cmov pat pse36 clflush dts acpi mmx fxsr sse sse2 ss ht tm pbe syscall nx pdpe1gb rdtscp lm constant_tsc art arch_perfmon pebs bts rep_good nopl xtopology nonstop_tsc cpuid aperfmperf tsc_known_freq pni pclmulqdq dtes64 monitor ds_cpl vmx est tm2 ssse3 sdbg fma cx16 xtpr pdcm pcid sse4_1 sse4_2 x2apic movbe popcnt aes xsave avx f16c rdrand lahf_lm abm 3dnowprefetch cpuid_fault epb invpcid_single pti retpoline intel_pt rsb_ctxsw tpr_shadow vnmi flexpriority ept vpid fsgsbase tsc_adjust bmi1 avx2 smep bmi2 erms invpcid mpx rdseed adx smap clflushopt xsaveopt xsavec xgetbv1 xsaves dtherm arat pln pts hwp hwp_notify hwp_act_window hwp_epp
bugs		: cpu_meltdown spectre_v1 spectre_v2
bogomips	: 4800.00
clflush size	: 64
cache_alignment	: 64
address sizes	: 39 bits physical, 48 bits virtual
power management:

processor	: 1
vendor_id	: GenuineIntel
cpu family	: 6
model		: 142
model name	: Intel(R) Core(TM) i3-7100U CPU @ 2.40GHz
stepping	: 9
microcode	: 0x4e
cpu MHz		: 2400.000
cache size	: 3072 KB
physical id	: 0
siblings	: 4
core id		: 1
cpu cores	: 2
apicid		: 2
initial apicid	: 2
fpu		: yes
fpu_exception	: yes
cpuid level	: 22
wp		: yes
flags		: fpu vme de pse tsc msr pae mce cx8 apic sep mtrr pge mca cmov pat pse36 clflush dts acpi mmx fxsr sse sse2 ss ht tm pbe syscall nx pdpe1gb rdtscp lm constant_tsc art arch_perfmon pebs bts rep_good nopl xtopology nonstop_tsc cpuid aperfmperf tsc_known_freq pni pclmulqdq dtes64 monitor ds_cpl vmx est tm2 ssse3 sdbg fma cx16 xtpr pdcm pcid sse4_1 sse4_2 x2apic movbe popcnt aes xsave avx f16c rdrand lahf_lm abm 3dnowprefetch cpuid_fault epb invpcid_single pti retpoline intel_pt rsb_ctxsw tpr_shadow vnmi flexpriority ept vpid fsgsbase tsc_adjust bmi1 avx2 smep bmi2 erms invpcid mpx rdseed adx smap clflushopt xsaveopt xsavec xgetbv1 xsaves dtherm arat pln pts hwp hwp_notify hwp_act_window hwp_epp
bugs		: cpu_meltdown spectre_v1 spectre_v2
bogomips	: 4800.00
clflush size	: 64
cache_alignment	: 64
address sizes	: 39 bits physical, 48 bits virtual
power management:

processor	: 2
vendor_id	: GenuineIntel
cpu family	: 6
model		: 142
model name	: Intel(R) Core(TM) i3-7100U CPU @ 2.40GHz
stepping	: 9
microcode	: 0x4e
cpu MHz		: 2400.000
cache size	: 3072 KB
physical id	: 0
siblings	: 4
core id		: 0
cpu cores	: 2
apicid		: 1
initial apicid	: 1
fpu		: yes
fpu_exception	: yes
cpuid level	: 22
wp		: yes
flags		: fpu vme de pse tsc msr pae mce cx8 apic sep mtrr pge mca cmov pat pse36 clflush dts acpi mmx fxsr sse sse2 ss ht tm pbe syscall nx pdpe1gb rdtscp lm constant_tsc art arch_perfmon pebs bts rep_good nopl xtopology nonstop_tsc cpuid aperfmperf tsc_known_freq pni pclmulqdq dtes64 monitor ds_cpl vmx est tm2 ssse3 sdbg fma cx16 xtpr pdcm pcid sse4_1 sse4_2 x2apic movbe popcnt aes xsave avx f16c rdrand lahf_lm abm 3dnowprefetch cpuid_fault epb invpcid_single pti retpoline intel_pt rsb_ctxsw tpr_shadow vnmi flexpriority ept vpid fsgsbase tsc_adjust bmi1 avx2 smep bmi2 erms invpcid mpx rdseed adx smap clflushopt xsaveopt xsavec xgetbv1 xsaves dtherm arat pln pts hwp hwp_notify hwp_act_window hwp_epp
bugs		: cpu_meltdown spectre_v1 spectre_v2
bogomips	: 4800.00
clflush size	: 64
cache_alignment	: 64
address sizes	: 39 bits physical, 48 bits virtual
power management:

processor	: 3
vendor_id	: GenuineIntel
cpu family	: 6
model		: 142
model name	: Intel(R) Core(TM) i3-7100U CPU @ 2.40GHz
stepping	: 9
microcode	: 0x4e
cpu MHz		: 2400.000
cache size	: 3072 KB
physical id	: 0
siblings	: 4
core id		: 1
cpu cores	: 2
apicid		: 3
initial apicid	: 3
fpu		: yes
fpu_exception	: yes
cpuid level	: 22
wp		: yes
flags		: fpu vme de pse tsc msr pae mce cx8 apic sep mtrr pge mca cmov pat pse36 clflush dts acpi mmx fxsr sse sse2 ss ht tm pbe syscall nx pdpe1gb rdtscp lm constant_tsc art arch_perfmon pebs bts rep_good nopl xtopology nonstop_tsc cpuid aperfmperf tsc_known_freq pni pclmulqdq dtes64 monitor ds_cpl vmx est tm2 ssse3 sdbg fma cx16 xtpr pdcm pcid sse4_1 sse4_2 x2apic movbe popcnt aes xsave avx f16c rdrand lahf_lm abm 3dnowprefetch cpuid_fault epb invpcid_single pti retpoline intel_pt rsb_ctxsw tpr_shadow vnmi flexpriority ept vpid fsgsbase tsc_adjust bmi1 avx2 smep bmi2 erms invpcid mpx rdseed adx smap clflushopt xsaveopt xsavec xgetbv1 xsaves dtherm arat pln pts hwp hwp_notify hwp_act_window hwp_epp
bugs		: cpu_meltdown spectre_v1 spectre_v2
bogomips	: 4800.00
clflush size	: 64
cache_alignment	: 64
address sizes	: 39 bits physical, 48 bits virtual
power management:



Memory: 4k page, physical 3920528k(889076k free), swap 8191484k(8169492k free)

vm_info: OpenJDK 64-Bit Server VM (25.171-b11) for linux-amd64 JRE (1.8.0_171-8u171-b11-0ubuntu0.17.10.1-b11), built on Apr 26 2018 15:59:34 by "buildd" with gcc 7.2.0

time: Sun May 20 17:30:29 2018
elapsed time: 212 seconds (0d 0h 3m 32s)

